INFO - 2023-03-12 05:11:13 --> Session: Class initialized using 'CodeIgniter\Session\Handlers\FileHandler' driver.
WARNING - 2023-03-12 05:11:13 --> [DEPRECATED] Creation of dynamic property App\Controllers\Auth::$ModelAuth is deprecated in APPPATH\Controllers\Auth.php on line 12.
 1 SYSTEMPATH\CodeIgniter.php(906): App\Controllers\Auth->__construct()
 2 SYSTEMPATH\CodeIgniter.php(490): CodeIgniter\CodeIgniter->createController()
 3 SYSTEMPATH\CodeIgniter.php(368): CodeIgniter\CodeIgniter->handleRequest(null, Object(Config\Cache), false)
 4 FCPATH\index.php(67): CodeIgniter\CodeIgniter->run()
 5 SYSTEMPATH\Commands\Server\rewrite.php(47): require_once('FCPATH\\index.php')
INFO - 2023-03-12 05:11:13 --> Session: Class initialized using 'CodeIgniter\Session\Handlers\FileHandler' driver.
INFO - 2023-03-12 05:11:14 --> Session: Class initialized using 'CodeIgniter\Session\Handlers\FileHandler' driver.
WARNING - 2023-03-12 05:11:14 --> [DEPRECATED] Creation of dynamic property App\Controllers\Auth::$ModelAuth is deprecated in APPPATH\Controllers\Auth.php on line 12.
 1 SYSTEMPATH\CodeIgniter.php(906): App\Controllers\Auth->__construct()
 2 SYSTEMPATH\CodeIgniter.php(490): CodeIgniter\CodeIgniter->createController()
 3 SYSTEMPATH\CodeIgniter.php(368): CodeIgniter\CodeIgniter->handleRequest(null, Object(Config\Cache), false)
 4 FCPATH\index.php(67): CodeIgniter\CodeIgniter->run()
 5 SYSTEMPATH\Commands\Server\rewrite.php(47): require_once('FCPATH\\index.php')
INFO - 2023-03-12 05:11:14 --> Session: Class initialized using 'CodeIgniter\Session\Handlers\FileHandler' driver.
WARNING - 2023-03-12 05:11:17 --> [DEPRECATED] Creation of dynamic property App\Controllers\Auth::$ModelAuth is deprecated in APPPATH\Controllers\Auth.php on line 12.
 1 SYSTEMPATH\CodeIgniter.php(906): App\Controllers\Auth->__construct()
 2 SYSTEMPATH\CodeIgniter.php(490): CodeIgniter\CodeIgniter->createController()
 3 SYSTEMPATH\CodeIgniter.php(368): CodeIgniter\CodeIgniter->handleRequest(null, Object(Config\Cache), false)
 4 FCPATH\index.php(67): CodeIgniter\CodeIgniter->run()
 5 SYSTEMPATH\Commands\Server\rewrite.php(47): require_once('FCPATH\\index.php')
WARNING - 2023-03-12 05:11:20 --> [DEPRECATED] Creation of dynamic property App\Controllers\Auth::$ModelAuth is deprecated in APPPATH\Controllers\Auth.php on line 12.
 1 SYSTEMPATH\CodeIgniter.php(906): App\Controllers\Auth->__construct()
 2 SYSTEMPATH\CodeIgniter.php(490): CodeIgniter\CodeIgniter->createController()
 3 SYSTEMPATH\CodeIgniter.php(368): CodeIgniter\CodeIgniter->handleRequest(null, Object(Config\Cache), false)
 4 FCPATH\index.php(67): CodeIgniter\CodeIgniter->run()
 5 SYSTEMPATH\Commands\Server\rewrite.php(47): require_once('FCPATH\\index.php')
INFO - 2023-03-12 05:11:20 --> Session: Class initialized using 'CodeIgniter\Session\Handlers\FileHandler' driver.
WARNING - 2023-03-12 05:11:27 --> [DEPRECATED] Creation of dynamic property App\Controllers\Auth::$ModelAuth is deprecated in APPPATH\Controllers\Auth.php on line 12.
 1 SYSTEMPATH\CodeIgniter.php(906): App\Controllers\Auth->__construct()
 2 SYSTEMPATH\CodeIgniter.php(490): CodeIgniter\CodeIgniter->createController()
 3 SYSTEMPATH\CodeIgniter.php(368): CodeIgniter\CodeIgniter->handleRequest(null, Object(Config\Cache), false)
 4 FCPATH\index.php(67): CodeIgniter\CodeIgniter->run()
 5 SYSTEMPATH\Commands\Server\rewrite.php(47): require_once('FCPATH\\index.php')
INFO - 2023-03-12 05:11:27 --> Session: Class initialized using 'CodeIgniter\Session\Handlers\FileHandler' driver.
INFO - 2023-03-12 05:11:27 --> Session: Class initialized using 'CodeIgniter\Session\Handlers\FileHandler' driver.
INFO - 2023-03-12 05:11:39 --> Session: Class initialized using 'CodeIgniter\Session\Handlers\FileHandler' driver.
WARNING - 2023-03-12 05:11:39 --> [DEPRECATED] Creation of dynamic property App\Controllers\Kategori::$ModelKategori is deprecated in APPPATH\Controllers\Kategori.php on line 15.
 1 SYSTEMPATH\CodeIgniter.php(906): App\Controllers\Kategori->__construct()
 2 SYSTEMPATH\CodeIgniter.php(490): CodeIgniter\CodeIgniter->createController()
 3 SYSTEMPATH\CodeIgniter.php(368): CodeIgniter\CodeIgniter->handleRequest(null, Object(Config\Cache), false)
 4 FCPATH\index.php(67): CodeIgniter\CodeIgniter->run()
 5 SYSTEMPATH\Commands\Server\rewrite.php(47): require_once('FCPATH\\index.php')
INFO - 2023-03-12 05:11:41 --> Session: Class initialized using 'CodeIgniter\Session\Handlers\FileHandler' driver.
INFO - 2023-03-12 05:11:46 --> Session: Class initialized using 'CodeIgniter\Session\Handlers\FileHandler' driver.
WARNING - 2023-03-12 05:11:46 --> [DEPRECATED] Creation of dynamic property App\Controllers\Kategori::$ModelKategori is deprecated in APPPATH\Controllers\Kategori.php on line 15.
 1 SYSTEMPATH\CodeIgniter.php(906): App\Controllers\Kategori->__construct()
 2 SYSTEMPATH\CodeIgniter.php(490): CodeIgniter\CodeIgniter->createController()
 3 SYSTEMPATH\CodeIgniter.php(368): CodeIgniter\CodeIgniter->handleRequest(null, Object(Config\Cache), false)
 4 FCPATH\index.php(67): CodeIgniter\CodeIgniter->run()
 5 SYSTEMPATH\Commands\Server\rewrite.php(47): require_once('FCPATH\\index.php')
INFO - 2023-03-12 05:12:03 --> Session: Class initialized using 'CodeIgniter\Session\Handlers\FileHandler' driver.
INFO - 2023-03-12 05:13:46 --> Session: Class initialized using 'CodeIgniter\Session\Handlers\FileHandler' driver.
INFO - 2023-03-12 06:24:44 --> Session: Class initialized using 'CodeIgniter\Session\Handlers\FileHandler' driver.
INFO - 2023-03-12 06:29:12 --> Session: Class initialized using 'CodeIgniter\Session\Handlers\FileHandler' driver.
WARNING - 2023-03-12 06:29:13 --> [DEPRECATED] Creation of dynamic property App\Controllers\Kategori::$ModelKategori is deprecated in APPPATH\Controllers\Kategori.php on line 15.
 1 SYSTEMPATH\CodeIgniter.php(906): App\Controllers\Kategori->__construct()
 2 SYSTEMPATH\CodeIgniter.php(490): CodeIgniter\CodeIgniter->createController()
 3 SYSTEMPATH\CodeIgniter.php(368): CodeIgniter\CodeIgniter->handleRequest(null, Object(Config\Cache), false)
 4 FCPATH\index.php(67): CodeIgniter\CodeIgniter->run()
 5 SYSTEMPATH\Commands\Server\rewrite.php(47): require_once('FCPATH\\index.php')
INFO - 2023-03-12 06:29:14 --> Session: Class initialized using 'CodeIgniter\Session\Handlers\FileHandler' driver.
WARNING - 2023-03-12 06:29:14 --> [DEPRECATED] Creation of dynamic property App\Controllers\Kategori::$ModelKategori is deprecated in APPPATH\Controllers\Kategori.php on line 15.
 1 SYSTEMPATH\CodeIgniter.php(906): App\Controllers\Kategori->__construct()
 2 SYSTEMPATH\CodeIgniter.php(490): CodeIgniter\CodeIgniter->createController()
 3 SYSTEMPATH\CodeIgniter.php(368): CodeIgniter\CodeIgniter->handleRequest(null, Object(Config\Cache), false)
 4 FCPATH\index.php(67): CodeIgniter\CodeIgniter->run()
 5 SYSTEMPATH\Commands\Server\rewrite.php(47): require_once('FCPATH\\index.php')
INFO - 2023-03-12 06:29:14 --> Session: Class initialized using 'CodeIgniter\Session\Handlers\FileHandler' driver.
WARNING - 2023-03-12 06:29:14 --> [DEPRECATED] Creation of dynamic property App\Controllers\Kategori::$ModelKategori is deprecated in APPPATH\Controllers\Kategori.php on line 15.
 1 SYSTEMPATH\CodeIgniter.php(906): App\Controllers\Kategori->__construct()
 2 SYSTEMPATH\CodeIgniter.php(490): CodeIgniter\CodeIgniter->createController()
 3 SYSTEMPATH\CodeIgniter.php(368): CodeIgniter\CodeIgniter->handleRequest(null, Object(Config\Cache), false)
 4 FCPATH\index.php(67): CodeIgniter\CodeIgniter->run()
 5 SYSTEMPATH\Commands\Server\rewrite.php(47): require_once('FCPATH\\index.php')
INFO - 2023-03-12 06:29:23 --> Session: Class initialized using 'CodeIgniter\Session\Handlers\FileHandler' driver.
INFO - 2023-03-12 06:29:55 --> Session: Class initialized using 'CodeIgniter\Session\Handlers\FileHandler' driver.
INFO - 2023-03-12 06:30:30 --> Session: Class initialized using 'CodeIgniter\Session\Handlers\FileHandler' driver.
INFO - 2023-03-12 06:31:17 --> Session: Class initialized using 'CodeIgniter\Session\Handlers\FileHandler' driver.
INFO - 2023-03-12 06:31:20 --> Session: Class initialized using 'CodeIgniter\Session\Handlers\FileHandler' driver.
WARNING - 2023-03-12 06:31:20 --> [DEPRECATED] Creation of dynamic property App\Controllers\Kategori::$ModelKategori is deprecated in APPPATH\Controllers\Kategori.php on line 15.
 1 SYSTEMPATH\CodeIgniter.php(906): App\Controllers\Kategori->__construct()
 2 SYSTEMPATH\CodeIgniter.php(490): CodeIgniter\CodeIgniter->createController()
 3 SYSTEMPATH\CodeIgniter.php(368): CodeIgniter\CodeIgniter->handleRequest(null, Object(Config\Cache), false)
 4 FCPATH\index.php(67): CodeIgniter\CodeIgniter->run()
 5 SYSTEMPATH\Commands\Server\rewrite.php(47): require_once('FCPATH\\index.php')
INFO - 2023-03-12 06:31:30 --> Session: Class initialized using 'CodeIgniter\Session\Handlers\FileHandler' driver.
INFO - 2023-03-12 06:32:53 --> Session: Class initialized using 'CodeIgniter\Session\Handlers\FileHandler' driver.
INFO - 2023-03-12 06:32:57 --> Session: Class initialized using 'CodeIgniter\Session\Handlers\FileHandler' driver.
WARNING - 2023-03-12 06:32:57 --> [DEPRECATED] Creation of dynamic property App\Controllers\Rak::$ModelRak is deprecated in APPPATH\Controllers\Rak.php on line 14.
 1 SYSTEMPATH\CodeIgniter.php(906): App\Controllers\Rak->__construct()
 2 SYSTEMPATH\CodeIgniter.php(490): CodeIgniter\CodeIgniter->createController()
 3 SYSTEMPATH\CodeIgniter.php(368): CodeIgniter\CodeIgniter->handleRequest(null, Object(Config\Cache), false)
 4 FCPATH\index.php(67): CodeIgniter\CodeIgniter->run()
 5 SYSTEMPATH\Commands\Server\rewrite.php(47): require_once('FCPATH\\index.php')
CRITICAL - 2023-03-12 06:32:57 --> Undefined variable $menu
in APPPATH\Views\v_template_admin.php on line 89.
 1 APPPATH\Views\v_template_admin.php(89): CodeIgniter\Debug\Exceptions->errorHandler(2, 'Undefined variable $menu', 'APPPATH\\Views\\v_template_admin.php', 89)
 2 SYSTEMPATH\View\View.php(213): include('APPPATH\\Views\\v_template_admin.php')
 3 SYSTEMPATH\View\View.php(216): CodeIgniter\View\View->CodeIgniter\View\{closure}()
 4 SYSTEMPATH\Common.php(1177): CodeIgniter\View\View->render('v_template_admin', [], true)
 5 APPPATH\Controllers\Rak.php(24): view('v_template_admin', [...])
 6 SYSTEMPATH\CodeIgniter.php(934): App\Controllers\Rak->index()
 7 SYSTEMPATH\CodeIgniter.php(499): CodeIgniter\CodeIgniter->runController(Object(App\Controllers\Rak))
 8 SYSTEMPATH\CodeIgniter.php(368): CodeIgniter\CodeIgniter->handleRequest(null, Object(Config\Cache), false)
 9 FCPATH\index.php(67): CodeIgniter\CodeIgniter->run()
10 SYSTEMPATH\Commands\Server\rewrite.php(47): require_once('FCPATH\\index.php')
INFO - 2023-03-12 06:33:01 --> Session: Class initialized using 'CodeIgniter\Session\Handlers\FileHandler' driver.
INFO - 2023-03-12 06:33:05 --> Session: Class initialized using 'CodeIgniter\Session\Handlers\FileHandler' driver.
WARNING - 2023-03-12 06:33:05 --> [DEPRECATED] Creation of dynamic property App\Controllers\Kategori::$ModelKategori is deprecated in APPPATH\Controllers\Kategori.php on line 15.
 1 SYSTEMPATH\CodeIgniter.php(906): App\Controllers\Kategori->__construct()
 2 SYSTEMPATH\CodeIgniter.php(490): CodeIgniter\CodeIgniter->createController()
 3 SYSTEMPATH\CodeIgniter.php(368): CodeIgniter\CodeIgniter->handleRequest(null, Object(Config\Cache), false)
 4 FCPATH\index.php(67): CodeIgniter\CodeIgniter->run()
 5 SYSTEMPATH\Commands\Server\rewrite.php(47): require_once('FCPATH\\index.php')
INFO - 2023-03-12 06:33:15 --> Session: Class initialized using 'CodeIgniter\Session\Handlers\FileHandler' driver.
INFO - 2023-03-12 06:33:23 --> Session: Class initialized using 'CodeIgniter\Session\Handlers\FileHandler' driver.
WARNING - 2023-03-12 06:33:23 --> [DEPRECATED] Creation of dynamic property App\Controllers\Rak::$ModelRak is deprecated in APPPATH\Controllers\Rak.php on line 14.
 1 SYSTEMPATH\CodeIgniter.php(906): App\Controllers\Rak->__construct()
 2 SYSTEMPATH\CodeIgniter.php(490): CodeIgniter\CodeIgniter->createController()
 3 SYSTEMPATH\CodeIgniter.php(368): CodeIgniter\CodeIgniter->handleRequest(null, Object(Config\Cache), false)
 4 FCPATH\index.php(67): CodeIgniter\CodeIgniter->run()
 5 SYSTEMPATH\Commands\Server\rewrite.php(47): require_once('FCPATH\\index.php')
CRITICAL - 2023-03-12 06:33:23 --> Undefined variable $menu
in APPPATH\Views\v_template_admin.php on line 89.
 1 APPPATH\Views\v_template_admin.php(89): CodeIgniter\Debug\Exceptions->errorHandler(2, 'Undefined variable $menu', 'APPPATH\\Views\\v_template_admin.php', 89)
 2 SYSTEMPATH\View\View.php(213): include('APPPATH\\Views\\v_template_admin.php')
 3 SYSTEMPATH\View\View.php(216): CodeIgniter\View\View->CodeIgniter\View\{closure}()
 4 SYSTEMPATH\Common.php(1177): CodeIgniter\View\View->render('v_template_admin', [], true)
 5 APPPATH\Controllers\Rak.php(24): view('v_template_admin', [...])
 6 SYSTEMPATH\CodeIgniter.php(934): App\Controllers\Rak->index()
 7 SYSTEMPATH\CodeIgniter.php(499): CodeIgniter\CodeIgniter->runController(Object(App\Controllers\Rak))
 8 SYSTEMPATH\CodeIgniter.php(368): CodeIgniter\CodeIgniter->handleRequest(null, Object(Config\Cache), false)
 9 FCPATH\index.php(67): CodeIgniter\CodeIgniter->run()
10 SYSTEMPATH\Commands\Server\rewrite.php(47): require_once('FCPATH\\index.php')
INFO - 2023-03-12 06:33:27 --> Session: Class initialized using 'CodeIgniter\Session\Handlers\FileHandler' driver.
INFO - 2023-03-12 06:34:37 --> Session: Class initialized using 'CodeIgniter\Session\Handlers\FileHandler' driver.
INFO - 2023-03-12 06:34:42 --> Session: Class initialized using 'CodeIgniter\Session\Handlers\FileHandler' driver.
WARNING - 2023-03-12 06:34:42 --> [DEPRECATED] Creation of dynamic property App\Controllers\Kategori::$ModelKategori is deprecated in APPPATH\Controllers\Kategori.php on line 15.
 1 SYSTEMPATH\CodeIgniter.php(906): App\Controllers\Kategori->__construct()
 2 SYSTEMPATH\CodeIgniter.php(490): CodeIgniter\CodeIgniter->createController()
 3 SYSTEMPATH\CodeIgniter.php(368): CodeIgniter\CodeIgniter->handleRequest(null, Object(Config\Cache), false)
 4 FCPATH\index.php(67): CodeIgniter\CodeIgniter->run()
 5 SYSTEMPATH\Commands\Server\rewrite.php(47): require_once('FCPATH\\index.php')
INFO - 2023-03-12 06:34:47 --> Session: Class initialized using 'CodeIgniter\Session\Handlers\FileHandler' driver.
INFO - 2023-03-12 06:35:03 --> Session: Class initialized using 'CodeIgniter\Session\Handlers\FileHandler' driver.
INFO - 2023-03-12 06:35:09 --> Session: Class initialized using 'CodeIgniter\Session\Handlers\FileHandler' driver.
WARNING - 2023-03-12 06:35:09 --> [DEPRECATED] Creation of dynamic property App\Controllers\Kategori::$ModelKategori is deprecated in APPPATH\Controllers\Kategori.php on line 15.
 1 SYSTEMPATH\CodeIgniter.php(906): App\Controllers\Kategori->__construct()
 2 SYSTEMPATH\CodeIgniter.php(490): CodeIgniter\CodeIgniter->createController()
 3 SYSTEMPATH\CodeIgniter.php(368): CodeIgniter\CodeIgniter->handleRequest(null, Object(Config\Cache), false)
 4 FCPATH\index.php(67): CodeIgniter\CodeIgniter->run()
 5 SYSTEMPATH\Commands\Server\rewrite.php(47): require_once('FCPATH\\index.php')
INFO - 2023-03-12 06:35:13 --> Session: Class initialized using 'CodeIgniter\Session\Handlers\FileHandler' driver.
INFO - 2023-03-12 06:35:15 --> Session: Class initialized using 'CodeIgniter\Session\Handlers\FileHandler' driver.
WARNING - 2023-03-12 06:35:15 --> [DEPRECATED] Creation of dynamic property App\Controllers\Rak::$ModelRak is deprecated in APPPATH\Controllers\Rak.php on line 14.
 1 SYSTEMPATH\CodeIgniter.php(906): App\Controllers\Rak->__construct()
 2 SYSTEMPATH\CodeIgniter.php(490): CodeIgniter\CodeIgniter->createController()
 3 SYSTEMPATH\CodeIgniter.php(368): CodeIgniter\CodeIgniter->handleRequest(null, Object(Config\Cache), false)
 4 FCPATH\index.php(67): CodeIgniter\CodeIgniter->run()
 5 SYSTEMPATH\Commands\Server\rewrite.php(47): require_once('FCPATH\\index.php')
CRITICAL - 2023-03-12 06:35:15 --> Undefined variable $menu
in APPPATH\Views\v_template_admin.php on line 89.
 1 APPPATH\Views\v_template_admin.php(89): CodeIgniter\Debug\Exceptions->errorHandler(2, 'Undefined variable $menu', 'APPPATH\\Views\\v_template_admin.php', 89)
 2 SYSTEMPATH\View\View.php(213): include('APPPATH\\Views\\v_template_admin.php')
 3 SYSTEMPATH\View\View.php(216): CodeIgniter\View\View->CodeIgniter\View\{closure}()
 4 SYSTEMPATH\Common.php(1177): CodeIgniter\View\View->render('v_template_admin', [], true)
 5 APPPATH\Controllers\Rak.php(24): view('v_template_admin', [...])
 6 SYSTEMPATH\CodeIgniter.php(934): App\Controllers\Rak->index()
 7 SYSTEMPATH\CodeIgniter.php(499): CodeIgniter\CodeIgniter->runController(Object(App\Controllers\Rak))
 8 SYSTEMPATH\CodeIgniter.php(368): CodeIgniter\CodeIgniter->handleRequest(null, Object(Config\Cache), false)
 9 FCPATH\index.php(67): CodeIgniter\CodeIgniter->run()
10 SYSTEMPATH\Commands\Server\rewrite.php(47): require_once('FCPATH\\index.php')
INFO - 2023-03-12 06:36:08 --> Session: Class initialized using 'CodeIgniter\Session\Handlers\FileHandler' driver.
WARNING - 2023-03-12 06:36:08 --> [DEPRECATED] Creation of dynamic property App\Controllers\Rak::$ModelRak is deprecated in APPPATH\Controllers\Rak.php on line 14.
 1 SYSTEMPATH\CodeIgniter.php(906): App\Controllers\Rak->__construct()
 2 SYSTEMPATH\CodeIgniter.php(490): CodeIgniter\CodeIgniter->createController()
 3 SYSTEMPATH\CodeIgniter.php(368): CodeIgniter\CodeIgniter->handleRequest(null, Object(Config\Cache), false)
 4 FCPATH\index.php(67): CodeIgniter\CodeIgniter->run()
 5 SYSTEMPATH\Commands\Server\rewrite.php(47): require_once('FCPATH\\index.php')
CRITICAL - 2023-03-12 06:36:08 --> Undefined variable $menu
in APPPATH\Views\v_template_admin.php on line 89.
 1 APPPATH\Views\v_template_admin.php(89): CodeIgniter\Debug\Exceptions->errorHandler(2, 'Undefined variable $menu', 'APPPATH\\Views\\v_template_admin.php', 89)
 2 SYSTEMPATH\View\View.php(213): include('APPPATH\\Views\\v_template_admin.php')
 3 SYSTEMPATH\View\View.php(216): CodeIgniter\View\View->CodeIgniter\View\{closure}()
 4 SYSTEMPATH\Common.php(1177): CodeIgniter\View\View->render('v_template_admin', [], true)
 5 APPPATH\Controllers\Rak.php(24): view('v_template_admin', [...])
 6 SYSTEMPATH\CodeIgniter.php(934): App\Controllers\Rak->index()
 7 SYSTEMPATH\CodeIgniter.php(499): CodeIgniter\CodeIgniter->runController(Object(App\Controllers\Rak))
 8 SYSTEMPATH\CodeIgniter.php(368): CodeIgniter\CodeIgniter->handleRequest(null, Object(Config\Cache), false)
 9 FCPATH\index.php(67): CodeIgniter\CodeIgniter->run()
10 SYSTEMPATH\Commands\Server\rewrite.php(47): require_once('FCPATH\\index.php')
INFO - 2023-03-12 06:36:11 --> Session: Class initialized using 'CodeIgniter\Session\Handlers\FileHandler' driver.
INFO - 2023-03-12 06:36:13 --> Session: Class initialized using 'CodeIgniter\Session\Handlers\FileHandler' driver.
INFO - 2023-03-12 06:36:49 --> Session: Class initialized using 'CodeIgniter\Session\Handlers\FileHandler' driver.
INFO - 2023-03-12 06:36:54 --> Session: Class initialized using 'CodeIgniter\Session\Handlers\FileHandler' driver.
WARNING - 2023-03-12 06:36:54 --> [DEPRECATED] Creation of dynamic property App\Controllers\Kategori::$ModelKategori is deprecated in APPPATH\Controllers\Kategori.php on line 15.
 1 SYSTEMPATH\CodeIgniter.php(906): App\Controllers\Kategori->__construct()
 2 SYSTEMPATH\CodeIgniter.php(490): CodeIgniter\CodeIgniter->createController()
 3 SYSTEMPATH\CodeIgniter.php(368): CodeIgniter\CodeIgniter->handleRequest(null, Object(Config\Cache), false)
 4 FCPATH\index.php(67): CodeIgniter\CodeIgniter->run()
 5 SYSTEMPATH\Commands\Server\rewrite.php(47): require_once('FCPATH\\index.php')
INFO - 2023-03-12 06:36:58 --> Session: Class initialized using 'CodeIgniter\Session\Handlers\FileHandler' driver.
INFO - 2023-03-12 06:38:44 --> Session: Class initialized using 'CodeIgniter\Session\Handlers\FileHandler' driver.
INFO - 2023-03-12 06:38:51 --> Session: Class initialized using 'CodeIgniter\Session\Handlers\FileHandler' driver.
WARNING - 2023-03-12 06:38:51 --> [DEPRECATED] Creation of dynamic property App\Controllers\Rak::$ModelRak is deprecated in APPPATH\Controllers\Rak.php on line 14.
 1 SYSTEMPATH\CodeIgniter.php(906): App\Controllers\Rak->__construct()
 2 SYSTEMPATH\CodeIgniter.php(490): CodeIgniter\CodeIgniter->createController()
 3 SYSTEMPATH\CodeIgniter.php(368): CodeIgniter\CodeIgniter->handleRequest(null, Object(Config\Cache), false)
 4 FCPATH\index.php(67): CodeIgniter\CodeIgniter->run()
 5 SYSTEMPATH\Commands\Server\rewrite.php(47): require_once('FCPATH\\index.php')
CRITICAL - 2023-03-12 06:38:51 --> Undefined variable $menu
in APPPATH\Views\v_template_admin.php on line 89.
 1 APPPATH\Views\v_template_admin.php(89): CodeIgniter\Debug\Exceptions->errorHandler(2, 'Undefined variable $menu', 'APPPATH\\Views\\v_template_admin.php', 89)
 2 SYSTEMPATH\View\View.php(213): include('APPPATH\\Views\\v_template_admin.php')
 3 SYSTEMPATH\View\View.php(216): CodeIgniter\View\View->CodeIgniter\View\{closure}()
 4 SYSTEMPATH\Common.php(1177): CodeIgniter\View\View->render('v_template_admin', [], true)
 5 APPPATH\Controllers\Rak.php(24): view('v_template_admin', [...])
 6 SYSTEMPATH\CodeIgniter.php(934): App\Controllers\Rak->index()
 7 SYSTEMPATH\CodeIgniter.php(499): CodeIgniter\CodeIgniter->runController(Object(App\Controllers\Rak))
 8 SYSTEMPATH\CodeIgniter.php(368): CodeIgniter\CodeIgniter->handleRequest(null, Object(Config\Cache), false)
 9 FCPATH\index.php(67): CodeIgniter\CodeIgniter->run()
10 SYSTEMPATH\Commands\Server\rewrite.php(47): require_once('FCPATH\\index.php')
INFO - 2023-03-12 06:39:12 --> Session: Class initialized using 'CodeIgniter\Session\Handlers\FileHandler' driver.
WARNING - 2023-03-12 06:39:12 --> [DEPRECATED] Creation of dynamic property App\Controllers\Rak::$ModelRak is deprecated in APPPATH\Controllers\Rak.php on line 14.
 1 SYSTEMPATH\CodeIgniter.php(906): App\Controllers\Rak->__construct()
 2 SYSTEMPATH\CodeIgniter.php(490): CodeIgniter\CodeIgniter->createController()
 3 SYSTEMPATH\CodeIgniter.php(368): CodeIgniter\CodeIgniter->handleRequest(null, Object(Config\Cache), false)
 4 FCPATH\index.php(67): CodeIgniter\CodeIgniter->run()
 5 SYSTEMPATH\Commands\Server\rewrite.php(47): require_once('FCPATH\\index.php')
CRITICAL - 2023-03-12 06:39:12 --> Undefined variable $menu
in APPPATH\Views\v_template_admin.php on line 89.
 1 APPPATH\Views\v_template_admin.php(89): CodeIgniter\Debug\Exceptions->errorHandler(2, 'Undefined variable $menu', 'APPPATH\\Views\\v_template_admin.php', 89)
 2 SYSTEMPATH\View\View.php(213): include('APPPATH\\Views\\v_template_admin.php')
 3 SYSTEMPATH\View\View.php(216): CodeIgniter\View\View->CodeIgniter\View\{closure}()
 4 SYSTEMPATH\Common.php(1177): CodeIgniter\View\View->render('v_template_admin', [], true)
 5 APPPATH\Controllers\Rak.php(24): view('v_template_admin', [...])
 6 SYSTEMPATH\CodeIgniter.php(934): App\Controllers\Rak->index()
 7 SYSTEMPATH\CodeIgniter.php(499): CodeIgniter\CodeIgniter->runController(Object(App\Controllers\Rak))
 8 SYSTEMPATH\CodeIgniter.php(368): CodeIgniter\CodeIgniter->handleRequest(null, Object(Config\Cache), false)
 9 FCPATH\index.php(67): CodeIgniter\CodeIgniter->run()
10 SYSTEMPATH\Commands\Server\rewrite.php(47): require_once('FCPATH\\index.php')
INFO - 2023-03-12 06:39:15 --> Session: Class initialized using 'CodeIgniter\Session\Handlers\FileHandler' driver.
INFO - 2023-03-12 06:39:18 --> Session: Class initialized using 'CodeIgniter\Session\Handlers\FileHandler' driver.
WARNING - 2023-03-12 06:39:18 --> [DEPRECATED] Creation of dynamic property App\Controllers\Rak::$ModelRak is deprecated in APPPATH\Controllers\Rak.php on line 14.
 1 SYSTEMPATH\CodeIgniter.php(906): App\Controllers\Rak->__construct()
 2 SYSTEMPATH\CodeIgniter.php(490): CodeIgniter\CodeIgniter->createController()
 3 SYSTEMPATH\CodeIgniter.php(368): CodeIgniter\CodeIgniter->handleRequest(null, Object(Config\Cache), false)
 4 FCPATH\index.php(67): CodeIgniter\CodeIgniter->run()
 5 SYSTEMPATH\Commands\Server\rewrite.php(47): require_once('FCPATH\\index.php')
CRITICAL - 2023-03-12 06:39:18 --> Undefined variable $menu
in APPPATH\Views\v_template_admin.php on line 89.
 1 APPPATH\Views\v_template_admin.php(89): CodeIgniter\Debug\Exceptions->errorHandler(2, 'Undefined variable $menu', 'APPPATH\\Views\\v_template_admin.php', 89)
 2 SYSTEMPATH\View\View.php(213): include('APPPATH\\Views\\v_template_admin.php')
 3 SYSTEMPATH\View\View.php(216): CodeIgniter\View\View->CodeIgniter\View\{closure}()
 4 SYSTEMPATH\Common.php(1177): CodeIgniter\View\View->render('v_template_admin', [], true)
 5 APPPATH\Controllers\Rak.php(24): view('v_template_admin', [...])
 6 SYSTEMPATH\CodeIgniter.php(934): App\Controllers\Rak->index()
 7 SYSTEMPATH\CodeIgniter.php(499): CodeIgniter\CodeIgniter->runController(Object(App\Controllers\Rak))
 8 SYSTEMPATH\CodeIgniter.php(368): CodeIgniter\CodeIgniter->handleRequest(null, Object(Config\Cache), false)
 9 FCPATH\index.php(67): CodeIgniter\CodeIgniter->run()
10 SYSTEMPATH\Commands\Server\rewrite.php(47): require_once('FCPATH\\index.php')
INFO - 2023-03-12 06:39:22 --> Session: Class initialized using 'CodeIgniter\Session\Handlers\FileHandler' driver.
INFO - 2023-03-12 06:40:39 --> Session: Class initialized using 'CodeIgniter\Session\Handlers\FileHandler' driver.
INFO - 2023-03-12 06:40:50 --> Session: Class initialized using 'CodeIgniter\Session\Handlers\FileHandler' driver.
WARNING - 2023-03-12 06:40:50 --> [DEPRECATED] Creation of dynamic property App\Controllers\Kategori::$ModelKategori is deprecated in APPPATH\Controllers\Kategori.php on line 15.
 1 SYSTEMPATH\CodeIgniter.php(906): App\Controllers\Kategori->__construct()
 2 SYSTEMPATH\CodeIgniter.php(490): CodeIgniter\CodeIgniter->createController()
 3 SYSTEMPATH\CodeIgniter.php(368): CodeIgniter\CodeIgniter->handleRequest(null, Object(Config\Cache), false)
 4 FCPATH\index.php(67): CodeIgniter\CodeIgniter->run()
 5 SYSTEMPATH\Commands\Server\rewrite.php(47): require_once('FCPATH\\index.php')
INFO - 2023-03-12 06:41:00 --> Session: Class initialized using 'CodeIgniter\Session\Handlers\FileHandler' driver.
INFO - 2023-03-12 06:41:03 --> Session: Class initialized using 'CodeIgniter\Session\Handlers\FileHandler' driver.
WARNING - 2023-03-12 06:41:03 --> [DEPRECATED] Creation of dynamic property App\Controllers\Rak::$ModelRak is deprecated in APPPATH\Controllers\Rak.php on line 14.
 1 SYSTEMPATH\CodeIgniter.php(906): App\Controllers\Rak->__construct()
 2 SYSTEMPATH\CodeIgniter.php(490): CodeIgniter\CodeIgniter->createController()
 3 SYSTEMPATH\CodeIgniter.php(368): CodeIgniter\CodeIgniter->handleRequest(null, Object(Config\Cache), false)
 4 FCPATH\index.php(67): CodeIgniter\CodeIgniter->run()
 5 SYSTEMPATH\Commands\Server\rewrite.php(47): require_once('FCPATH\\index.php')
CRITICAL - 2023-03-12 06:41:03 --> Undefined variable $menu
in APPPATH\Views\v_template_admin.php on line 89.
 1 APPPATH\Views\v_template_admin.php(89): CodeIgniter\Debug\Exceptions->errorHandler(2, 'Undefined variable $menu', 'APPPATH\\Views\\v_template_admin.php', 89)
 2 SYSTEMPATH\View\View.php(213): include('APPPATH\\Views\\v_template_admin.php')
 3 SYSTEMPATH\View\View.php(216): CodeIgniter\View\View->CodeIgniter\View\{closure}()
 4 SYSTEMPATH\Common.php(1177): CodeIgniter\View\View->render('v_template_admin', [], true)
 5 APPPATH\Controllers\Rak.php(24): view('v_template_admin', [...])
 6 SYSTEMPATH\CodeIgniter.php(934): App\Controllers\Rak->index()
 7 SYSTEMPATH\CodeIgniter.php(499): CodeIgniter\CodeIgniter->runController(Object(App\Controllers\Rak))
 8 SYSTEMPATH\CodeIgniter.php(368): CodeIgniter\CodeIgniter->handleRequest(null, Object(Config\Cache), false)
 9 FCPATH\index.php(67): CodeIgniter\CodeIgniter->run()
10 SYSTEMPATH\Commands\Server\rewrite.php(47): require_once('FCPATH\\index.php')
INFO - 2023-03-12 06:42:07 --> Session: Class initialized using 'CodeIgniter\Session\Handlers\FileHandler' driver.
WARNING - 2023-03-12 06:42:07 --> [DEPRECATED] Creation of dynamic property App\Controllers\Rak::$ModelRak is deprecated in APPPATH\Controllers\Rak.php on line 14.
 1 SYSTEMPATH\CodeIgniter.php(906): App\Controllers\Rak->__construct()
 2 SYSTEMPATH\CodeIgniter.php(490): CodeIgniter\CodeIgniter->createController()
 3 SYSTEMPATH\CodeIgniter.php(368): CodeIgniter\CodeIgniter->handleRequest(null, Object(Config\Cache), false)
 4 FCPATH\index.php(67): CodeIgniter\CodeIgniter->run()
 5 SYSTEMPATH\Commands\Server\rewrite.php(47): require_once('FCPATH\\index.php')
CRITICAL - 2023-03-12 06:42:07 --> Undefined variable $menu
in APPPATH\Views\v_template_admin.php on line 89.
 1 APPPATH\Views\v_template_admin.php(89): CodeIgniter\Debug\Exceptions->errorHandler(2, 'Undefined variable $menu', 'APPPATH\\Views\\v_template_admin.php', 89)
 2 SYSTEMPATH\View\View.php(213): include('APPPATH\\Views\\v_template_admin.php')
 3 SYSTEMPATH\View\View.php(216): CodeIgniter\View\View->CodeIgniter\View\{closure}()
 4 SYSTEMPATH\Common.php(1177): CodeIgniter\View\View->render('v_template_admin', [], true)
 5 APPPATH\Controllers\Rak.php(24): view('v_template_admin', [...])
 6 SYSTEMPATH\CodeIgniter.php(934): App\Controllers\Rak->index()
 7 SYSTEMPATH\CodeIgniter.php(499): CodeIgniter\CodeIgniter->runController(Object(App\Controllers\Rak))
 8 SYSTEMPATH\CodeIgniter.php(368): CodeIgniter\CodeIgniter->handleRequest(null, Object(Config\Cache), false)
 9 FCPATH\index.php(67): CodeIgniter\CodeIgniter->run()
10 SYSTEMPATH\Commands\Server\rewrite.php(47): require_once('FCPATH\\index.php')
INFO - 2023-03-12 06:42:10 --> Session: Class initialized using 'CodeIgniter\Session\Handlers\FileHandler' driver.
INFO - 2023-03-12 06:42:12 --> Session: Class initialized using 'CodeIgniter\Session\Handlers\FileHandler' driver.
INFO - 2023-03-12 06:42:16 --> Session: Class initialized using 'CodeIgniter\Session\Handlers\FileHandler' driver.
WARNING - 2023-03-12 06:42:16 --> [DEPRECATED] Creation of dynamic property App\Controllers\Kategori::$ModelKategori is deprecated in APPPATH\Controllers\Kategori.php on line 15.
 1 SYSTEMPATH\CodeIgniter.php(906): App\Controllers\Kategori->__construct()
 2 SYSTEMPATH\CodeIgniter.php(490): CodeIgniter\CodeIgniter->createController()
 3 SYSTEMPATH\CodeIgniter.php(368): CodeIgniter\CodeIgniter->handleRequest(null, Object(Config\Cache), false)
 4 FCPATH\index.php(67): CodeIgniter\CodeIgniter->run()
 5 SYSTEMPATH\Commands\Server\rewrite.php(47): require_once('FCPATH\\index.php')
INFO - 2023-03-12 06:42:29 --> Session: Class initialized using 'CodeIgniter\Session\Handlers\FileHandler' driver.
INFO - 2023-03-12 06:42:31 --> Session: Class initialized using 'CodeIgniter\Session\Handlers\FileHandler' driver.
WARNING - 2023-03-12 06:42:31 --> [DEPRECATED] Creation of dynamic property App\Controllers\Rak::$ModelRak is deprecated in APPPATH\Controllers\Rak.php on line 14.
 1 SYSTEMPATH\CodeIgniter.php(906): App\Controllers\Rak->__construct()
 2 SYSTEMPATH\CodeIgniter.php(490): CodeIgniter\CodeIgniter->createController()
 3 SYSTEMPATH\CodeIgniter.php(368): CodeIgniter\CodeIgniter->handleRequest(null, Object(Config\Cache), false)
 4 FCPATH\index.php(67): CodeIgniter\CodeIgniter->run()
 5 SYSTEMPATH\Commands\Server\rewrite.php(47): require_once('FCPATH\\index.php')
CRITICAL - 2023-03-12 06:42:31 --> Undefined variable $menu
in APPPATH\Views\v_template_admin.php on line 89.
 1 APPPATH\Views\v_template_admin.php(89): CodeIgniter\Debug\Exceptions->errorHandler(2, 'Undefined variable $menu', 'APPPATH\\Views\\v_template_admin.php', 89)
 2 SYSTEMPATH\View\View.php(213): include('APPPATH\\Views\\v_template_admin.php')
 3 SYSTEMPATH\View\View.php(216): CodeIgniter\View\View->CodeIgniter\View\{closure}()
 4 SYSTEMPATH\Common.php(1177): CodeIgniter\View\View->render('v_template_admin', [], true)
 5 APPPATH\Controllers\Rak.php(24): view('v_template_admin', [...])
 6 SYSTEMPATH\CodeIgniter.php(934): App\Controllers\Rak->index()
 7 SYSTEMPATH\CodeIgniter.php(499): CodeIgniter\CodeIgniter->runController(Object(App\Controllers\Rak))
 8 SYSTEMPATH\CodeIgniter.php(368): CodeIgniter\CodeIgniter->handleRequest(null, Object(Config\Cache), false)
 9 FCPATH\index.php(67): CodeIgniter\CodeIgniter->run()
10 SYSTEMPATH\Commands\Server\rewrite.php(47): require_once('FCPATH\\index.php')
INFO - 2023-03-12 06:42:37 --> Session: Class initialized using 'CodeIgniter\Session\Handlers\FileHandler' driver.
INFO - 2023-03-12 06:43:23 --> Session: Class initialized using 'CodeIgniter\Session\Handlers\FileHandler' driver.
INFO - 2023-03-12 06:43:26 --> Session: Class initialized using 'CodeIgniter\Session\Handlers\FileHandler' driver.
WARNING - 2023-03-12 06:43:26 --> [DEPRECATED] Creation of dynamic property App\Controllers\Kategori::$ModelKategori is deprecated in APPPATH\Controllers\Kategori.php on line 15.
 1 SYSTEMPATH\CodeIgniter.php(906): App\Controllers\Kategori->__construct()
 2 SYSTEMPATH\CodeIgniter.php(490): CodeIgniter\CodeIgniter->createController()
 3 SYSTEMPATH\CodeIgniter.php(368): CodeIgniter\CodeIgniter->handleRequest(null, Object(Config\Cache), false)
 4 FCPATH\index.php(67): CodeIgniter\CodeIgniter->run()
 5 SYSTEMPATH\Commands\Server\rewrite.php(47): require_once('FCPATH\\index.php')
INFO - 2023-03-12 06:43:31 --> Session: Class initialized using 'CodeIgniter\Session\Handlers\FileHandler' driver.
WARNING - 2023-03-12 06:43:31 --> [DEPRECATED] Creation of dynamic property App\Controllers\Rak::$ModelRak is deprecated in APPPATH\Controllers\Rak.php on line 14.
 1 SYSTEMPATH\CodeIgniter.php(906): App\Controllers\Rak->__construct()
 2 SYSTEMPATH\CodeIgniter.php(490): CodeIgniter\CodeIgniter->createController()
 3 SYSTEMPATH\CodeIgniter.php(368): CodeIgniter\CodeIgniter->handleRequest(null, Object(Config\Cache), false)
 4 FCPATH\index.php(67): CodeIgniter\CodeIgniter->run()
 5 SYSTEMPATH\Commands\Server\rewrite.php(47): require_once('FCPATH\\index.php')
CRITICAL - 2023-03-12 06:43:31 --> Undefined variable $menu
in APPPATH\Views\v_template_admin.php on line 89.
 1 APPPATH\Views\v_template_admin.php(89): CodeIgniter\Debug\Exceptions->errorHandler(2, 'Undefined variable $menu', 'APPPATH\\Views\\v_template_admin.php', 89)
 2 SYSTEMPATH\View\View.php(213): include('APPPATH\\Views\\v_template_admin.php')
 3 SYSTEMPATH\View\View.php(216): CodeIgniter\View\View->CodeIgniter\View\{closure}()
 4 SYSTEMPATH\Common.php(1177): CodeIgniter\View\View->render('v_template_admin', [], true)
 5 APPPATH\Controllers\Rak.php(24): view('v_template_admin', [...])
 6 SYSTEMPATH\CodeIgniter.php(934): App\Controllers\Rak->index()
 7 SYSTEMPATH\CodeIgniter.php(499): CodeIgniter\CodeIgniter->runController(Object(App\Controllers\Rak))
 8 SYSTEMPATH\CodeIgniter.php(368): CodeIgniter\CodeIgniter->handleRequest(null, Object(Config\Cache), false)
 9 FCPATH\index.php(67): CodeIgniter\CodeIgniter->run()
10 SYSTEMPATH\Commands\Server\rewrite.php(47): require_once('FCPATH\\index.php')
INFO - 2023-03-12 06:43:55 --> Session: Class initialized using 'CodeIgniter\Session\Handlers\FileHandler' driver.
WARNING - 2023-03-12 06:43:55 --> [DEPRECATED] Creation of dynamic property App\Controllers\Rak::$ModelRak is deprecated in APPPATH\Controllers\Rak.php on line 14.
 1 SYSTEMPATH\CodeIgniter.php(906): App\Controllers\Rak->__construct()
 2 SYSTEMPATH\CodeIgniter.php(490): CodeIgniter\CodeIgniter->createController()
 3 SYSTEMPATH\CodeIgniter.php(368): CodeIgniter\CodeIgniter->handleRequest(null, Object(Config\Cache), false)
 4 FCPATH\index.php(67): CodeIgniter\CodeIgniter->run()
 5 SYSTEMPATH\Commands\Server\rewrite.php(47): require_once('FCPATH\\index.php')
CRITICAL - 2023-03-12 06:43:55 --> Undefined variable $menu
in APPPATH\Views\v_template_admin.php on line 89.
 1 APPPATH\Views\v_template_admin.php(89): CodeIgniter\Debug\Exceptions->errorHandler(2, 'Undefined variable $menu', 'APPPATH\\Views\\v_template_admin.php', 89)
 2 SYSTEMPATH\View\View.php(213): include('APPPATH\\Views\\v_template_admin.php')
 3 SYSTEMPATH\View\View.php(216): CodeIgniter\View\View->CodeIgniter\View\{closure}()
 4 SYSTEMPATH\Common.php(1177): CodeIgniter\View\View->render('v_template_admin', [], true)
 5 APPPATH\Controllers\Rak.php(24): view('v_template_admin', [...])
 6 SYSTEMPATH\CodeIgniter.php(934): App\Controllers\Rak->index()
 7 SYSTEMPATH\CodeIgniter.php(499): CodeIgniter\CodeIgniter->runController(Object(App\Controllers\Rak))
 8 SYSTEMPATH\CodeIgniter.php(368): CodeIgniter\CodeIgniter->handleRequest(null, Object(Config\Cache), false)
 9 FCPATH\index.php(67): CodeIgniter\CodeIgniter->run()
10 SYSTEMPATH\Commands\Server\rewrite.php(47): require_once('FCPATH\\index.php')
INFO - 2023-03-12 06:43:57 --> Session: Class initialized using 'CodeIgniter\Session\Handlers\FileHandler' driver.
WARNING - 2023-03-12 06:43:57 --> [DEPRECATED] Creation of dynamic property App\Controllers\Kategori::$ModelKategori is deprecated in APPPATH\Controllers\Kategori.php on line 15.
 1 SYSTEMPATH\CodeIgniter.php(906): App\Controllers\Kategori->__construct()
 2 SYSTEMPATH\CodeIgniter.php(490): CodeIgniter\CodeIgniter->createController()
 3 SYSTEMPATH\CodeIgniter.php(368): CodeIgniter\CodeIgniter->handleRequest(null, Object(Config\Cache), false)
 4 FCPATH\index.php(67): CodeIgniter\CodeIgniter->run()
 5 SYSTEMPATH\Commands\Server\rewrite.php(47): require_once('FCPATH\\index.php')
INFO - 2023-03-12 06:43:59 --> Session: Class initialized using 'CodeIgniter\Session\Handlers\FileHandler' driver.
WARNING - 2023-03-12 06:43:59 --> [DEPRECATED] Creation of dynamic property App\Controllers\Kategori::$ModelKategori is deprecated in APPPATH\Controllers\Kategori.php on line 15.
 1 SYSTEMPATH\CodeIgniter.php(906): App\Controllers\Kategori->__construct()
 2 SYSTEMPATH\CodeIgniter.php(490): CodeIgniter\CodeIgniter->createController()
 3 SYSTEMPATH\CodeIgniter.php(368): CodeIgniter\CodeIgniter->handleRequest(null, Object(Config\Cache), false)
 4 FCPATH\index.php(67): CodeIgniter\CodeIgniter->run()
 5 SYSTEMPATH\Commands\Server\rewrite.php(47): require_once('FCPATH\\index.php')
INFO - 2023-03-12 06:44:03 --> Session: Class initialized using 'CodeIgniter\Session\Handlers\FileHandler' driver.
WARNING - 2023-03-12 06:44:03 --> [DEPRECATED] Creation of dynamic property App\Controllers\Rak::$ModelRak is deprecated in APPPATH\Controllers\Rak.php on line 14.
 1 SYSTEMPATH\CodeIgniter.php(906): App\Controllers\Rak->__construct()
 2 SYSTEMPATH\CodeIgniter.php(490): CodeIgniter\CodeIgniter->createController()
 3 SYSTEMPATH\CodeIgniter.php(368): CodeIgniter\CodeIgniter->handleRequest(null, Object(Config\Cache), false)
 4 FCPATH\index.php(67): CodeIgniter\CodeIgniter->run()
 5 SYSTEMPATH\Commands\Server\rewrite.php(47): require_once('FCPATH\\index.php')
CRITICAL - 2023-03-12 06:44:03 --> Undefined variable $menu
in APPPATH\Views\v_template_admin.php on line 89.
 1 APPPATH\Views\v_template_admin.php(89): CodeIgniter\Debug\Exceptions->errorHandler(2, 'Undefined variable $menu', 'APPPATH\\Views\\v_template_admin.php', 89)
 2 SYSTEMPATH\View\View.php(213): include('APPPATH\\Views\\v_template_admin.php')
 3 SYSTEMPATH\View\View.php(216): CodeIgniter\View\View->CodeIgniter\View\{closure}()
 4 SYSTEMPATH\Common.php(1177): CodeIgniter\View\View->render('v_template_admin', [], true)
 5 APPPATH\Controllers\Rak.php(24): view('v_template_admin', [...])
 6 SYSTEMPATH\CodeIgniter.php(934): App\Controllers\Rak->index()
 7 SYSTEMPATH\CodeIgniter.php(499): CodeIgniter\CodeIgniter->runController(Object(App\Controllers\Rak))
 8 SYSTEMPATH\CodeIgniter.php(368): CodeIgniter\CodeIgniter->handleRequest(null, Object(Config\Cache), false)
 9 FCPATH\index.php(67): CodeIgniter\CodeIgniter->run()
10 SYSTEMPATH\Commands\Server\rewrite.php(47): require_once('FCPATH\\index.php')
INFO - 2023-03-12 06:44:05 --> Session: Class initialized using 'CodeIgniter\Session\Handlers\FileHandler' driver.
WARNING - 2023-03-12 06:44:05 --> [DEPRECATED] Creation of dynamic property App\Controllers\Kategori::$ModelKategori is deprecated in APPPATH\Controllers\Kategori.php on line 15.
 1 SYSTEMPATH\CodeIgniter.php(906): App\Controllers\Kategori->__construct()
 2 SYSTEMPATH\CodeIgniter.php(490): CodeIgniter\CodeIgniter->createController()
 3 SYSTEMPATH\CodeIgniter.php(368): CodeIgniter\CodeIgniter->handleRequest(null, Object(Config\Cache), false)
 4 FCPATH\index.php(67): CodeIgniter\CodeIgniter->run()
 5 SYSTEMPATH\Commands\Server\rewrite.php(47): require_once('FCPATH\\index.php')
INFO - 2023-03-12 06:44:08 --> Session: Class initialized using 'CodeIgniter\Session\Handlers\FileHandler' driver.
INFO - 2023-03-12 06:44:57 --> Session: Class initialized using 'CodeIgniter\Session\Handlers\FileHandler' driver.
INFO - 2023-03-12 06:44:59 --> Session: Class initialized using 'CodeIgniter\Session\Handlers\FileHandler' driver.
WARNING - 2023-03-12 06:44:59 --> [DEPRECATED] Creation of dynamic property App\Controllers\Rak::$ModelRak is deprecated in APPPATH\Controllers\Rak.php on line 14.
 1 SYSTEMPATH\CodeIgniter.php(906): App\Controllers\Rak->__construct()
 2 SYSTEMPATH\CodeIgniter.php(490): CodeIgniter\CodeIgniter->createController()
 3 SYSTEMPATH\CodeIgniter.php(368): CodeIgniter\CodeIgniter->handleRequest(null, Object(Config\Cache), false)
 4 FCPATH\index.php(67): CodeIgniter\CodeIgniter->run()
 5 SYSTEMPATH\Commands\Server\rewrite.php(47): require_once('FCPATH\\index.php')
CRITICAL - 2023-03-12 06:44:59 --> Undefined variable $menu
in APPPATH\Views\v_template_admin.php on line 89.
 1 APPPATH\Views\v_template_admin.php(89): CodeIgniter\Debug\Exceptions->errorHandler(2, 'Undefined variable $menu', 'APPPATH\\Views\\v_template_admin.php', 89)
 2 SYSTEMPATH\View\View.php(213): include('APPPATH\\Views\\v_template_admin.php')
 3 SYSTEMPATH\View\View.php(216): CodeIgniter\View\View->CodeIgniter\View\{closure}()
 4 SYSTEMPATH\Common.php(1177): CodeIgniter\View\View->render('v_template_admin', [], true)
 5 APPPATH\Controllers\Rak.php(24): view('v_template_admin', [...])
 6 SYSTEMPATH\CodeIgniter.php(934): App\Controllers\Rak->index()
 7 SYSTEMPATH\CodeIgniter.php(499): CodeIgniter\CodeIgniter->runController(Object(App\Controllers\Rak))
 8 SYSTEMPATH\CodeIgniter.php(368): CodeIgniter\CodeIgniter->handleRequest(null, Object(Config\Cache), false)
 9 FCPATH\index.php(67): CodeIgniter\CodeIgniter->run()
10 SYSTEMPATH\Commands\Server\rewrite.php(47): require_once('FCPATH\\index.php')
INFO - 2023-03-12 06:45:07 --> Session: Class initialized using 'CodeIgniter\Session\Handlers\FileHandler' driver.
INFO - 2023-03-12 06:45:08 --> Session: Class initialized using 'CodeIgniter\Session\Handlers\FileHandler' driver.
WARNING - 2023-03-12 06:45:08 --> [DEPRECATED] Creation of dynamic property App\Controllers\Kategori::$ModelKategori is deprecated in APPPATH\Controllers\Kategori.php on line 15.
 1 SYSTEMPATH\CodeIgniter.php(906): App\Controllers\Kategori->__construct()
 2 SYSTEMPATH\CodeIgniter.php(490): CodeIgniter\CodeIgniter->createController()
 3 SYSTEMPATH\CodeIgniter.php(368): CodeIgniter\CodeIgniter->handleRequest(null, Object(Config\Cache), false)
 4 FCPATH\index.php(67): CodeIgniter\CodeIgniter->run()
 5 SYSTEMPATH\Commands\Server\rewrite.php(47): require_once('FCPATH\\index.php')
INFO - 2023-03-12 06:45:34 --> Session: Class initialized using 'CodeIgniter\Session\Handlers\FileHandler' driver.
WARNING - 2023-03-12 06:45:34 --> [DEPRECATED] Creation of dynamic property App\Controllers\Kategori::$ModelKategori is deprecated in APPPATH\Controllers\Kategori.php on line 15.
 1 SYSTEMPATH\CodeIgniter.php(906): App\Controllers\Kategori->__construct()
 2 SYSTEMPATH\CodeIgniter.php(490): CodeIgniter\CodeIgniter->createController()
 3 SYSTEMPATH\CodeIgniter.php(368): CodeIgniter\CodeIgniter->handleRequest(null, Object(Config\Cache), false)
 4 FCPATH\index.php(67): CodeIgniter\CodeIgniter->run()
 5 SYSTEMPATH\Commands\Server\rewrite.php(47): require_once('FCPATH\\index.php')
INFO - 2023-03-12 06:45:37 --> Session: Class initialized using 'CodeIgniter\Session\Handlers\FileHandler' driver.
INFO - 2023-03-12 06:45:39 --> Session: Class initialized using 'CodeIgniter\Session\Handlers\FileHandler' driver.
WARNING - 2023-03-12 06:45:39 --> [DEPRECATED] Creation of dynamic property App\Controllers\Rak::$ModelRak is deprecated in APPPATH\Controllers\Rak.php on line 14.
 1 SYSTEMPATH\CodeIgniter.php(906): App\Controllers\Rak->__construct()
 2 SYSTEMPATH\CodeIgniter.php(490): CodeIgniter\CodeIgniter->createController()
 3 SYSTEMPATH\CodeIgniter.php(368): CodeIgniter\CodeIgniter->handleRequest(null, Object(Config\Cache), false)
 4 FCPATH\index.php(67): CodeIgniter\CodeIgniter->run()
 5 SYSTEMPATH\Commands\Server\rewrite.php(47): require_once('FCPATH\\index.php')
CRITICAL - 2023-03-12 06:45:39 --> Undefined variable $menu
in APPPATH\Views\v_template_admin.php on line 89.
 1 APPPATH\Views\v_template_admin.php(89): CodeIgniter\Debug\Exceptions->errorHandler(2, 'Undefined variable $menu', 'APPPATH\\Views\\v_template_admin.php', 89)
 2 SYSTEMPATH\View\View.php(213): include('APPPATH\\Views\\v_template_admin.php')
 3 SYSTEMPATH\View\View.php(216): CodeIgniter\View\View->CodeIgniter\View\{closure}()
 4 SYSTEMPATH\Common.php(1177): CodeIgniter\View\View->render('v_template_admin', [], true)
 5 APPPATH\Controllers\Rak.php(24): view('v_template_admin', [...])
 6 SYSTEMPATH\CodeIgniter.php(934): App\Controllers\Rak->index()
 7 SYSTEMPATH\CodeIgniter.php(499): CodeIgniter\CodeIgniter->runController(Object(App\Controllers\Rak))
 8 SYSTEMPATH\CodeIgniter.php(368): CodeIgniter\CodeIgniter->handleRequest(null, Object(Config\Cache), false)
 9 FCPATH\index.php(67): CodeIgniter\CodeIgniter->run()
10 SYSTEMPATH\Commands\Server\rewrite.php(47): require_once('FCPATH\\index.php')
INFO - 2023-03-12 06:45:53 --> Session: Class initialized using 'CodeIgniter\Session\Handlers\FileHandler' driver.
INFO - 2023-03-12 06:45:55 --> Session: Class initialized using 'CodeIgniter\Session\Handlers\FileHandler' driver.
WARNING - 2023-03-12 06:45:55 --> [DEPRECATED] Creation of dynamic property App\Controllers\Kategori::$ModelKategori is deprecated in APPPATH\Controllers\Kategori.php on line 15.
 1 SYSTEMPATH\CodeIgniter.php(906): App\Controllers\Kategori->__construct()
 2 SYSTEMPATH\CodeIgniter.php(490): CodeIgniter\CodeIgniter->createController()
 3 SYSTEMPATH\CodeIgniter.php(368): CodeIgniter\CodeIgniter->handleRequest(null, Object(Config\Cache), false)
 4 FCPATH\index.php(67): CodeIgniter\CodeIgniter->run()
 5 SYSTEMPATH\Commands\Server\rewrite.php(47): require_once('FCPATH\\index.php')
INFO - 2023-03-12 06:47:22 --> Session: Class initialized using 'CodeIgniter\Session\Handlers\FileHandler' driver.
WARNING - 2023-03-12 06:47:22 --> [DEPRECATED] Creation of dynamic property App\Controllers\Kategori::$ModelKategori is deprecated in APPPATH\Controllers\Kategori.php on line 15.
 1 SYSTEMPATH\CodeIgniter.php(906): App\Controllers\Kategori->__construct()
 2 SYSTEMPATH\CodeIgniter.php(490): CodeIgniter\CodeIgniter->createController()
 3 SYSTEMPATH\CodeIgniter.php(368): CodeIgniter\CodeIgniter->handleRequest(null, Object(Config\Cache), false)
 4 FCPATH\index.php(67): CodeIgniter\CodeIgniter->run()
 5 SYSTEMPATH\Commands\Server\rewrite.php(47): require_once('FCPATH\\index.php')
INFO - 2023-03-12 06:47:27 --> Session: Class initialized using 'CodeIgniter\Session\Handlers\FileHandler' driver.
WARNING - 2023-03-12 06:47:27 --> [DEPRECATED] Creation of dynamic property App\Controllers\Rak::$ModelRak is deprecated in APPPATH\Controllers\Rak.php on line 14.
 1 SYSTEMPATH\CodeIgniter.php(906): App\Controllers\Rak->__construct()
 2 SYSTEMPATH\CodeIgniter.php(490): CodeIgniter\CodeIgniter->createController()
 3 SYSTEMPATH\CodeIgniter.php(368): CodeIgniter\CodeIgniter->handleRequest(null, Object(Config\Cache), false)
 4 FCPATH\index.php(67): CodeIgniter\CodeIgniter->run()
 5 SYSTEMPATH\Commands\Server\rewrite.php(47): require_once('FCPATH\\index.php')
CRITICAL - 2023-03-12 06:47:27 --> Undefined variable $menu
in APPPATH\Views\v_template_admin.php on line 89.
 1 APPPATH\Views\v_template_admin.php(89): CodeIgniter\Debug\Exceptions->errorHandler(2, 'Undefined variable $menu', 'APPPATH\\Views\\v_template_admin.php', 89)
 2 SYSTEMPATH\View\View.php(213): include('APPPATH\\Views\\v_template_admin.php')
 3 SYSTEMPATH\View\View.php(216): CodeIgniter\View\View->CodeIgniter\View\{closure}()
 4 SYSTEMPATH\Common.php(1177): CodeIgniter\View\View->render('v_template_admin', [], true)
 5 APPPATH\Controllers\Rak.php(24): view('v_template_admin', [...])
 6 SYSTEMPATH\CodeIgniter.php(934): App\Controllers\Rak->index()
 7 SYSTEMPATH\CodeIgniter.php(499): CodeIgniter\CodeIgniter->runController(Object(App\Controllers\Rak))
 8 SYSTEMPATH\CodeIgniter.php(368): CodeIgniter\CodeIgniter->handleRequest(null, Object(Config\Cache), false)
 9 FCPATH\index.php(67): CodeIgniter\CodeIgniter->run()
10 SYSTEMPATH\Commands\Server\rewrite.php(47): require_once('FCPATH\\index.php')
INFO - 2023-03-12 06:47:32 --> Session: Class initialized using 'CodeIgniter\Session\Handlers\FileHandler' driver.
WARNING - 2023-03-12 06:47:32 --> [DEPRECATED] Creation of dynamic property App\Controllers\Kategori::$ModelKategori is deprecated in APPPATH\Controllers\Kategori.php on line 15.
 1 SYSTEMPATH\CodeIgniter.php(906): App\Controllers\Kategori->__construct()
 2 SYSTEMPATH\CodeIgniter.php(490): CodeIgniter\CodeIgniter->createController()
 3 SYSTEMPATH\CodeIgniter.php(368): CodeIgniter\CodeIgniter->handleRequest(null, Object(Config\Cache), false)
 4 FCPATH\index.php(67): CodeIgniter\CodeIgniter->run()
 5 SYSTEMPATH\Commands\Server\rewrite.php(47): require_once('FCPATH\\index.php')
INFO - 2023-03-12 06:47:34 --> Session: Class initialized using 'CodeIgniter\Session\Handlers\FileHandler' driver.
INFO - 2023-03-12 06:47:39 --> Session: Class initialized using 'CodeIgniter\Session\Handlers\FileHandler' driver.
WARNING - 2023-03-12 06:47:39 --> [DEPRECATED] Creation of dynamic property App\Controllers\Kategori::$ModelKategori is deprecated in APPPATH\Controllers\Kategori.php on line 15.
 1 SYSTEMPATH\CodeIgniter.php(906): App\Controllers\Kategori->__construct()
 2 SYSTEMPATH\CodeIgniter.php(490): CodeIgniter\CodeIgniter->createController()
 3 SYSTEMPATH\CodeIgniter.php(368): CodeIgniter\CodeIgniter->handleRequest(null, Object(Config\Cache), false)
 4 FCPATH\index.php(67): CodeIgniter\CodeIgniter->run()
 5 SYSTEMPATH\Commands\Server\rewrite.php(47): require_once('FCPATH\\index.php')
INFO - 2023-03-12 06:48:08 --> Session: Class initialized using 'CodeIgniter\Session\Handlers\FileHandler' driver.
WARNING - 2023-03-12 06:48:08 --> [DEPRECATED] Creation of dynamic property App\Controllers\Kategori::$ModelKategori is deprecated in APPPATH\Controllers\Kategori.php on line 15.
 1 SYSTEMPATH\CodeIgniter.php(906): App\Controllers\Kategori->__construct()
 2 SYSTEMPATH\CodeIgniter.php(490): CodeIgniter\CodeIgniter->createController()
 3 SYSTEMPATH\CodeIgniter.php(368): CodeIgniter\CodeIgniter->handleRequest(null, Object(Config\Cache), false)
 4 FCPATH\index.php(67): CodeIgniter\CodeIgniter->run()
 5 SYSTEMPATH\Commands\Server\rewrite.php(47): require_once('FCPATH\\index.php')
INFO - 2023-03-12 06:48:10 --> Session: Class initialized using 'CodeIgniter\Session\Handlers\FileHandler' driver.
INFO - 2023-03-12 06:48:13 --> Session: Class initialized using 'CodeIgniter\Session\Handlers\FileHandler' driver.
WARNING - 2023-03-12 06:48:13 --> [DEPRECATED] Creation of dynamic property App\Controllers\Rak::$ModelRak is deprecated in APPPATH\Controllers\Rak.php on line 14.
 1 SYSTEMPATH\CodeIgniter.php(906): App\Controllers\Rak->__construct()
 2 SYSTEMPATH\CodeIgniter.php(490): CodeIgniter\CodeIgniter->createController()
 3 SYSTEMPATH\CodeIgniter.php(368): CodeIgniter\CodeIgniter->handleRequest(null, Object(Config\Cache), false)
 4 FCPATH\index.php(67): CodeIgniter\CodeIgniter->run()
 5 SYSTEMPATH\Commands\Server\rewrite.php(47): require_once('FCPATH\\index.php')
CRITICAL - 2023-03-12 06:48:13 --> Undefined variable $menu
in APPPATH\Views\v_template_admin.php on line 89.
 1 APPPATH\Views\v_template_admin.php(89): CodeIgniter\Debug\Exceptions->errorHandler(2, 'Undefined variable $menu', 'APPPATH\\Views\\v_template_admin.php', 89)
 2 SYSTEMPATH\View\View.php(213): include('APPPATH\\Views\\v_template_admin.php')
 3 SYSTEMPATH\View\View.php(216): CodeIgniter\View\View->CodeIgniter\View\{closure}()
 4 SYSTEMPATH\Common.php(1177): CodeIgniter\View\View->render('v_template_admin', [], true)
 5 APPPATH\Controllers\Rak.php(24): view('v_template_admin', [...])
 6 SYSTEMPATH\CodeIgniter.php(934): App\Controllers\Rak->index()
 7 SYSTEMPATH\CodeIgniter.php(499): CodeIgniter\CodeIgniter->runController(Object(App\Controllers\Rak))
 8 SYSTEMPATH\CodeIgniter.php(368): CodeIgniter\CodeIgniter->handleRequest(null, Object(Config\Cache), false)
 9 FCPATH\index.php(67): CodeIgniter\CodeIgniter->run()
10 SYSTEMPATH\Commands\Server\rewrite.php(47): require_once('FCPATH\\index.php')
INFO - 2023-03-12 06:48:34 --> Session: Class initialized using 'CodeIgniter\Session\Handlers\FileHandler' driver.
WARNING - 2023-03-12 06:48:34 --> [DEPRECATED] Creation of dynamic property App\Controllers\Rak::$ModelRak is deprecated in APPPATH\Controllers\Rak.php on line 14.
 1 SYSTEMPATH\CodeIgniter.php(906): App\Controllers\Rak->__construct()
 2 SYSTEMPATH\CodeIgniter.php(490): CodeIgniter\CodeIgniter->createController()
 3 SYSTEMPATH\CodeIgniter.php(368): CodeIgniter\CodeIgniter->handleRequest(null, Object(Config\Cache), false)
 4 FCPATH\index.php(67): CodeIgniter\CodeIgniter->run()
 5 SYSTEMPATH\Commands\Server\rewrite.php(47): require_once('FCPATH\\index.php')
CRITICAL - 2023-03-12 06:48:34 --> Undefined variable $menu
in APPPATH\Views\v_template_admin.php on line 89.
 1 APPPATH\Views\v_template_admin.php(89): CodeIgniter\Debug\Exceptions->errorHandler(2, 'Undefined variable $menu', 'APPPATH\\Views\\v_template_admin.php', 89)
 2 SYSTEMPATH\View\View.php(213): include('APPPATH\\Views\\v_template_admin.php')
 3 SYSTEMPATH\View\View.php(216): CodeIgniter\View\View->CodeIgniter\View\{closure}()
 4 SYSTEMPATH\Common.php(1177): CodeIgniter\View\View->render('v_template_admin', [], true)
 5 APPPATH\Controllers\Rak.php(24): view('v_template_admin', [...])
 6 SYSTEMPATH\CodeIgniter.php(934): App\Controllers\Rak->index()
 7 SYSTEMPATH\CodeIgniter.php(499): CodeIgniter\CodeIgniter->runController(Object(App\Controllers\Rak))
 8 SYSTEMPATH\CodeIgniter.php(368): CodeIgniter\CodeIgniter->handleRequest(null, Object(Config\Cache), false)
 9 FCPATH\index.php(67): CodeIgniter\CodeIgniter->run()
10 SYSTEMPATH\Commands\Server\rewrite.php(47): require_once('FCPATH\\index.php')
INFO - 2023-03-12 06:48:37 --> Session: Class initialized using 'CodeIgniter\Session\Handlers\FileHandler' driver.
INFO - 2023-03-12 06:48:39 --> Session: Class initialized using 'CodeIgniter\Session\Handlers\FileHandler' driver.
WARNING - 2023-03-12 06:48:39 --> [DEPRECATED] Creation of dynamic property App\Controllers\Kategori::$ModelKategori is deprecated in APPPATH\Controllers\Kategori.php on line 15.
 1 SYSTEMPATH\CodeIgniter.php(906): App\Controllers\Kategori->__construct()
 2 SYSTEMPATH\CodeIgniter.php(490): CodeIgniter\CodeIgniter->createController()
 3 SYSTEMPATH\CodeIgniter.php(368): CodeIgniter\CodeIgniter->handleRequest(null, Object(Config\Cache), false)
 4 FCPATH\index.php(67): CodeIgniter\CodeIgniter->run()
 5 SYSTEMPATH\Commands\Server\rewrite.php(47): require_once('FCPATH\\index.php')
INFO - 2023-03-12 06:48:44 --> Session: Class initialized using 'CodeIgniter\Session\Handlers\FileHandler' driver.
WARNING - 2023-03-12 06:48:44 --> [DEPRECATED] Creation of dynamic property App\Controllers\Rak::$ModelRak is deprecated in APPPATH\Controllers\Rak.php on line 14.
 1 SYSTEMPATH\CodeIgniter.php(906): App\Controllers\Rak->__construct()
 2 SYSTEMPATH\CodeIgniter.php(490): CodeIgniter\CodeIgniter->createController()
 3 SYSTEMPATH\CodeIgniter.php(368): CodeIgniter\CodeIgniter->handleRequest(null, Object(Config\Cache), false)
 4 FCPATH\index.php(67): CodeIgniter\CodeIgniter->run()
 5 SYSTEMPATH\Commands\Server\rewrite.php(47): require_once('FCPATH\\index.php')
CRITICAL - 2023-03-12 06:48:44 --> Undefined variable $menu
in APPPATH\Views\v_template_admin.php on line 89.
 1 APPPATH\Views\v_template_admin.php(89): CodeIgniter\Debug\Exceptions->errorHandler(2, 'Undefined variable $menu', 'APPPATH\\Views\\v_template_admin.php', 89)
 2 SYSTEMPATH\View\View.php(213): include('APPPATH\\Views\\v_template_admin.php')
 3 SYSTEMPATH\View\View.php(216): CodeIgniter\View\View->CodeIgniter\View\{closure}()
 4 SYSTEMPATH\Common.php(1177): CodeIgniter\View\View->render('v_template_admin', [], true)
 5 APPPATH\Controllers\Rak.php(24): view('v_template_admin', [...])
 6 SYSTEMPATH\CodeIgniter.php(934): App\Controllers\Rak->index()
 7 SYSTEMPATH\CodeIgniter.php(499): CodeIgniter\CodeIgniter->runController(Object(App\Controllers\Rak))
 8 SYSTEMPATH\CodeIgniter.php(368): CodeIgniter\CodeIgniter->handleRequest(null, Object(Config\Cache), false)
 9 FCPATH\index.php(67): CodeIgniter\CodeIgniter->run()
10 SYSTEMPATH\Commands\Server\rewrite.php(47): require_once('FCPATH\\index.php')
INFO - 2023-03-12 06:49:26 --> Session: Class initialized using 'CodeIgniter\Session\Handlers\FileHandler' driver.
WARNING - 2023-03-12 06:49:26 --> [DEPRECATED] Creation of dynamic property App\Controllers\Kategori::$ModelKategori is deprecated in APPPATH\Controllers\Kategori.php on line 15.
 1 SYSTEMPATH\CodeIgniter.php(906): App\Controllers\Kategori->__construct()
 2 SYSTEMPATH\CodeIgniter.php(490): CodeIgniter\CodeIgniter->createController()
 3 SYSTEMPATH\CodeIgniter.php(368): CodeIgniter\CodeIgniter->handleRequest(null, Object(Config\Cache), false)
 4 FCPATH\index.php(67): CodeIgniter\CodeIgniter->run()
 5 SYSTEMPATH\Commands\Server\rewrite.php(47): require_once('FCPATH\\index.php')
INFO - 2023-03-12 06:49:28 --> Session: Class initialized using 'CodeIgniter\Session\Handlers\FileHandler' driver.
WARNING - 2023-03-12 06:49:28 --> [DEPRECATED] Creation of dynamic property App\Controllers\Kategori::$ModelKategori is deprecated in APPPATH\Controllers\Kategori.php on line 15.
 1 SYSTEMPATH\CodeIgniter.php(906): App\Controllers\Kategori->__construct()
 2 SYSTEMPATH\CodeIgniter.php(490): CodeIgniter\CodeIgniter->createController()
 3 SYSTEMPATH\CodeIgniter.php(368): CodeIgniter\CodeIgniter->handleRequest(null, Object(Config\Cache), false)
 4 FCPATH\index.php(67): CodeIgniter\CodeIgniter->run()
 5 SYSTEMPATH\Commands\Server\rewrite.php(47): require_once('FCPATH\\index.php')
INFO - 2023-03-12 06:49:32 --> Session: Class initialized using 'CodeIgniter\Session\Handlers\FileHandler' driver.
INFO - 2023-03-12 06:49:34 --> Session: Class initialized using 'CodeIgniter\Session\Handlers\FileHandler' driver.
WARNING - 2023-03-12 06:49:34 --> [DEPRECATED] Creation of dynamic property App\Controllers\Kategori::$ModelKategori is deprecated in APPPATH\Controllers\Kategori.php on line 15.
 1 SYSTEMPATH\CodeIgniter.php(906): App\Controllers\Kategori->__construct()
 2 SYSTEMPATH\CodeIgniter.php(490): CodeIgniter\CodeIgniter->createController()
 3 SYSTEMPATH\CodeIgniter.php(368): CodeIgniter\CodeIgniter->handleRequest(null, Object(Config\Cache), false)
 4 FCPATH\index.php(67): CodeIgniter\CodeIgniter->run()
 5 SYSTEMPATH\Commands\Server\rewrite.php(47): require_once('FCPATH\\index.php')
INFO - 2023-03-12 06:49:37 --> Session: Class initialized using 'CodeIgniter\Session\Handlers\FileHandler' driver.
INFO - 2023-03-12 06:49:39 --> Session: Class initialized using 'CodeIgniter\Session\Handlers\FileHandler' driver.
WARNING - 2023-03-12 06:49:39 --> [DEPRECATED] Creation of dynamic property App\Controllers\Rak::$ModelRak is deprecated in APPPATH\Controllers\Rak.php on line 14.
 1 SYSTEMPATH\CodeIgniter.php(906): App\Controllers\Rak->__construct()
 2 SYSTEMPATH\CodeIgniter.php(490): CodeIgniter\CodeIgniter->createController()
 3 SYSTEMPATH\CodeIgniter.php(368): CodeIgniter\CodeIgniter->handleRequest(null, Object(Config\Cache), false)
 4 FCPATH\index.php(67): CodeIgniter\CodeIgniter->run()
 5 SYSTEMPATH\Commands\Server\rewrite.php(47): require_once('FCPATH\\index.php')
CRITICAL - 2023-03-12 06:49:39 --> Undefined variable $menu
in APPPATH\Views\v_template_admin.php on line 89.
 1 APPPATH\Views\v_template_admin.php(89): CodeIgniter\Debug\Exceptions->errorHandler(2, 'Undefined variable $menu', 'APPPATH\\Views\\v_template_admin.php', 89)
 2 SYSTEMPATH\View\View.php(213): include('APPPATH\\Views\\v_template_admin.php')
 3 SYSTEMPATH\View\View.php(216): CodeIgniter\View\View->CodeIgniter\View\{closure}()
 4 SYSTEMPATH\Common.php(1177): CodeIgniter\View\View->render('v_template_admin', [], true)
 5 APPPATH\Controllers\Rak.php(24): view('v_template_admin', [...])
 6 SYSTEMPATH\CodeIgniter.php(934): App\Controllers\Rak->index()
 7 SYSTEMPATH\CodeIgniter.php(499): CodeIgniter\CodeIgniter->runController(Object(App\Controllers\Rak))
 8 SYSTEMPATH\CodeIgniter.php(368): CodeIgniter\CodeIgniter->handleRequest(null, Object(Config\Cache), false)
 9 FCPATH\index.php(67): CodeIgniter\CodeIgniter->run()
10 SYSTEMPATH\Commands\Server\rewrite.php(47): require_once('FCPATH\\index.php')
INFO - 2023-03-12 06:55:15 --> Session: Class initialized using 'CodeIgniter\Session\Handlers\FileHandler' driver.
INFO - 2023-03-12 06:55:17 --> Session: Class initialized using 'CodeIgniter\Session\Handlers\FileHandler' driver.
INFO - 2023-03-12 06:55:19 --> Session: Class initialized using 'CodeIgniter\Session\Handlers\FileHandler' driver.
INFO - 2023-03-12 06:56:44 --> Session: Class initialized using 'CodeIgniter\Session\Handlers\FileHandler' driver.
INFO - 2023-03-12 06:58:03 --> Session: Class initialized using 'CodeIgniter\Session\Handlers\FileHandler' driver.
INFO - 2023-03-12 06:58:05 --> Session: Class initialized using 'CodeIgniter\Session\Handlers\FileHandler' driver.
WARNING - 2023-03-12 06:58:05 --> [DEPRECATED] Creation of dynamic property App\Controllers\Rak::$ModelRak is deprecated in APPPATH\Controllers\Rak.php on line 14.
 1 SYSTEMPATH\CodeIgniter.php(906): App\Controllers\Rak->__construct()
 2 SYSTEMPATH\CodeIgniter.php(490): CodeIgniter\CodeIgniter->createController()
 3 SYSTEMPATH\CodeIgniter.php(368): CodeIgniter\CodeIgniter->handleRequest(null, Object(Config\Cache), false)
 4 FCPATH\index.php(67): CodeIgniter\CodeIgniter->run()
 5 SYSTEMPATH\Commands\Server\rewrite.php(47): require_once('FCPATH\\index.php')
CRITICAL - 2023-03-12 06:58:05 --> Undefined variable $menu
in APPPATH\Views\v_template_admin.php on line 89.
 1 APPPATH\Views\v_template_admin.php(89): CodeIgniter\Debug\Exceptions->errorHandler(2, 'Undefined variable $menu', 'APPPATH\\Views\\v_template_admin.php', 89)
 2 SYSTEMPATH\View\View.php(213): include('APPPATH\\Views\\v_template_admin.php')
 3 SYSTEMPATH\View\View.php(216): CodeIgniter\View\View->CodeIgniter\View\{closure}()
 4 SYSTEMPATH\Common.php(1177): CodeIgniter\View\View->render('v_template_admin', [], true)
 5 APPPATH\Controllers\Rak.php(24): view('v_template_admin', [...])
 6 SYSTEMPATH\CodeIgniter.php(934): App\Controllers\Rak->index()
 7 SYSTEMPATH\CodeIgniter.php(499): CodeIgniter\CodeIgniter->runController(Object(App\Controllers\Rak))
 8 SYSTEMPATH\CodeIgniter.php(368): CodeIgniter\CodeIgniter->handleRequest(null, Object(Config\Cache), false)
 9 FCPATH\index.php(67): CodeIgniter\CodeIgniter->run()
10 SYSTEMPATH\Commands\Server\rewrite.php(47): require_once('FCPATH\\index.php')
INFO - 2023-03-12 07:49:07 --> Session: Class initialized using 'CodeIgniter\Session\Handlers\FileHandler' driver.
