WARNING - 2023-04-29 22:33:05 --> [DEPRECATED] Creation of dynamic property App\Controllers\Home::$ModelPengaturan is deprecated in APPPATH\Controllers\Home.php on line 13.
 1 SYSTEMPATH\CodeIgniter.php(906): App\Controllers\Home->__construct()
 2 SYSTEMPATH\CodeIgniter.php(490): CodeIgniter\CodeIgniter->createController()
 3 SYSTEMPATH\CodeIgniter.php(368): CodeIgniter\CodeIgniter->handleRequest(null, Object(Config\Cache), false)
 4 FCPATH\index.php(67): CodeIgniter\CodeIgniter->run()
 5 SYSTEMPATH\Commands\Server\rewrite.php(47): require_once('FCPATH\\index.php')
WARNING - 2023-04-29 22:33:05 --> [DEPRECATED] Creation of dynamic property App\Controllers\Home::$ModelBuku is deprecated in APPPATH\Controllers\Home.php on line 14.
 1 SYSTEMPATH\CodeIgniter.php(906): App\Controllers\Home->__construct()
 2 SYSTEMPATH\CodeIgniter.php(490): CodeIgniter\CodeIgniter->createController()
 3 SYSTEMPATH\CodeIgniter.php(368): CodeIgniter\CodeIgniter->handleRequest(null, Object(Config\Cache), false)
 4 FCPATH\index.php(67): CodeIgniter\CodeIgniter->run()
 5 SYSTEMPATH\Commands\Server\rewrite.php(47): require_once('FCPATH\\index.php')
INFO - 2023-04-29 22:33:08 --> Session: Class initialized using 'CodeIgniter\Session\Handlers\FileHandler' driver.
WARNING - 2023-04-29 22:33:08 --> [DEPRECATED] Creation of dynamic property App\Controllers\Auth::$ModelAuth is deprecated in APPPATH\Controllers\Auth.php on line 13.
 1 SYSTEMPATH\CodeIgniter.php(906): App\Controllers\Auth->__construct()
 2 SYSTEMPATH\CodeIgniter.php(490): CodeIgniter\CodeIgniter->createController()
 3 SYSTEMPATH\CodeIgniter.php(368): CodeIgniter\CodeIgniter->handleRequest(null, Object(Config\Cache), false)
 4 FCPATH\index.php(67): CodeIgniter\CodeIgniter->run()
 5 SYSTEMPATH\Commands\Server\rewrite.php(47): require_once('FCPATH\\index.php')
WARNING - 2023-04-29 22:33:08 --> [DEPRECATED] Creation of dynamic property App\Controllers\Auth::$ModelKelas is deprecated in APPPATH\Controllers\Auth.php on line 14.
 1 SYSTEMPATH\CodeIgniter.php(906): App\Controllers\Auth->__construct()
 2 SYSTEMPATH\CodeIgniter.php(490): CodeIgniter\CodeIgniter->createController()
 3 SYSTEMPATH\CodeIgniter.php(368): CodeIgniter\CodeIgniter->handleRequest(null, Object(Config\Cache), false)
 4 FCPATH\index.php(67): CodeIgniter\CodeIgniter->run()
 5 SYSTEMPATH\Commands\Server\rewrite.php(47): require_once('FCPATH\\index.php')
WARNING - 2023-04-29 22:33:34 --> [DEPRECATED] Creation of dynamic property App\Controllers\Auth::$ModelAuth is deprecated in APPPATH\Controllers\Auth.php on line 13.
 1 SYSTEMPATH\CodeIgniter.php(906): App\Controllers\Auth->__construct()
 2 SYSTEMPATH\CodeIgniter.php(490): CodeIgniter\CodeIgniter->createController()
 3 SYSTEMPATH\CodeIgniter.php(368): CodeIgniter\CodeIgniter->handleRequest(null, Object(Config\Cache), false)
 4 FCPATH\index.php(67): CodeIgniter\CodeIgniter->run()
 5 SYSTEMPATH\Commands\Server\rewrite.php(47): require_once('FCPATH\\index.php')
WARNING - 2023-04-29 22:33:34 --> [DEPRECATED] Creation of dynamic property App\Controllers\Auth::$ModelKelas is deprecated in APPPATH\Controllers\Auth.php on line 14.
 1 SYSTEMPATH\CodeIgniter.php(906): App\Controllers\Auth->__construct()
 2 SYSTEMPATH\CodeIgniter.php(490): CodeIgniter\CodeIgniter->createController()
 3 SYSTEMPATH\CodeIgniter.php(368): CodeIgniter\CodeIgniter->handleRequest(null, Object(Config\Cache), false)
 4 FCPATH\index.php(67): CodeIgniter\CodeIgniter->run()
 5 SYSTEMPATH\Commands\Server\rewrite.php(47): require_once('FCPATH\\index.php')
WARNING - 2023-04-29 22:33:38 --> [DEPRECATED] Creation of dynamic property App\Controllers\Auth::$ModelAuth is deprecated in APPPATH\Controllers\Auth.php on line 13.
 1 SYSTEMPATH\CodeIgniter.php(906): App\Controllers\Auth->__construct()
 2 SYSTEMPATH\CodeIgniter.php(490): CodeIgniter\CodeIgniter->createController()
 3 SYSTEMPATH\CodeIgniter.php(368): CodeIgniter\CodeIgniter->handleRequest(null, Object(Config\Cache), false)
 4 FCPATH\index.php(67): CodeIgniter\CodeIgniter->run()
 5 SYSTEMPATH\Commands\Server\rewrite.php(47): require_once('FCPATH\\index.php')
WARNING - 2023-04-29 22:33:38 --> [DEPRECATED] Creation of dynamic property App\Controllers\Auth::$ModelKelas is deprecated in APPPATH\Controllers\Auth.php on line 14.
 1 SYSTEMPATH\CodeIgniter.php(906): App\Controllers\Auth->__construct()
 2 SYSTEMPATH\CodeIgniter.php(490): CodeIgniter\CodeIgniter->createController()
 3 SYSTEMPATH\CodeIgniter.php(368): CodeIgniter\CodeIgniter->handleRequest(null, Object(Config\Cache), false)
 4 FCPATH\index.php(67): CodeIgniter\CodeIgniter->run()
 5 SYSTEMPATH\Commands\Server\rewrite.php(47): require_once('FCPATH\\index.php')
INFO - 2023-04-29 22:33:38 --> Session: Class initialized using 'CodeIgniter\Session\Handlers\FileHandler' driver.
WARNING - 2023-04-29 22:33:56 --> [DEPRECATED] Creation of dynamic property App\Controllers\Auth::$ModelAuth is deprecated in APPPATH\Controllers\Auth.php on line 13.
 1 SYSTEMPATH\CodeIgniter.php(906): App\Controllers\Auth->__construct()
 2 SYSTEMPATH\CodeIgniter.php(490): CodeIgniter\CodeIgniter->createController()
 3 SYSTEMPATH\CodeIgniter.php(368): CodeIgniter\CodeIgniter->handleRequest(null, Object(Config\Cache), false)
 4 FCPATH\index.php(67): CodeIgniter\CodeIgniter->run()
 5 SYSTEMPATH\Commands\Server\rewrite.php(47): require_once('FCPATH\\index.php')
WARNING - 2023-04-29 22:33:56 --> [DEPRECATED] Creation of dynamic property App\Controllers\Auth::$ModelKelas is deprecated in APPPATH\Controllers\Auth.php on line 14.
 1 SYSTEMPATH\CodeIgniter.php(906): App\Controllers\Auth->__construct()
 2 SYSTEMPATH\CodeIgniter.php(490): CodeIgniter\CodeIgniter->createController()
 3 SYSTEMPATH\CodeIgniter.php(368): CodeIgniter\CodeIgniter->handleRequest(null, Object(Config\Cache), false)
 4 FCPATH\index.php(67): CodeIgniter\CodeIgniter->run()
 5 SYSTEMPATH\Commands\Server\rewrite.php(47): require_once('FCPATH\\index.php')
INFO - 2023-04-29 22:33:57 --> Session: Class initialized using 'CodeIgniter\Session\Handlers\FileHandler' driver.
INFO - 2023-04-29 22:33:57 --> Session: Class initialized using 'CodeIgniter\Session\Handlers\FileHandler' driver.
WARNING - 2023-04-29 22:33:57 --> [DEPRECATED] Creation of dynamic property App\Controllers\Admin::$ModelAdmin is deprecated in APPPATH\Controllers\Admin.php on line 13.
 1 SYSTEMPATH\CodeIgniter.php(906): App\Controllers\Admin->__construct()
 2 SYSTEMPATH\CodeIgniter.php(490): CodeIgniter\CodeIgniter->createController()
 3 SYSTEMPATH\CodeIgniter.php(368): CodeIgniter\CodeIgniter->handleRequest(null, Object(Config\Cache), false)
 4 FCPATH\index.php(67): CodeIgniter\CodeIgniter->run()
 5 SYSTEMPATH\Commands\Server\rewrite.php(47): require_once('FCPATH\\index.php')
WARNING - 2023-04-29 22:33:57 --> [DEPRECATED] Creation of dynamic property App\Controllers\Admin::$ModelPeminjaman is deprecated in APPPATH\Controllers\Admin.php on line 14.
 1 SYSTEMPATH\CodeIgniter.php(906): App\Controllers\Admin->__construct()
 2 SYSTEMPATH\CodeIgniter.php(490): CodeIgniter\CodeIgniter->createController()
 3 SYSTEMPATH\CodeIgniter.php(368): CodeIgniter\CodeIgniter->handleRequest(null, Object(Config\Cache), false)
 4 FCPATH\index.php(67): CodeIgniter\CodeIgniter->run()
 5 SYSTEMPATH\Commands\Server\rewrite.php(47): require_once('FCPATH\\index.php')
INFO - 2023-04-29 22:34:25 --> Session: Class initialized using 'CodeIgniter\Session\Handlers\FileHandler' driver.
WARNING - 2023-04-29 22:34:25 --> [DEPRECATED] Creation of dynamic property App\Controllers\Admin::$ModelAdmin is deprecated in APPPATH\Controllers\Admin.php on line 13.
 1 SYSTEMPATH\CodeIgniter.php(906): App\Controllers\Admin->__construct()
 2 SYSTEMPATH\CodeIgniter.php(490): CodeIgniter\CodeIgniter->createController()
 3 SYSTEMPATH\CodeIgniter.php(368): CodeIgniter\CodeIgniter->handleRequest(null, Object(Config\Cache), false)
 4 FCPATH\index.php(67): CodeIgniter\CodeIgniter->run()
 5 SYSTEMPATH\Commands\Server\rewrite.php(47): require_once('FCPATH\\index.php')
WARNING - 2023-04-29 22:34:25 --> [DEPRECATED] Creation of dynamic property App\Controllers\Admin::$ModelPeminjaman is deprecated in APPPATH\Controllers\Admin.php on line 14.
 1 SYSTEMPATH\CodeIgniter.php(906): App\Controllers\Admin->__construct()
 2 SYSTEMPATH\CodeIgniter.php(490): CodeIgniter\CodeIgniter->createController()
 3 SYSTEMPATH\CodeIgniter.php(368): CodeIgniter\CodeIgniter->handleRequest(null, Object(Config\Cache), false)
 4 FCPATH\index.php(67): CodeIgniter\CodeIgniter->run()
 5 SYSTEMPATH\Commands\Server\rewrite.php(47): require_once('FCPATH\\index.php')
INFO - 2023-04-29 22:34:46 --> Session: Class initialized using 'CodeIgniter\Session\Handlers\FileHandler' driver.
WARNING - 2023-04-29 22:34:46 --> [DEPRECATED] Creation of dynamic property App\Controllers\Buku::$ModelBuku is deprecated in APPPATH\Controllers\Buku.php on line 18.
 1 SYSTEMPATH\CodeIgniter.php(906): App\Controllers\Buku->__construct()
 2 SYSTEMPATH\CodeIgniter.php(490): CodeIgniter\CodeIgniter->createController()
 3 SYSTEMPATH\CodeIgniter.php(368): CodeIgniter\CodeIgniter->handleRequest(null, Object(Config\Cache), false)
 4 FCPATH\index.php(67): CodeIgniter\CodeIgniter->run()
 5 SYSTEMPATH\Commands\Server\rewrite.php(47): require_once('FCPATH\\index.php')
WARNING - 2023-04-29 22:34:46 --> [DEPRECATED] Creation of dynamic property App\Controllers\Buku::$ModelKategori is deprecated in APPPATH\Controllers\Buku.php on line 19.
 1 SYSTEMPATH\CodeIgniter.php(906): App\Controllers\Buku->__construct()
 2 SYSTEMPATH\CodeIgniter.php(490): CodeIgniter\CodeIgniter->createController()
 3 SYSTEMPATH\CodeIgniter.php(368): CodeIgniter\CodeIgniter->handleRequest(null, Object(Config\Cache), false)
 4 FCPATH\index.php(67): CodeIgniter\CodeIgniter->run()
 5 SYSTEMPATH\Commands\Server\rewrite.php(47): require_once('FCPATH\\index.php')
WARNING - 2023-04-29 22:34:46 --> [DEPRECATED] Creation of dynamic property App\Controllers\Buku::$ModelRak is deprecated in APPPATH\Controllers\Buku.php on line 20.
 1 SYSTEMPATH\CodeIgniter.php(906): App\Controllers\Buku->__construct()
 2 SYSTEMPATH\CodeIgniter.php(490): CodeIgniter\CodeIgniter->createController()
 3 SYSTEMPATH\CodeIgniter.php(368): CodeIgniter\CodeIgniter->handleRequest(null, Object(Config\Cache), false)
 4 FCPATH\index.php(67): CodeIgniter\CodeIgniter->run()
 5 SYSTEMPATH\Commands\Server\rewrite.php(47): require_once('FCPATH\\index.php')
WARNING - 2023-04-29 22:34:46 --> [DEPRECATED] Creation of dynamic property App\Controllers\Buku::$ModelPenerbit is deprecated in APPPATH\Controllers\Buku.php on line 21.
 1 SYSTEMPATH\CodeIgniter.php(906): App\Controllers\Buku->__construct()
 2 SYSTEMPATH\CodeIgniter.php(490): CodeIgniter\CodeIgniter->createController()
 3 SYSTEMPATH\CodeIgniter.php(368): CodeIgniter\CodeIgniter->handleRequest(null, Object(Config\Cache), false)
 4 FCPATH\index.php(67): CodeIgniter\CodeIgniter->run()
 5 SYSTEMPATH\Commands\Server\rewrite.php(47): require_once('FCPATH\\index.php')
WARNING - 2023-04-29 22:34:46 --> [DEPRECATED] Creation of dynamic property App\Controllers\Buku::$ModelPenulis is deprecated in APPPATH\Controllers\Buku.php on line 22.
 1 SYSTEMPATH\CodeIgniter.php(906): App\Controllers\Buku->__construct()
 2 SYSTEMPATH\CodeIgniter.php(490): CodeIgniter\CodeIgniter->createController()
 3 SYSTEMPATH\CodeIgniter.php(368): CodeIgniter\CodeIgniter->handleRequest(null, Object(Config\Cache), false)
 4 FCPATH\index.php(67): CodeIgniter\CodeIgniter->run()
 5 SYSTEMPATH\Commands\Server\rewrite.php(47): require_once('FCPATH\\index.php')
INFO - 2023-04-29 23:24:07 --> Session: Class initialized using 'CodeIgniter\Session\Handlers\FileHandler' driver.
WARNING - 2023-04-29 23:24:07 --> [DEPRECATED] Creation of dynamic property App\Controllers\Buku::$ModelBuku is deprecated in APPPATH\Controllers\Buku.php on line 18.
 1 SYSTEMPATH\CodeIgniter.php(906): App\Controllers\Buku->__construct()
 2 SYSTEMPATH\CodeIgniter.php(490): CodeIgniter\CodeIgniter->createController()
 3 SYSTEMPATH\CodeIgniter.php(368): CodeIgniter\CodeIgniter->handleRequest(null, Object(Config\Cache), false)
 4 FCPATH\index.php(67): CodeIgniter\CodeIgniter->run()
 5 SYSTEMPATH\Commands\Server\rewrite.php(47): require_once('FCPATH\\index.php')
WARNING - 2023-04-29 23:24:07 --> [DEPRECATED] Creation of dynamic property App\Controllers\Buku::$ModelKategori is deprecated in APPPATH\Controllers\Buku.php on line 19.
 1 SYSTEMPATH\CodeIgniter.php(906): App\Controllers\Buku->__construct()
 2 SYSTEMPATH\CodeIgniter.php(490): CodeIgniter\CodeIgniter->createController()
 3 SYSTEMPATH\CodeIgniter.php(368): CodeIgniter\CodeIgniter->handleRequest(null, Object(Config\Cache), false)
 4 FCPATH\index.php(67): CodeIgniter\CodeIgniter->run()
 5 SYSTEMPATH\Commands\Server\rewrite.php(47): require_once('FCPATH\\index.php')
WARNING - 2023-04-29 23:24:07 --> [DEPRECATED] Creation of dynamic property App\Controllers\Buku::$ModelRak is deprecated in APPPATH\Controllers\Buku.php on line 20.
 1 SYSTEMPATH\CodeIgniter.php(906): App\Controllers\Buku->__construct()
 2 SYSTEMPATH\CodeIgniter.php(490): CodeIgniter\CodeIgniter->createController()
 3 SYSTEMPATH\CodeIgniter.php(368): CodeIgniter\CodeIgniter->handleRequest(null, Object(Config\Cache), false)
 4 FCPATH\index.php(67): CodeIgniter\CodeIgniter->run()
 5 SYSTEMPATH\Commands\Server\rewrite.php(47): require_once('FCPATH\\index.php')
WARNING - 2023-04-29 23:24:07 --> [DEPRECATED] Creation of dynamic property App\Controllers\Buku::$ModelPenerbit is deprecated in APPPATH\Controllers\Buku.php on line 21.
 1 SYSTEMPATH\CodeIgniter.php(906): App\Controllers\Buku->__construct()
 2 SYSTEMPATH\CodeIgniter.php(490): CodeIgniter\CodeIgniter->createController()
 3 SYSTEMPATH\CodeIgniter.php(368): CodeIgniter\CodeIgniter->handleRequest(null, Object(Config\Cache), false)
 4 FCPATH\index.php(67): CodeIgniter\CodeIgniter->run()
 5 SYSTEMPATH\Commands\Server\rewrite.php(47): require_once('FCPATH\\index.php')
WARNING - 2023-04-29 23:24:07 --> [DEPRECATED] Creation of dynamic property App\Controllers\Buku::$ModelPenulis is deprecated in APPPATH\Controllers\Buku.php on line 22.
 1 SYSTEMPATH\CodeIgniter.php(906): App\Controllers\Buku->__construct()
 2 SYSTEMPATH\CodeIgniter.php(490): CodeIgniter\CodeIgniter->createController()
 3 SYSTEMPATH\CodeIgniter.php(368): CodeIgniter\CodeIgniter->handleRequest(null, Object(Config\Cache), false)
 4 FCPATH\index.php(67): CodeIgniter\CodeIgniter->run()
 5 SYSTEMPATH\Commands\Server\rewrite.php(47): require_once('FCPATH\\index.php')
INFO - 2023-04-29 23:24:14 --> Session: Class initialized using 'CodeIgniter\Session\Handlers\FileHandler' driver.
WARNING - 2023-04-29 23:24:14 --> [DEPRECATED] Creation of dynamic property App\Controllers\Buku::$ModelBuku is deprecated in APPPATH\Controllers\Buku.php on line 18.
 1 SYSTEMPATH\CodeIgniter.php(906): App\Controllers\Buku->__construct()
 2 SYSTEMPATH\CodeIgniter.php(490): CodeIgniter\CodeIgniter->createController()
 3 SYSTEMPATH\CodeIgniter.php(368): CodeIgniter\CodeIgniter->handleRequest(null, Object(Config\Cache), false)
 4 FCPATH\index.php(67): CodeIgniter\CodeIgniter->run()
 5 SYSTEMPATH\Commands\Server\rewrite.php(47): require_once('FCPATH\\index.php')
WARNING - 2023-04-29 23:24:14 --> [DEPRECATED] Creation of dynamic property App\Controllers\Buku::$ModelKategori is deprecated in APPPATH\Controllers\Buku.php on line 19.
 1 SYSTEMPATH\CodeIgniter.php(906): App\Controllers\Buku->__construct()
 2 SYSTEMPATH\CodeIgniter.php(490): CodeIgniter\CodeIgniter->createController()
 3 SYSTEMPATH\CodeIgniter.php(368): CodeIgniter\CodeIgniter->handleRequest(null, Object(Config\Cache), false)
 4 FCPATH\index.php(67): CodeIgniter\CodeIgniter->run()
 5 SYSTEMPATH\Commands\Server\rewrite.php(47): require_once('FCPATH\\index.php')
WARNING - 2023-04-29 23:24:14 --> [DEPRECATED] Creation of dynamic property App\Controllers\Buku::$ModelRak is deprecated in APPPATH\Controllers\Buku.php on line 20.
 1 SYSTEMPATH\CodeIgniter.php(906): App\Controllers\Buku->__construct()
 2 SYSTEMPATH\CodeIgniter.php(490): CodeIgniter\CodeIgniter->createController()
 3 SYSTEMPATH\CodeIgniter.php(368): CodeIgniter\CodeIgniter->handleRequest(null, Object(Config\Cache), false)
 4 FCPATH\index.php(67): CodeIgniter\CodeIgniter->run()
 5 SYSTEMPATH\Commands\Server\rewrite.php(47): require_once('FCPATH\\index.php')
WARNING - 2023-04-29 23:24:14 --> [DEPRECATED] Creation of dynamic property App\Controllers\Buku::$ModelPenerbit is deprecated in APPPATH\Controllers\Buku.php on line 21.
 1 SYSTEMPATH\CodeIgniter.php(906): App\Controllers\Buku->__construct()
 2 SYSTEMPATH\CodeIgniter.php(490): CodeIgniter\CodeIgniter->createController()
 3 SYSTEMPATH\CodeIgniter.php(368): CodeIgniter\CodeIgniter->handleRequest(null, Object(Config\Cache), false)
 4 FCPATH\index.php(67): CodeIgniter\CodeIgniter->run()
 5 SYSTEMPATH\Commands\Server\rewrite.php(47): require_once('FCPATH\\index.php')
WARNING - 2023-04-29 23:24:14 --> [DEPRECATED] Creation of dynamic property App\Controllers\Buku::$ModelPenulis is deprecated in APPPATH\Controllers\Buku.php on line 22.
 1 SYSTEMPATH\CodeIgniter.php(906): App\Controllers\Buku->__construct()
 2 SYSTEMPATH\CodeIgniter.php(490): CodeIgniter\CodeIgniter->createController()
 3 SYSTEMPATH\CodeIgniter.php(368): CodeIgniter\CodeIgniter->handleRequest(null, Object(Config\Cache), false)
 4 FCPATH\index.php(67): CodeIgniter\CodeIgniter->run()
 5 SYSTEMPATH\Commands\Server\rewrite.php(47): require_once('FCPATH\\index.php')
INFO - 2023-04-29 23:26:21 --> Session: Class initialized using 'CodeIgniter\Session\Handlers\FileHandler' driver.
WARNING - 2023-04-29 23:26:21 --> [DEPRECATED] Creation of dynamic property App\Controllers\Penulis::$ModelPenulis is deprecated in APPPATH\Controllers\Penulis.php on line 15.
 1 SYSTEMPATH\CodeIgniter.php(906): App\Controllers\Penulis->__construct()
 2 SYSTEMPATH\CodeIgniter.php(490): CodeIgniter\CodeIgniter->createController()
 3 SYSTEMPATH\CodeIgniter.php(368): CodeIgniter\CodeIgniter->handleRequest(null, Object(Config\Cache), false)
 4 FCPATH\index.php(67): CodeIgniter\CodeIgniter->run()
 5 SYSTEMPATH\Commands\Server\rewrite.php(47): require_once('FCPATH\\index.php')
INFO - 2023-04-29 23:26:28 --> Session: Class initialized using 'CodeIgniter\Session\Handlers\FileHandler' driver.
WARNING - 2023-04-29 23:26:28 --> [DEPRECATED] Creation of dynamic property App\Controllers\Penulis::$ModelPenulis is deprecated in APPPATH\Controllers\Penulis.php on line 15.
 1 SYSTEMPATH\CodeIgniter.php(906): App\Controllers\Penulis->__construct()
 2 SYSTEMPATH\CodeIgniter.php(490): CodeIgniter\CodeIgniter->createController()
 3 SYSTEMPATH\CodeIgniter.php(368): CodeIgniter\CodeIgniter->handleRequest(null, Object(Config\Cache), false)
 4 FCPATH\index.php(67): CodeIgniter\CodeIgniter->run()
 5 SYSTEMPATH\Commands\Server\rewrite.php(47): require_once('FCPATH\\index.php')
INFO - 2023-04-29 23:26:29 --> Session: Class initialized using 'CodeIgniter\Session\Handlers\FileHandler' driver.
WARNING - 2023-04-29 23:26:29 --> [DEPRECATED] Creation of dynamic property App\Controllers\Penulis::$ModelPenulis is deprecated in APPPATH\Controllers\Penulis.php on line 15.
 1 SYSTEMPATH\CodeIgniter.php(906): App\Controllers\Penulis->__construct()
 2 SYSTEMPATH\CodeIgniter.php(490): CodeIgniter\CodeIgniter->createController()
 3 SYSTEMPATH\CodeIgniter.php(368): CodeIgniter\CodeIgniter->handleRequest(null, Object(Config\Cache), false)
 4 FCPATH\index.php(67): CodeIgniter\CodeIgniter->run()
 5 SYSTEMPATH\Commands\Server\rewrite.php(47): require_once('FCPATH\\index.php')
INFO - 2023-04-29 23:26:32 --> Session: Class initialized using 'CodeIgniter\Session\Handlers\FileHandler' driver.
WARNING - 2023-04-29 23:26:32 --> [DEPRECATED] Creation of dynamic property App\Controllers\Penulis::$ModelPenulis is deprecated in APPPATH\Controllers\Penulis.php on line 15.
 1 SYSTEMPATH\CodeIgniter.php(906): App\Controllers\Penulis->__construct()
 2 SYSTEMPATH\CodeIgniter.php(490): CodeIgniter\CodeIgniter->createController()
 3 SYSTEMPATH\CodeIgniter.php(368): CodeIgniter\CodeIgniter->handleRequest(null, Object(Config\Cache), false)
 4 FCPATH\index.php(67): CodeIgniter\CodeIgniter->run()
 5 SYSTEMPATH\Commands\Server\rewrite.php(47): require_once('FCPATH\\index.php')
INFO - 2023-04-29 23:26:36 --> Session: Class initialized using 'CodeIgniter\Session\Handlers\FileHandler' driver.
WARNING - 2023-04-29 23:26:36 --> [DEPRECATED] Creation of dynamic property App\Controllers\Buku::$ModelBuku is deprecated in APPPATH\Controllers\Buku.php on line 18.
 1 SYSTEMPATH\CodeIgniter.php(906): App\Controllers\Buku->__construct()
 2 SYSTEMPATH\CodeIgniter.php(490): CodeIgniter\CodeIgniter->createController()
 3 SYSTEMPATH\CodeIgniter.php(368): CodeIgniter\CodeIgniter->handleRequest(null, Object(Config\Cache), false)
 4 FCPATH\index.php(67): CodeIgniter\CodeIgniter->run()
 5 SYSTEMPATH\Commands\Server\rewrite.php(47): require_once('FCPATH\\index.php')
WARNING - 2023-04-29 23:26:36 --> [DEPRECATED] Creation of dynamic property App\Controllers\Buku::$ModelKategori is deprecated in APPPATH\Controllers\Buku.php on line 19.
 1 SYSTEMPATH\CodeIgniter.php(906): App\Controllers\Buku->__construct()
 2 SYSTEMPATH\CodeIgniter.php(490): CodeIgniter\CodeIgniter->createController()
 3 SYSTEMPATH\CodeIgniter.php(368): CodeIgniter\CodeIgniter->handleRequest(null, Object(Config\Cache), false)
 4 FCPATH\index.php(67): CodeIgniter\CodeIgniter->run()
 5 SYSTEMPATH\Commands\Server\rewrite.php(47): require_once('FCPATH\\index.php')
WARNING - 2023-04-29 23:26:36 --> [DEPRECATED] Creation of dynamic property App\Controllers\Buku::$ModelRak is deprecated in APPPATH\Controllers\Buku.php on line 20.
 1 SYSTEMPATH\CodeIgniter.php(906): App\Controllers\Buku->__construct()
 2 SYSTEMPATH\CodeIgniter.php(490): CodeIgniter\CodeIgniter->createController()
 3 SYSTEMPATH\CodeIgniter.php(368): CodeIgniter\CodeIgniter->handleRequest(null, Object(Config\Cache), false)
 4 FCPATH\index.php(67): CodeIgniter\CodeIgniter->run()
 5 SYSTEMPATH\Commands\Server\rewrite.php(47): require_once('FCPATH\\index.php')
WARNING - 2023-04-29 23:26:36 --> [DEPRECATED] Creation of dynamic property App\Controllers\Buku::$ModelPenerbit is deprecated in APPPATH\Controllers\Buku.php on line 21.
 1 SYSTEMPATH\CodeIgniter.php(906): App\Controllers\Buku->__construct()
 2 SYSTEMPATH\CodeIgniter.php(490): CodeIgniter\CodeIgniter->createController()
 3 SYSTEMPATH\CodeIgniter.php(368): CodeIgniter\CodeIgniter->handleRequest(null, Object(Config\Cache), false)
 4 FCPATH\index.php(67): CodeIgniter\CodeIgniter->run()
 5 SYSTEMPATH\Commands\Server\rewrite.php(47): require_once('FCPATH\\index.php')
WARNING - 2023-04-29 23:26:36 --> [DEPRECATED] Creation of dynamic property App\Controllers\Buku::$ModelPenulis is deprecated in APPPATH\Controllers\Buku.php on line 22.
 1 SYSTEMPATH\CodeIgniter.php(906): App\Controllers\Buku->__construct()
 2 SYSTEMPATH\CodeIgniter.php(490): CodeIgniter\CodeIgniter->createController()
 3 SYSTEMPATH\CodeIgniter.php(368): CodeIgniter\CodeIgniter->handleRequest(null, Object(Config\Cache), false)
 4 FCPATH\index.php(67): CodeIgniter\CodeIgniter->run()
 5 SYSTEMPATH\Commands\Server\rewrite.php(47): require_once('FCPATH\\index.php')
INFO - 2023-04-29 23:29:04 --> Session: Class initialized using 'CodeIgniter\Session\Handlers\FileHandler' driver.
WARNING - 2023-04-29 23:29:04 --> [DEPRECATED] Creation of dynamic property App\Controllers\Buku::$ModelBuku is deprecated in APPPATH\Controllers\Buku.php on line 18.
 1 SYSTEMPATH\CodeIgniter.php(906): App\Controllers\Buku->__construct()
 2 SYSTEMPATH\CodeIgniter.php(490): CodeIgniter\CodeIgniter->createController()
 3 SYSTEMPATH\CodeIgniter.php(368): CodeIgniter\CodeIgniter->handleRequest(null, Object(Config\Cache), false)
 4 FCPATH\index.php(67): CodeIgniter\CodeIgniter->run()
 5 SYSTEMPATH\Commands\Server\rewrite.php(47): require_once('FCPATH\\index.php')
WARNING - 2023-04-29 23:29:04 --> [DEPRECATED] Creation of dynamic property App\Controllers\Buku::$ModelKategori is deprecated in APPPATH\Controllers\Buku.php on line 19.
 1 SYSTEMPATH\CodeIgniter.php(906): App\Controllers\Buku->__construct()
 2 SYSTEMPATH\CodeIgniter.php(490): CodeIgniter\CodeIgniter->createController()
 3 SYSTEMPATH\CodeIgniter.php(368): CodeIgniter\CodeIgniter->handleRequest(null, Object(Config\Cache), false)
 4 FCPATH\index.php(67): CodeIgniter\CodeIgniter->run()
 5 SYSTEMPATH\Commands\Server\rewrite.php(47): require_once('FCPATH\\index.php')
WARNING - 2023-04-29 23:29:04 --> [DEPRECATED] Creation of dynamic property App\Controllers\Buku::$ModelRak is deprecated in APPPATH\Controllers\Buku.php on line 20.
 1 SYSTEMPATH\CodeIgniter.php(906): App\Controllers\Buku->__construct()
 2 SYSTEMPATH\CodeIgniter.php(490): CodeIgniter\CodeIgniter->createController()
 3 SYSTEMPATH\CodeIgniter.php(368): CodeIgniter\CodeIgniter->handleRequest(null, Object(Config\Cache), false)
 4 FCPATH\index.php(67): CodeIgniter\CodeIgniter->run()
 5 SYSTEMPATH\Commands\Server\rewrite.php(47): require_once('FCPATH\\index.php')
WARNING - 2023-04-29 23:29:04 --> [DEPRECATED] Creation of dynamic property App\Controllers\Buku::$ModelPenerbit is deprecated in APPPATH\Controllers\Buku.php on line 21.
 1 SYSTEMPATH\CodeIgniter.php(906): App\Controllers\Buku->__construct()
 2 SYSTEMPATH\CodeIgniter.php(490): CodeIgniter\CodeIgniter->createController()
 3 SYSTEMPATH\CodeIgniter.php(368): CodeIgniter\CodeIgniter->handleRequest(null, Object(Config\Cache), false)
 4 FCPATH\index.php(67): CodeIgniter\CodeIgniter->run()
 5 SYSTEMPATH\Commands\Server\rewrite.php(47): require_once('FCPATH\\index.php')
WARNING - 2023-04-29 23:29:04 --> [DEPRECATED] Creation of dynamic property App\Controllers\Buku::$ModelPenulis is deprecated in APPPATH\Controllers\Buku.php on line 22.
 1 SYSTEMPATH\CodeIgniter.php(906): App\Controllers\Buku->__construct()
 2 SYSTEMPATH\CodeIgniter.php(490): CodeIgniter\CodeIgniter->createController()
 3 SYSTEMPATH\CodeIgniter.php(368): CodeIgniter\CodeIgniter->handleRequest(null, Object(Config\Cache), false)
 4 FCPATH\index.php(67): CodeIgniter\CodeIgniter->run()
 5 SYSTEMPATH\Commands\Server\rewrite.php(47): require_once('FCPATH\\index.php')
INFO - 2023-04-29 23:31:48 --> Session: Class initialized using 'CodeIgniter\Session\Handlers\FileHandler' driver.
WARNING - 2023-04-29 23:31:48 --> [DEPRECATED] Creation of dynamic property App\Controllers\Buku::$ModelBuku is deprecated in APPPATH\Controllers\Buku.php on line 18.
 1 SYSTEMPATH\CodeIgniter.php(906): App\Controllers\Buku->__construct()
 2 SYSTEMPATH\CodeIgniter.php(490): CodeIgniter\CodeIgniter->createController()
 3 SYSTEMPATH\CodeIgniter.php(368): CodeIgniter\CodeIgniter->handleRequest(null, Object(Config\Cache), false)
 4 FCPATH\index.php(67): CodeIgniter\CodeIgniter->run()
 5 SYSTEMPATH\Commands\Server\rewrite.php(47): require_once('FCPATH\\index.php')
WARNING - 2023-04-29 23:31:48 --> [DEPRECATED] Creation of dynamic property App\Controllers\Buku::$ModelKategori is deprecated in APPPATH\Controllers\Buku.php on line 19.
 1 SYSTEMPATH\CodeIgniter.php(906): App\Controllers\Buku->__construct()
 2 SYSTEMPATH\CodeIgniter.php(490): CodeIgniter\CodeIgniter->createController()
 3 SYSTEMPATH\CodeIgniter.php(368): CodeIgniter\CodeIgniter->handleRequest(null, Object(Config\Cache), false)
 4 FCPATH\index.php(67): CodeIgniter\CodeIgniter->run()
 5 SYSTEMPATH\Commands\Server\rewrite.php(47): require_once('FCPATH\\index.php')
WARNING - 2023-04-29 23:31:48 --> [DEPRECATED] Creation of dynamic property App\Controllers\Buku::$ModelRak is deprecated in APPPATH\Controllers\Buku.php on line 20.
 1 SYSTEMPATH\CodeIgniter.php(906): App\Controllers\Buku->__construct()
 2 SYSTEMPATH\CodeIgniter.php(490): CodeIgniter\CodeIgniter->createController()
 3 SYSTEMPATH\CodeIgniter.php(368): CodeIgniter\CodeIgniter->handleRequest(null, Object(Config\Cache), false)
 4 FCPATH\index.php(67): CodeIgniter\CodeIgniter->run()
 5 SYSTEMPATH\Commands\Server\rewrite.php(47): require_once('FCPATH\\index.php')
WARNING - 2023-04-29 23:31:48 --> [DEPRECATED] Creation of dynamic property App\Controllers\Buku::$ModelPenerbit is deprecated in APPPATH\Controllers\Buku.php on line 21.
 1 SYSTEMPATH\CodeIgniter.php(906): App\Controllers\Buku->__construct()
 2 SYSTEMPATH\CodeIgniter.php(490): CodeIgniter\CodeIgniter->createController()
 3 SYSTEMPATH\CodeIgniter.php(368): CodeIgniter\CodeIgniter->handleRequest(null, Object(Config\Cache), false)
 4 FCPATH\index.php(67): CodeIgniter\CodeIgniter->run()
 5 SYSTEMPATH\Commands\Server\rewrite.php(47): require_once('FCPATH\\index.php')
WARNING - 2023-04-29 23:31:48 --> [DEPRECATED] Creation of dynamic property App\Controllers\Buku::$ModelPenulis is deprecated in APPPATH\Controllers\Buku.php on line 22.
 1 SYSTEMPATH\CodeIgniter.php(906): App\Controllers\Buku->__construct()
 2 SYSTEMPATH\CodeIgniter.php(490): CodeIgniter\CodeIgniter->createController()
 3 SYSTEMPATH\CodeIgniter.php(368): CodeIgniter\CodeIgniter->handleRequest(null, Object(Config\Cache), false)
 4 FCPATH\index.php(67): CodeIgniter\CodeIgniter->run()
 5 SYSTEMPATH\Commands\Server\rewrite.php(47): require_once('FCPATH\\index.php')
INFO - 2023-04-29 23:31:49 --> Session: Class initialized using 'CodeIgniter\Session\Handlers\FileHandler' driver.
WARNING - 2023-04-29 23:31:49 --> [DEPRECATED] Creation of dynamic property App\Controllers\Buku::$ModelBuku is deprecated in APPPATH\Controllers\Buku.php on line 18.
 1 SYSTEMPATH\CodeIgniter.php(906): App\Controllers\Buku->__construct()
 2 SYSTEMPATH\CodeIgniter.php(490): CodeIgniter\CodeIgniter->createController()
 3 SYSTEMPATH\CodeIgniter.php(368): CodeIgniter\CodeIgniter->handleRequest(null, Object(Config\Cache), false)
 4 FCPATH\index.php(67): CodeIgniter\CodeIgniter->run()
 5 SYSTEMPATH\Commands\Server\rewrite.php(47): require_once('FCPATH\\index.php')
WARNING - 2023-04-29 23:31:49 --> [DEPRECATED] Creation of dynamic property App\Controllers\Buku::$ModelKategori is deprecated in APPPATH\Controllers\Buku.php on line 19.
 1 SYSTEMPATH\CodeIgniter.php(906): App\Controllers\Buku->__construct()
 2 SYSTEMPATH\CodeIgniter.php(490): CodeIgniter\CodeIgniter->createController()
 3 SYSTEMPATH\CodeIgniter.php(368): CodeIgniter\CodeIgniter->handleRequest(null, Object(Config\Cache), false)
 4 FCPATH\index.php(67): CodeIgniter\CodeIgniter->run()
 5 SYSTEMPATH\Commands\Server\rewrite.php(47): require_once('FCPATH\\index.php')
WARNING - 2023-04-29 23:31:49 --> [DEPRECATED] Creation of dynamic property App\Controllers\Buku::$ModelRak is deprecated in APPPATH\Controllers\Buku.php on line 20.
 1 SYSTEMPATH\CodeIgniter.php(906): App\Controllers\Buku->__construct()
 2 SYSTEMPATH\CodeIgniter.php(490): CodeIgniter\CodeIgniter->createController()
 3 SYSTEMPATH\CodeIgniter.php(368): CodeIgniter\CodeIgniter->handleRequest(null, Object(Config\Cache), false)
 4 FCPATH\index.php(67): CodeIgniter\CodeIgniter->run()
 5 SYSTEMPATH\Commands\Server\rewrite.php(47): require_once('FCPATH\\index.php')
WARNING - 2023-04-29 23:31:49 --> [DEPRECATED] Creation of dynamic property App\Controllers\Buku::$ModelPenerbit is deprecated in APPPATH\Controllers\Buku.php on line 21.
 1 SYSTEMPATH\CodeIgniter.php(906): App\Controllers\Buku->__construct()
 2 SYSTEMPATH\CodeIgniter.php(490): CodeIgniter\CodeIgniter->createController()
 3 SYSTEMPATH\CodeIgniter.php(368): CodeIgniter\CodeIgniter->handleRequest(null, Object(Config\Cache), false)
 4 FCPATH\index.php(67): CodeIgniter\CodeIgniter->run()
 5 SYSTEMPATH\Commands\Server\rewrite.php(47): require_once('FCPATH\\index.php')
WARNING - 2023-04-29 23:31:49 --> [DEPRECATED] Creation of dynamic property App\Controllers\Buku::$ModelPenulis is deprecated in APPPATH\Controllers\Buku.php on line 22.
 1 SYSTEMPATH\CodeIgniter.php(906): App\Controllers\Buku->__construct()
 2 SYSTEMPATH\CodeIgniter.php(490): CodeIgniter\CodeIgniter->createController()
 3 SYSTEMPATH\CodeIgniter.php(368): CodeIgniter\CodeIgniter->handleRequest(null, Object(Config\Cache), false)
 4 FCPATH\index.php(67): CodeIgniter\CodeIgniter->run()
 5 SYSTEMPATH\Commands\Server\rewrite.php(47): require_once('FCPATH\\index.php')
INFO - 2023-04-29 23:32:24 --> Session: Class initialized using 'CodeIgniter\Session\Handlers\FileHandler' driver.
WARNING - 2023-04-29 23:32:24 --> [DEPRECATED] Creation of dynamic property App\Controllers\Buku::$ModelBuku is deprecated in APPPATH\Controllers\Buku.php on line 18.
 1 SYSTEMPATH\CodeIgniter.php(906): App\Controllers\Buku->__construct()
 2 SYSTEMPATH\CodeIgniter.php(490): CodeIgniter\CodeIgniter->createController()
 3 SYSTEMPATH\CodeIgniter.php(368): CodeIgniter\CodeIgniter->handleRequest(null, Object(Config\Cache), false)
 4 FCPATH\index.php(67): CodeIgniter\CodeIgniter->run()
 5 SYSTEMPATH\Commands\Server\rewrite.php(47): require_once('FCPATH\\index.php')
WARNING - 2023-04-29 23:32:24 --> [DEPRECATED] Creation of dynamic property App\Controllers\Buku::$ModelKategori is deprecated in APPPATH\Controllers\Buku.php on line 19.
 1 SYSTEMPATH\CodeIgniter.php(906): App\Controllers\Buku->__construct()
 2 SYSTEMPATH\CodeIgniter.php(490): CodeIgniter\CodeIgniter->createController()
 3 SYSTEMPATH\CodeIgniter.php(368): CodeIgniter\CodeIgniter->handleRequest(null, Object(Config\Cache), false)
 4 FCPATH\index.php(67): CodeIgniter\CodeIgniter->run()
 5 SYSTEMPATH\Commands\Server\rewrite.php(47): require_once('FCPATH\\index.php')
WARNING - 2023-04-29 23:32:24 --> [DEPRECATED] Creation of dynamic property App\Controllers\Buku::$ModelRak is deprecated in APPPATH\Controllers\Buku.php on line 20.
 1 SYSTEMPATH\CodeIgniter.php(906): App\Controllers\Buku->__construct()
 2 SYSTEMPATH\CodeIgniter.php(490): CodeIgniter\CodeIgniter->createController()
 3 SYSTEMPATH\CodeIgniter.php(368): CodeIgniter\CodeIgniter->handleRequest(null, Object(Config\Cache), false)
 4 FCPATH\index.php(67): CodeIgniter\CodeIgniter->run()
 5 SYSTEMPATH\Commands\Server\rewrite.php(47): require_once('FCPATH\\index.php')
WARNING - 2023-04-29 23:32:24 --> [DEPRECATED] Creation of dynamic property App\Controllers\Buku::$ModelPenerbit is deprecated in APPPATH\Controllers\Buku.php on line 21.
 1 SYSTEMPATH\CodeIgniter.php(906): App\Controllers\Buku->__construct()
 2 SYSTEMPATH\CodeIgniter.php(490): CodeIgniter\CodeIgniter->createController()
 3 SYSTEMPATH\CodeIgniter.php(368): CodeIgniter\CodeIgniter->handleRequest(null, Object(Config\Cache), false)
 4 FCPATH\index.php(67): CodeIgniter\CodeIgniter->run()
 5 SYSTEMPATH\Commands\Server\rewrite.php(47): require_once('FCPATH\\index.php')
WARNING - 2023-04-29 23:32:24 --> [DEPRECATED] Creation of dynamic property App\Controllers\Buku::$ModelPenulis is deprecated in APPPATH\Controllers\Buku.php on line 22.
 1 SYSTEMPATH\CodeIgniter.php(906): App\Controllers\Buku->__construct()
 2 SYSTEMPATH\CodeIgniter.php(490): CodeIgniter\CodeIgniter->createController()
 3 SYSTEMPATH\CodeIgniter.php(368): CodeIgniter\CodeIgniter->handleRequest(null, Object(Config\Cache), false)
 4 FCPATH\index.php(67): CodeIgniter\CodeIgniter->run()
 5 SYSTEMPATH\Commands\Server\rewrite.php(47): require_once('FCPATH\\index.php')
INFO - 2023-04-29 23:33:43 --> Session: Class initialized using 'CodeIgniter\Session\Handlers\FileHandler' driver.
WARNING - 2023-04-29 23:33:43 --> [DEPRECATED] Creation of dynamic property App\Controllers\Kategori::$ModelKategori is deprecated in APPPATH\Controllers\Kategori.php on line 15.
 1 SYSTEMPATH\CodeIgniter.php(906): App\Controllers\Kategori->__construct()
 2 SYSTEMPATH\CodeIgniter.php(490): CodeIgniter\CodeIgniter->createController()
 3 SYSTEMPATH\CodeIgniter.php(368): CodeIgniter\CodeIgniter->handleRequest(null, Object(Config\Cache), false)
 4 FCPATH\index.php(67): CodeIgniter\CodeIgniter->run()
 5 SYSTEMPATH\Commands\Server\rewrite.php(47): require_once('FCPATH\\index.php')
INFO - 2023-04-29 23:33:45 --> Session: Class initialized using 'CodeIgniter\Session\Handlers\FileHandler' driver.
WARNING - 2023-04-29 23:33:45 --> [DEPRECATED] Creation of dynamic property App\Controllers\Kategori::$ModelKategori is deprecated in APPPATH\Controllers\Kategori.php on line 15.
 1 SYSTEMPATH\CodeIgniter.php(906): App\Controllers\Kategori->__construct()
 2 SYSTEMPATH\CodeIgniter.php(490): CodeIgniter\CodeIgniter->createController()
 3 SYSTEMPATH\CodeIgniter.php(368): CodeIgniter\CodeIgniter->handleRequest(null, Object(Config\Cache), false)
 4 FCPATH\index.php(67): CodeIgniter\CodeIgniter->run()
 5 SYSTEMPATH\Commands\Server\rewrite.php(47): require_once('FCPATH\\index.php')
INFO - 2023-04-29 23:33:45 --> Session: Class initialized using 'CodeIgniter\Session\Handlers\FileHandler' driver.
WARNING - 2023-04-29 23:33:45 --> [DEPRECATED] Creation of dynamic property App\Controllers\Kategori::$ModelKategori is deprecated in APPPATH\Controllers\Kategori.php on line 15.
 1 SYSTEMPATH\CodeIgniter.php(906): App\Controllers\Kategori->__construct()
 2 SYSTEMPATH\CodeIgniter.php(490): CodeIgniter\CodeIgniter->createController()
 3 SYSTEMPATH\CodeIgniter.php(368): CodeIgniter\CodeIgniter->handleRequest(null, Object(Config\Cache), false)
 4 FCPATH\index.php(67): CodeIgniter\CodeIgniter->run()
 5 SYSTEMPATH\Commands\Server\rewrite.php(47): require_once('FCPATH\\index.php')
INFO - 2023-04-29 23:33:45 --> Session: Class initialized using 'CodeIgniter\Session\Handlers\FileHandler' driver.
WARNING - 2023-04-29 23:33:46 --> [DEPRECATED] Creation of dynamic property App\Controllers\Kategori::$ModelKategori is deprecated in APPPATH\Controllers\Kategori.php on line 15.
 1 SYSTEMPATH\CodeIgniter.php(906): App\Controllers\Kategori->__construct()
 2 SYSTEMPATH\CodeIgniter.php(490): CodeIgniter\CodeIgniter->createController()
 3 SYSTEMPATH\CodeIgniter.php(368): CodeIgniter\CodeIgniter->handleRequest(null, Object(Config\Cache), false)
 4 FCPATH\index.php(67): CodeIgniter\CodeIgniter->run()
 5 SYSTEMPATH\Commands\Server\rewrite.php(47): require_once('FCPATH\\index.php')
INFO - 2023-04-29 23:33:46 --> Session: Class initialized using 'CodeIgniter\Session\Handlers\FileHandler' driver.
WARNING - 2023-04-29 23:33:46 --> [DEPRECATED] Creation of dynamic property App\Controllers\Kategori::$ModelKategori is deprecated in APPPATH\Controllers\Kategori.php on line 15.
 1 SYSTEMPATH\CodeIgniter.php(906): App\Controllers\Kategori->__construct()
 2 SYSTEMPATH\CodeIgniter.php(490): CodeIgniter\CodeIgniter->createController()
 3 SYSTEMPATH\CodeIgniter.php(368): CodeIgniter\CodeIgniter->handleRequest(null, Object(Config\Cache), false)
 4 FCPATH\index.php(67): CodeIgniter\CodeIgniter->run()
 5 SYSTEMPATH\Commands\Server\rewrite.php(47): require_once('FCPATH\\index.php')
INFO - 2023-04-29 23:33:46 --> Session: Class initialized using 'CodeIgniter\Session\Handlers\FileHandler' driver.
WARNING - 2023-04-29 23:33:46 --> [DEPRECATED] Creation of dynamic property App\Controllers\Kategori::$ModelKategori is deprecated in APPPATH\Controllers\Kategori.php on line 15.
 1 SYSTEMPATH\CodeIgniter.php(906): App\Controllers\Kategori->__construct()
 2 SYSTEMPATH\CodeIgniter.php(490): CodeIgniter\CodeIgniter->createController()
 3 SYSTEMPATH\CodeIgniter.php(368): CodeIgniter\CodeIgniter->handleRequest(null, Object(Config\Cache), false)
 4 FCPATH\index.php(67): CodeIgniter\CodeIgniter->run()
 5 SYSTEMPATH\Commands\Server\rewrite.php(47): require_once('FCPATH\\index.php')
INFO - 2023-04-29 23:33:46 --> Session: Class initialized using 'CodeIgniter\Session\Handlers\FileHandler' driver.
WARNING - 2023-04-29 23:33:47 --> [DEPRECATED] Creation of dynamic property App\Controllers\Kategori::$ModelKategori is deprecated in APPPATH\Controllers\Kategori.php on line 15.
 1 SYSTEMPATH\CodeIgniter.php(906): App\Controllers\Kategori->__construct()
 2 SYSTEMPATH\CodeIgniter.php(490): CodeIgniter\CodeIgniter->createController()
 3 SYSTEMPATH\CodeIgniter.php(368): CodeIgniter\CodeIgniter->handleRequest(null, Object(Config\Cache), false)
 4 FCPATH\index.php(67): CodeIgniter\CodeIgniter->run()
 5 SYSTEMPATH\Commands\Server\rewrite.php(47): require_once('FCPATH\\index.php')
INFO - 2023-04-29 23:33:56 --> Session: Class initialized using 'CodeIgniter\Session\Handlers\FileHandler' driver.
WARNING - 2023-04-29 23:33:56 --> [DEPRECATED] Creation of dynamic property App\Controllers\Kategori::$ModelKategori is deprecated in APPPATH\Controllers\Kategori.php on line 15.
 1 SYSTEMPATH\CodeIgniter.php(906): App\Controllers\Kategori->__construct()
 2 SYSTEMPATH\CodeIgniter.php(490): CodeIgniter\CodeIgniter->createController()
 3 SYSTEMPATH\CodeIgniter.php(368): CodeIgniter\CodeIgniter->handleRequest(null, Object(Config\Cache), false)
 4 FCPATH\index.php(67): CodeIgniter\CodeIgniter->run()
 5 SYSTEMPATH\Commands\Server\rewrite.php(47): require_once('FCPATH\\index.php')
INFO - 2023-04-29 23:33:56 --> Session: Class initialized using 'CodeIgniter\Session\Handlers\FileHandler' driver.
WARNING - 2023-04-29 23:33:56 --> [DEPRECATED] Creation of dynamic property App\Controllers\Kategori::$ModelKategori is deprecated in APPPATH\Controllers\Kategori.php on line 15.
 1 SYSTEMPATH\CodeIgniter.php(906): App\Controllers\Kategori->__construct()
 2 SYSTEMPATH\CodeIgniter.php(490): CodeIgniter\CodeIgniter->createController()
 3 SYSTEMPATH\CodeIgniter.php(368): CodeIgniter\CodeIgniter->handleRequest(null, Object(Config\Cache), false)
 4 FCPATH\index.php(67): CodeIgniter\CodeIgniter->run()
 5 SYSTEMPATH\Commands\Server\rewrite.php(47): require_once('FCPATH\\index.php')
INFO - 2023-04-29 23:34:00 --> Session: Class initialized using 'CodeIgniter\Session\Handlers\FileHandler' driver.
WARNING - 2023-04-29 23:34:00 --> [DEPRECATED] Creation of dynamic property App\Controllers\Kategori::$ModelKategori is deprecated in APPPATH\Controllers\Kategori.php on line 15.
 1 SYSTEMPATH\CodeIgniter.php(906): App\Controllers\Kategori->__construct()
 2 SYSTEMPATH\CodeIgniter.php(490): CodeIgniter\CodeIgniter->createController()
 3 SYSTEMPATH\CodeIgniter.php(368): CodeIgniter\CodeIgniter->handleRequest(null, Object(Config\Cache), false)
 4 FCPATH\index.php(67): CodeIgniter\CodeIgniter->run()
 5 SYSTEMPATH\Commands\Server\rewrite.php(47): require_once('FCPATH\\index.php')
INFO - 2023-04-29 23:34:05 --> Session: Class initialized using 'CodeIgniter\Session\Handlers\FileHandler' driver.
WARNING - 2023-04-29 23:34:05 --> [DEPRECATED] Creation of dynamic property App\Controllers\Buku::$ModelBuku is deprecated in APPPATH\Controllers\Buku.php on line 18.
 1 SYSTEMPATH\CodeIgniter.php(906): App\Controllers\Buku->__construct()
 2 SYSTEMPATH\CodeIgniter.php(490): CodeIgniter\CodeIgniter->createController()
 3 SYSTEMPATH\CodeIgniter.php(368): CodeIgniter\CodeIgniter->handleRequest(null, Object(Config\Cache), false)
 4 FCPATH\index.php(67): CodeIgniter\CodeIgniter->run()
 5 SYSTEMPATH\Commands\Server\rewrite.php(47): require_once('FCPATH\\index.php')
WARNING - 2023-04-29 23:34:05 --> [DEPRECATED] Creation of dynamic property App\Controllers\Buku::$ModelKategori is deprecated in APPPATH\Controllers\Buku.php on line 19.
 1 SYSTEMPATH\CodeIgniter.php(906): App\Controllers\Buku->__construct()
 2 SYSTEMPATH\CodeIgniter.php(490): CodeIgniter\CodeIgniter->createController()
 3 SYSTEMPATH\CodeIgniter.php(368): CodeIgniter\CodeIgniter->handleRequest(null, Object(Config\Cache), false)
 4 FCPATH\index.php(67): CodeIgniter\CodeIgniter->run()
 5 SYSTEMPATH\Commands\Server\rewrite.php(47): require_once('FCPATH\\index.php')
WARNING - 2023-04-29 23:34:05 --> [DEPRECATED] Creation of dynamic property App\Controllers\Buku::$ModelRak is deprecated in APPPATH\Controllers\Buku.php on line 20.
 1 SYSTEMPATH\CodeIgniter.php(906): App\Controllers\Buku->__construct()
 2 SYSTEMPATH\CodeIgniter.php(490): CodeIgniter\CodeIgniter->createController()
 3 SYSTEMPATH\CodeIgniter.php(368): CodeIgniter\CodeIgniter->handleRequest(null, Object(Config\Cache), false)
 4 FCPATH\index.php(67): CodeIgniter\CodeIgniter->run()
 5 SYSTEMPATH\Commands\Server\rewrite.php(47): require_once('FCPATH\\index.php')
WARNING - 2023-04-29 23:34:05 --> [DEPRECATED] Creation of dynamic property App\Controllers\Buku::$ModelPenerbit is deprecated in APPPATH\Controllers\Buku.php on line 21.
 1 SYSTEMPATH\CodeIgniter.php(906): App\Controllers\Buku->__construct()
 2 SYSTEMPATH\CodeIgniter.php(490): CodeIgniter\CodeIgniter->createController()
 3 SYSTEMPATH\CodeIgniter.php(368): CodeIgniter\CodeIgniter->handleRequest(null, Object(Config\Cache), false)
 4 FCPATH\index.php(67): CodeIgniter\CodeIgniter->run()
 5 SYSTEMPATH\Commands\Server\rewrite.php(47): require_once('FCPATH\\index.php')
WARNING - 2023-04-29 23:34:05 --> [DEPRECATED] Creation of dynamic property App\Controllers\Buku::$ModelPenulis is deprecated in APPPATH\Controllers\Buku.php on line 22.
 1 SYSTEMPATH\CodeIgniter.php(906): App\Controllers\Buku->__construct()
 2 SYSTEMPATH\CodeIgniter.php(490): CodeIgniter\CodeIgniter->createController()
 3 SYSTEMPATH\CodeIgniter.php(368): CodeIgniter\CodeIgniter->handleRequest(null, Object(Config\Cache), false)
 4 FCPATH\index.php(67): CodeIgniter\CodeIgniter->run()
 5 SYSTEMPATH\Commands\Server\rewrite.php(47): require_once('FCPATH\\index.php')
INFO - 2023-04-29 23:34:48 --> Session: Class initialized using 'CodeIgniter\Session\Handlers\FileHandler' driver.
WARNING - 2023-04-29 23:34:48 --> [DEPRECATED] Creation of dynamic property App\Controllers\Penulis::$ModelPenulis is deprecated in APPPATH\Controllers\Penulis.php on line 15.
 1 SYSTEMPATH\CodeIgniter.php(906): App\Controllers\Penulis->__construct()
 2 SYSTEMPATH\CodeIgniter.php(490): CodeIgniter\CodeIgniter->createController()
 3 SYSTEMPATH\CodeIgniter.php(368): CodeIgniter\CodeIgniter->handleRequest(null, Object(Config\Cache), false)
 4 FCPATH\index.php(67): CodeIgniter\CodeIgniter->run()
 5 SYSTEMPATH\Commands\Server\rewrite.php(47): require_once('FCPATH\\index.php')
INFO - 2023-04-29 23:34:57 --> Session: Class initialized using 'CodeIgniter\Session\Handlers\FileHandler' driver.
WARNING - 2023-04-29 23:34:57 --> [DEPRECATED] Creation of dynamic property App\Controllers\Penulis::$ModelPenulis is deprecated in APPPATH\Controllers\Penulis.php on line 15.
 1 SYSTEMPATH\CodeIgniter.php(906): App\Controllers\Penulis->__construct()
 2 SYSTEMPATH\CodeIgniter.php(490): CodeIgniter\CodeIgniter->createController()
 3 SYSTEMPATH\CodeIgniter.php(368): CodeIgniter\CodeIgniter->handleRequest(null, Object(Config\Cache), false)
 4 FCPATH\index.php(67): CodeIgniter\CodeIgniter->run()
 5 SYSTEMPATH\Commands\Server\rewrite.php(47): require_once('FCPATH\\index.php')
INFO - 2023-04-29 23:34:57 --> Session: Class initialized using 'CodeIgniter\Session\Handlers\FileHandler' driver.
WARNING - 2023-04-29 23:34:57 --> [DEPRECATED] Creation of dynamic property App\Controllers\Penulis::$ModelPenulis is deprecated in APPPATH\Controllers\Penulis.php on line 15.
 1 SYSTEMPATH\CodeIgniter.php(906): App\Controllers\Penulis->__construct()
 2 SYSTEMPATH\CodeIgniter.php(490): CodeIgniter\CodeIgniter->createController()
 3 SYSTEMPATH\CodeIgniter.php(368): CodeIgniter\CodeIgniter->handleRequest(null, Object(Config\Cache), false)
 4 FCPATH\index.php(67): CodeIgniter\CodeIgniter->run()
 5 SYSTEMPATH\Commands\Server\rewrite.php(47): require_once('FCPATH\\index.php')
INFO - 2023-04-29 23:35:00 --> Session: Class initialized using 'CodeIgniter\Session\Handlers\FileHandler' driver.
WARNING - 2023-04-29 23:35:00 --> [DEPRECATED] Creation of dynamic property App\Controllers\Penulis::$ModelPenulis is deprecated in APPPATH\Controllers\Penulis.php on line 15.
 1 SYSTEMPATH\CodeIgniter.php(906): App\Controllers\Penulis->__construct()
 2 SYSTEMPATH\CodeIgniter.php(490): CodeIgniter\CodeIgniter->createController()
 3 SYSTEMPATH\CodeIgniter.php(368): CodeIgniter\CodeIgniter->handleRequest(null, Object(Config\Cache), false)
 4 FCPATH\index.php(67): CodeIgniter\CodeIgniter->run()
 5 SYSTEMPATH\Commands\Server\rewrite.php(47): require_once('FCPATH\\index.php')
INFO - 2023-04-29 23:35:06 --> Session: Class initialized using 'CodeIgniter\Session\Handlers\FileHandler' driver.
WARNING - 2023-04-29 23:35:06 --> [DEPRECATED] Creation of dynamic property App\Controllers\Buku::$ModelBuku is deprecated in APPPATH\Controllers\Buku.php on line 18.
 1 SYSTEMPATH\CodeIgniter.php(906): App\Controllers\Buku->__construct()
 2 SYSTEMPATH\CodeIgniter.php(490): CodeIgniter\CodeIgniter->createController()
 3 SYSTEMPATH\CodeIgniter.php(368): CodeIgniter\CodeIgniter->handleRequest(null, Object(Config\Cache), false)
 4 FCPATH\index.php(67): CodeIgniter\CodeIgniter->run()
 5 SYSTEMPATH\Commands\Server\rewrite.php(47): require_once('FCPATH\\index.php')
WARNING - 2023-04-29 23:35:06 --> [DEPRECATED] Creation of dynamic property App\Controllers\Buku::$ModelKategori is deprecated in APPPATH\Controllers\Buku.php on line 19.
 1 SYSTEMPATH\CodeIgniter.php(906): App\Controllers\Buku->__construct()
 2 SYSTEMPATH\CodeIgniter.php(490): CodeIgniter\CodeIgniter->createController()
 3 SYSTEMPATH\CodeIgniter.php(368): CodeIgniter\CodeIgniter->handleRequest(null, Object(Config\Cache), false)
 4 FCPATH\index.php(67): CodeIgniter\CodeIgniter->run()
 5 SYSTEMPATH\Commands\Server\rewrite.php(47): require_once('FCPATH\\index.php')
WARNING - 2023-04-29 23:35:06 --> [DEPRECATED] Creation of dynamic property App\Controllers\Buku::$ModelRak is deprecated in APPPATH\Controllers\Buku.php on line 20.
 1 SYSTEMPATH\CodeIgniter.php(906): App\Controllers\Buku->__construct()
 2 SYSTEMPATH\CodeIgniter.php(490): CodeIgniter\CodeIgniter->createController()
 3 SYSTEMPATH\CodeIgniter.php(368): CodeIgniter\CodeIgniter->handleRequest(null, Object(Config\Cache), false)
 4 FCPATH\index.php(67): CodeIgniter\CodeIgniter->run()
 5 SYSTEMPATH\Commands\Server\rewrite.php(47): require_once('FCPATH\\index.php')
WARNING - 2023-04-29 23:35:06 --> [DEPRECATED] Creation of dynamic property App\Controllers\Buku::$ModelPenerbit is deprecated in APPPATH\Controllers\Buku.php on line 21.
 1 SYSTEMPATH\CodeIgniter.php(906): App\Controllers\Buku->__construct()
 2 SYSTEMPATH\CodeIgniter.php(490): CodeIgniter\CodeIgniter->createController()
 3 SYSTEMPATH\CodeIgniter.php(368): CodeIgniter\CodeIgniter->handleRequest(null, Object(Config\Cache), false)
 4 FCPATH\index.php(67): CodeIgniter\CodeIgniter->run()
 5 SYSTEMPATH\Commands\Server\rewrite.php(47): require_once('FCPATH\\index.php')
WARNING - 2023-04-29 23:35:06 --> [DEPRECATED] Creation of dynamic property App\Controllers\Buku::$ModelPenulis is deprecated in APPPATH\Controllers\Buku.php on line 22.
 1 SYSTEMPATH\CodeIgniter.php(906): App\Controllers\Buku->__construct()
 2 SYSTEMPATH\CodeIgniter.php(490): CodeIgniter\CodeIgniter->createController()
 3 SYSTEMPATH\CodeIgniter.php(368): CodeIgniter\CodeIgniter->handleRequest(null, Object(Config\Cache), false)
 4 FCPATH\index.php(67): CodeIgniter\CodeIgniter->run()
 5 SYSTEMPATH\Commands\Server\rewrite.php(47): require_once('FCPATH\\index.php')
INFO - 2023-04-29 23:36:10 --> Session: Class initialized using 'CodeIgniter\Session\Handlers\FileHandler' driver.
WARNING - 2023-04-29 23:36:10 --> [DEPRECATED] Creation of dynamic property App\Controllers\Buku::$ModelBuku is deprecated in APPPATH\Controllers\Buku.php on line 18.
 1 SYSTEMPATH\CodeIgniter.php(906): App\Controllers\Buku->__construct()
 2 SYSTEMPATH\CodeIgniter.php(490): CodeIgniter\CodeIgniter->createController()
 3 SYSTEMPATH\CodeIgniter.php(368): CodeIgniter\CodeIgniter->handleRequest(null, Object(Config\Cache), false)
 4 FCPATH\index.php(67): CodeIgniter\CodeIgniter->run()
 5 SYSTEMPATH\Commands\Server\rewrite.php(47): require_once('FCPATH\\index.php')
WARNING - 2023-04-29 23:36:10 --> [DEPRECATED] Creation of dynamic property App\Controllers\Buku::$ModelKategori is deprecated in APPPATH\Controllers\Buku.php on line 19.
 1 SYSTEMPATH\CodeIgniter.php(906): App\Controllers\Buku->__construct()
 2 SYSTEMPATH\CodeIgniter.php(490): CodeIgniter\CodeIgniter->createController()
 3 SYSTEMPATH\CodeIgniter.php(368): CodeIgniter\CodeIgniter->handleRequest(null, Object(Config\Cache), false)
 4 FCPATH\index.php(67): CodeIgniter\CodeIgniter->run()
 5 SYSTEMPATH\Commands\Server\rewrite.php(47): require_once('FCPATH\\index.php')
WARNING - 2023-04-29 23:36:10 --> [DEPRECATED] Creation of dynamic property App\Controllers\Buku::$ModelRak is deprecated in APPPATH\Controllers\Buku.php on line 20.
 1 SYSTEMPATH\CodeIgniter.php(906): App\Controllers\Buku->__construct()
 2 SYSTEMPATH\CodeIgniter.php(490): CodeIgniter\CodeIgniter->createController()
 3 SYSTEMPATH\CodeIgniter.php(368): CodeIgniter\CodeIgniter->handleRequest(null, Object(Config\Cache), false)
 4 FCPATH\index.php(67): CodeIgniter\CodeIgniter->run()
 5 SYSTEMPATH\Commands\Server\rewrite.php(47): require_once('FCPATH\\index.php')
WARNING - 2023-04-29 23:36:10 --> [DEPRECATED] Creation of dynamic property App\Controllers\Buku::$ModelPenerbit is deprecated in APPPATH\Controllers\Buku.php on line 21.
 1 SYSTEMPATH\CodeIgniter.php(906): App\Controllers\Buku->__construct()
 2 SYSTEMPATH\CodeIgniter.php(490): CodeIgniter\CodeIgniter->createController()
 3 SYSTEMPATH\CodeIgniter.php(368): CodeIgniter\CodeIgniter->handleRequest(null, Object(Config\Cache), false)
 4 FCPATH\index.php(67): CodeIgniter\CodeIgniter->run()
 5 SYSTEMPATH\Commands\Server\rewrite.php(47): require_once('FCPATH\\index.php')
WARNING - 2023-04-29 23:36:10 --> [DEPRECATED] Creation of dynamic property App\Controllers\Buku::$ModelPenulis is deprecated in APPPATH\Controllers\Buku.php on line 22.
 1 SYSTEMPATH\CodeIgniter.php(906): App\Controllers\Buku->__construct()
 2 SYSTEMPATH\CodeIgniter.php(490): CodeIgniter\CodeIgniter->createController()
 3 SYSTEMPATH\CodeIgniter.php(368): CodeIgniter\CodeIgniter->handleRequest(null, Object(Config\Cache), false)
 4 FCPATH\index.php(67): CodeIgniter\CodeIgniter->run()
 5 SYSTEMPATH\Commands\Server\rewrite.php(47): require_once('FCPATH\\index.php')
INFO - 2023-04-29 23:36:10 --> Session: Class initialized using 'CodeIgniter\Session\Handlers\FileHandler' driver.
WARNING - 2023-04-29 23:36:10 --> [DEPRECATED] Creation of dynamic property App\Controllers\Buku::$ModelBuku is deprecated in APPPATH\Controllers\Buku.php on line 18.
 1 SYSTEMPATH\CodeIgniter.php(906): App\Controllers\Buku->__construct()
 2 SYSTEMPATH\CodeIgniter.php(490): CodeIgniter\CodeIgniter->createController()
 3 SYSTEMPATH\CodeIgniter.php(368): CodeIgniter\CodeIgniter->handleRequest(null, Object(Config\Cache), false)
 4 FCPATH\index.php(67): CodeIgniter\CodeIgniter->run()
 5 SYSTEMPATH\Commands\Server\rewrite.php(47): require_once('FCPATH\\index.php')
WARNING - 2023-04-29 23:36:11 --> [DEPRECATED] Creation of dynamic property App\Controllers\Buku::$ModelKategori is deprecated in APPPATH\Controllers\Buku.php on line 19.
 1 SYSTEMPATH\CodeIgniter.php(906): App\Controllers\Buku->__construct()
 2 SYSTEMPATH\CodeIgniter.php(490): CodeIgniter\CodeIgniter->createController()
 3 SYSTEMPATH\CodeIgniter.php(368): CodeIgniter\CodeIgniter->handleRequest(null, Object(Config\Cache), false)
 4 FCPATH\index.php(67): CodeIgniter\CodeIgniter->run()
 5 SYSTEMPATH\Commands\Server\rewrite.php(47): require_once('FCPATH\\index.php')
WARNING - 2023-04-29 23:36:11 --> [DEPRECATED] Creation of dynamic property App\Controllers\Buku::$ModelRak is deprecated in APPPATH\Controllers\Buku.php on line 20.
 1 SYSTEMPATH\CodeIgniter.php(906): App\Controllers\Buku->__construct()
 2 SYSTEMPATH\CodeIgniter.php(490): CodeIgniter\CodeIgniter->createController()
 3 SYSTEMPATH\CodeIgniter.php(368): CodeIgniter\CodeIgniter->handleRequest(null, Object(Config\Cache), false)
 4 FCPATH\index.php(67): CodeIgniter\CodeIgniter->run()
 5 SYSTEMPATH\Commands\Server\rewrite.php(47): require_once('FCPATH\\index.php')
WARNING - 2023-04-29 23:36:11 --> [DEPRECATED] Creation of dynamic property App\Controllers\Buku::$ModelPenerbit is deprecated in APPPATH\Controllers\Buku.php on line 21.
 1 SYSTEMPATH\CodeIgniter.php(906): App\Controllers\Buku->__construct()
 2 SYSTEMPATH\CodeIgniter.php(490): CodeIgniter\CodeIgniter->createController()
 3 SYSTEMPATH\CodeIgniter.php(368): CodeIgniter\CodeIgniter->handleRequest(null, Object(Config\Cache), false)
 4 FCPATH\index.php(67): CodeIgniter\CodeIgniter->run()
 5 SYSTEMPATH\Commands\Server\rewrite.php(47): require_once('FCPATH\\index.php')
WARNING - 2023-04-29 23:36:11 --> [DEPRECATED] Creation of dynamic property App\Controllers\Buku::$ModelPenulis is deprecated in APPPATH\Controllers\Buku.php on line 22.
 1 SYSTEMPATH\CodeIgniter.php(906): App\Controllers\Buku->__construct()
 2 SYSTEMPATH\CodeIgniter.php(490): CodeIgniter\CodeIgniter->createController()
 3 SYSTEMPATH\CodeIgniter.php(368): CodeIgniter\CodeIgniter->handleRequest(null, Object(Config\Cache), false)
 4 FCPATH\index.php(67): CodeIgniter\CodeIgniter->run()
 5 SYSTEMPATH\Commands\Server\rewrite.php(47): require_once('FCPATH\\index.php')
INFO - 2023-04-29 23:37:08 --> Session: Class initialized using 'CodeIgniter\Session\Handlers\FileHandler' driver.
WARNING - 2023-04-29 23:37:08 --> [DEPRECATED] Creation of dynamic property App\Controllers\Buku::$ModelBuku is deprecated in APPPATH\Controllers\Buku.php on line 18.
 1 SYSTEMPATH\CodeIgniter.php(906): App\Controllers\Buku->__construct()
 2 SYSTEMPATH\CodeIgniter.php(490): CodeIgniter\CodeIgniter->createController()
 3 SYSTEMPATH\CodeIgniter.php(368): CodeIgniter\CodeIgniter->handleRequest(null, Object(Config\Cache), false)
 4 FCPATH\index.php(67): CodeIgniter\CodeIgniter->run()
 5 SYSTEMPATH\Commands\Server\rewrite.php(47): require_once('FCPATH\\index.php')
WARNING - 2023-04-29 23:37:08 --> [DEPRECATED] Creation of dynamic property App\Controllers\Buku::$ModelKategori is deprecated in APPPATH\Controllers\Buku.php on line 19.
 1 SYSTEMPATH\CodeIgniter.php(906): App\Controllers\Buku->__construct()
 2 SYSTEMPATH\CodeIgniter.php(490): CodeIgniter\CodeIgniter->createController()
 3 SYSTEMPATH\CodeIgniter.php(368): CodeIgniter\CodeIgniter->handleRequest(null, Object(Config\Cache), false)
 4 FCPATH\index.php(67): CodeIgniter\CodeIgniter->run()
 5 SYSTEMPATH\Commands\Server\rewrite.php(47): require_once('FCPATH\\index.php')
WARNING - 2023-04-29 23:37:08 --> [DEPRECATED] Creation of dynamic property App\Controllers\Buku::$ModelRak is deprecated in APPPATH\Controllers\Buku.php on line 20.
 1 SYSTEMPATH\CodeIgniter.php(906): App\Controllers\Buku->__construct()
 2 SYSTEMPATH\CodeIgniter.php(490): CodeIgniter\CodeIgniter->createController()
 3 SYSTEMPATH\CodeIgniter.php(368): CodeIgniter\CodeIgniter->handleRequest(null, Object(Config\Cache), false)
 4 FCPATH\index.php(67): CodeIgniter\CodeIgniter->run()
 5 SYSTEMPATH\Commands\Server\rewrite.php(47): require_once('FCPATH\\index.php')
WARNING - 2023-04-29 23:37:08 --> [DEPRECATED] Creation of dynamic property App\Controllers\Buku::$ModelPenerbit is deprecated in APPPATH\Controllers\Buku.php on line 21.
 1 SYSTEMPATH\CodeIgniter.php(906): App\Controllers\Buku->__construct()
 2 SYSTEMPATH\CodeIgniter.php(490): CodeIgniter\CodeIgniter->createController()
 3 SYSTEMPATH\CodeIgniter.php(368): CodeIgniter\CodeIgniter->handleRequest(null, Object(Config\Cache), false)
 4 FCPATH\index.php(67): CodeIgniter\CodeIgniter->run()
 5 SYSTEMPATH\Commands\Server\rewrite.php(47): require_once('FCPATH\\index.php')
WARNING - 2023-04-29 23:37:08 --> [DEPRECATED] Creation of dynamic property App\Controllers\Buku::$ModelPenulis is deprecated in APPPATH\Controllers\Buku.php on line 22.
 1 SYSTEMPATH\CodeIgniter.php(906): App\Controllers\Buku->__construct()
 2 SYSTEMPATH\CodeIgniter.php(490): CodeIgniter\CodeIgniter->createController()
 3 SYSTEMPATH\CodeIgniter.php(368): CodeIgniter\CodeIgniter->handleRequest(null, Object(Config\Cache), false)
 4 FCPATH\index.php(67): CodeIgniter\CodeIgniter->run()
 5 SYSTEMPATH\Commands\Server\rewrite.php(47): require_once('FCPATH\\index.php')
INFO - 2023-04-29 23:37:09 --> Session: Class initialized using 'CodeIgniter\Session\Handlers\FileHandler' driver.
WARNING - 2023-04-29 23:37:09 --> [DEPRECATED] Creation of dynamic property App\Controllers\Buku::$ModelBuku is deprecated in APPPATH\Controllers\Buku.php on line 18.
 1 SYSTEMPATH\CodeIgniter.php(906): App\Controllers\Buku->__construct()
 2 SYSTEMPATH\CodeIgniter.php(490): CodeIgniter\CodeIgniter->createController()
 3 SYSTEMPATH\CodeIgniter.php(368): CodeIgniter\CodeIgniter->handleRequest(null, Object(Config\Cache), false)
 4 FCPATH\index.php(67): CodeIgniter\CodeIgniter->run()
 5 SYSTEMPATH\Commands\Server\rewrite.php(47): require_once('FCPATH\\index.php')
WARNING - 2023-04-29 23:37:09 --> [DEPRECATED] Creation of dynamic property App\Controllers\Buku::$ModelKategori is deprecated in APPPATH\Controllers\Buku.php on line 19.
 1 SYSTEMPATH\CodeIgniter.php(906): App\Controllers\Buku->__construct()
 2 SYSTEMPATH\CodeIgniter.php(490): CodeIgniter\CodeIgniter->createController()
 3 SYSTEMPATH\CodeIgniter.php(368): CodeIgniter\CodeIgniter->handleRequest(null, Object(Config\Cache), false)
 4 FCPATH\index.php(67): CodeIgniter\CodeIgniter->run()
 5 SYSTEMPATH\Commands\Server\rewrite.php(47): require_once('FCPATH\\index.php')
WARNING - 2023-04-29 23:37:09 --> [DEPRECATED] Creation of dynamic property App\Controllers\Buku::$ModelRak is deprecated in APPPATH\Controllers\Buku.php on line 20.
 1 SYSTEMPATH\CodeIgniter.php(906): App\Controllers\Buku->__construct()
 2 SYSTEMPATH\CodeIgniter.php(490): CodeIgniter\CodeIgniter->createController()
 3 SYSTEMPATH\CodeIgniter.php(368): CodeIgniter\CodeIgniter->handleRequest(null, Object(Config\Cache), false)
 4 FCPATH\index.php(67): CodeIgniter\CodeIgniter->run()
 5 SYSTEMPATH\Commands\Server\rewrite.php(47): require_once('FCPATH\\index.php')
WARNING - 2023-04-29 23:37:09 --> [DEPRECATED] Creation of dynamic property App\Controllers\Buku::$ModelPenerbit is deprecated in APPPATH\Controllers\Buku.php on line 21.
 1 SYSTEMPATH\CodeIgniter.php(906): App\Controllers\Buku->__construct()
 2 SYSTEMPATH\CodeIgniter.php(490): CodeIgniter\CodeIgniter->createController()
 3 SYSTEMPATH\CodeIgniter.php(368): CodeIgniter\CodeIgniter->handleRequest(null, Object(Config\Cache), false)
 4 FCPATH\index.php(67): CodeIgniter\CodeIgniter->run()
 5 SYSTEMPATH\Commands\Server\rewrite.php(47): require_once('FCPATH\\index.php')
WARNING - 2023-04-29 23:37:09 --> [DEPRECATED] Creation of dynamic property App\Controllers\Buku::$ModelPenulis is deprecated in APPPATH\Controllers\Buku.php on line 22.
 1 SYSTEMPATH\CodeIgniter.php(906): App\Controllers\Buku->__construct()
 2 SYSTEMPATH\CodeIgniter.php(490): CodeIgniter\CodeIgniter->createController()
 3 SYSTEMPATH\CodeIgniter.php(368): CodeIgniter\CodeIgniter->handleRequest(null, Object(Config\Cache), false)
 4 FCPATH\index.php(67): CodeIgniter\CodeIgniter->run()
 5 SYSTEMPATH\Commands\Server\rewrite.php(47): require_once('FCPATH\\index.php')
INFO - 2023-04-29 23:38:35 --> Session: Class initialized using 'CodeIgniter\Session\Handlers\FileHandler' driver.
WARNING - 2023-04-29 23:38:35 --> [DEPRECATED] Creation of dynamic property App\Controllers\Buku::$ModelBuku is deprecated in APPPATH\Controllers\Buku.php on line 18.
 1 SYSTEMPATH\CodeIgniter.php(906): App\Controllers\Buku->__construct()
 2 SYSTEMPATH\CodeIgniter.php(490): CodeIgniter\CodeIgniter->createController()
 3 SYSTEMPATH\CodeIgniter.php(368): CodeIgniter\CodeIgniter->handleRequest(null, Object(Config\Cache), false)
 4 FCPATH\index.php(67): CodeIgniter\CodeIgniter->run()
 5 SYSTEMPATH\Commands\Server\rewrite.php(47): require_once('FCPATH\\index.php')
WARNING - 2023-04-29 23:38:35 --> [DEPRECATED] Creation of dynamic property App\Controllers\Buku::$ModelKategori is deprecated in APPPATH\Controllers\Buku.php on line 19.
 1 SYSTEMPATH\CodeIgniter.php(906): App\Controllers\Buku->__construct()
 2 SYSTEMPATH\CodeIgniter.php(490): CodeIgniter\CodeIgniter->createController()
 3 SYSTEMPATH\CodeIgniter.php(368): CodeIgniter\CodeIgniter->handleRequest(null, Object(Config\Cache), false)
 4 FCPATH\index.php(67): CodeIgniter\CodeIgniter->run()
 5 SYSTEMPATH\Commands\Server\rewrite.php(47): require_once('FCPATH\\index.php')
WARNING - 2023-04-29 23:38:35 --> [DEPRECATED] Creation of dynamic property App\Controllers\Buku::$ModelRak is deprecated in APPPATH\Controllers\Buku.php on line 20.
 1 SYSTEMPATH\CodeIgniter.php(906): App\Controllers\Buku->__construct()
 2 SYSTEMPATH\CodeIgniter.php(490): CodeIgniter\CodeIgniter->createController()
 3 SYSTEMPATH\CodeIgniter.php(368): CodeIgniter\CodeIgniter->handleRequest(null, Object(Config\Cache), false)
 4 FCPATH\index.php(67): CodeIgniter\CodeIgniter->run()
 5 SYSTEMPATH\Commands\Server\rewrite.php(47): require_once('FCPATH\\index.php')
WARNING - 2023-04-29 23:38:35 --> [DEPRECATED] Creation of dynamic property App\Controllers\Buku::$ModelPenerbit is deprecated in APPPATH\Controllers\Buku.php on line 21.
 1 SYSTEMPATH\CodeIgniter.php(906): App\Controllers\Buku->__construct()
 2 SYSTEMPATH\CodeIgniter.php(490): CodeIgniter\CodeIgniter->createController()
 3 SYSTEMPATH\CodeIgniter.php(368): CodeIgniter\CodeIgniter->handleRequest(null, Object(Config\Cache), false)
 4 FCPATH\index.php(67): CodeIgniter\CodeIgniter->run()
 5 SYSTEMPATH\Commands\Server\rewrite.php(47): require_once('FCPATH\\index.php')
WARNING - 2023-04-29 23:38:35 --> [DEPRECATED] Creation of dynamic property App\Controllers\Buku::$ModelPenulis is deprecated in APPPATH\Controllers\Buku.php on line 22.
 1 SYSTEMPATH\CodeIgniter.php(906): App\Controllers\Buku->__construct()
 2 SYSTEMPATH\CodeIgniter.php(490): CodeIgniter\CodeIgniter->createController()
 3 SYSTEMPATH\CodeIgniter.php(368): CodeIgniter\CodeIgniter->handleRequest(null, Object(Config\Cache), false)
 4 FCPATH\index.php(67): CodeIgniter\CodeIgniter->run()
 5 SYSTEMPATH\Commands\Server\rewrite.php(47): require_once('FCPATH\\index.php')
INFO - 2023-04-29 23:39:50 --> Session: Class initialized using 'CodeIgniter\Session\Handlers\FileHandler' driver.
WARNING - 2023-04-29 23:39:50 --> [DEPRECATED] Creation of dynamic property App\Controllers\Penulis::$ModelPenulis is deprecated in APPPATH\Controllers\Penulis.php on line 15.
 1 SYSTEMPATH\CodeIgniter.php(906): App\Controllers\Penulis->__construct()
 2 SYSTEMPATH\CodeIgniter.php(490): CodeIgniter\CodeIgniter->createController()
 3 SYSTEMPATH\CodeIgniter.php(368): CodeIgniter\CodeIgniter->handleRequest(null, Object(Config\Cache), false)
 4 FCPATH\index.php(67): CodeIgniter\CodeIgniter->run()
 5 SYSTEMPATH\Commands\Server\rewrite.php(47): require_once('FCPATH\\index.php')
INFO - 2023-04-29 23:39:58 --> Session: Class initialized using 'CodeIgniter\Session\Handlers\FileHandler' driver.
WARNING - 2023-04-29 23:39:58 --> [DEPRECATED] Creation of dynamic property App\Controllers\Penulis::$ModelPenulis is deprecated in APPPATH\Controllers\Penulis.php on line 15.
 1 SYSTEMPATH\CodeIgniter.php(906): App\Controllers\Penulis->__construct()
 2 SYSTEMPATH\CodeIgniter.php(490): CodeIgniter\CodeIgniter->createController()
 3 SYSTEMPATH\CodeIgniter.php(368): CodeIgniter\CodeIgniter->handleRequest(null, Object(Config\Cache), false)
 4 FCPATH\index.php(67): CodeIgniter\CodeIgniter->run()
 5 SYSTEMPATH\Commands\Server\rewrite.php(47): require_once('FCPATH\\index.php')
INFO - 2023-04-29 23:39:59 --> Session: Class initialized using 'CodeIgniter\Session\Handlers\FileHandler' driver.
WARNING - 2023-04-29 23:39:59 --> [DEPRECATED] Creation of dynamic property App\Controllers\Penulis::$ModelPenulis is deprecated in APPPATH\Controllers\Penulis.php on line 15.
 1 SYSTEMPATH\CodeIgniter.php(906): App\Controllers\Penulis->__construct()
 2 SYSTEMPATH\CodeIgniter.php(490): CodeIgniter\CodeIgniter->createController()
 3 SYSTEMPATH\CodeIgniter.php(368): CodeIgniter\CodeIgniter->handleRequest(null, Object(Config\Cache), false)
 4 FCPATH\index.php(67): CodeIgniter\CodeIgniter->run()
 5 SYSTEMPATH\Commands\Server\rewrite.php(47): require_once('FCPATH\\index.php')
INFO - 2023-04-29 23:40:02 --> Session: Class initialized using 'CodeIgniter\Session\Handlers\FileHandler' driver.
WARNING - 2023-04-29 23:40:02 --> [DEPRECATED] Creation of dynamic property App\Controllers\Penulis::$ModelPenulis is deprecated in APPPATH\Controllers\Penulis.php on line 15.
 1 SYSTEMPATH\CodeIgniter.php(906): App\Controllers\Penulis->__construct()
 2 SYSTEMPATH\CodeIgniter.php(490): CodeIgniter\CodeIgniter->createController()
 3 SYSTEMPATH\CodeIgniter.php(368): CodeIgniter\CodeIgniter->handleRequest(null, Object(Config\Cache), false)
 4 FCPATH\index.php(67): CodeIgniter\CodeIgniter->run()
 5 SYSTEMPATH\Commands\Server\rewrite.php(47): require_once('FCPATH\\index.php')
INFO - 2023-04-29 23:40:05 --> Session: Class initialized using 'CodeIgniter\Session\Handlers\FileHandler' driver.
WARNING - 2023-04-29 23:40:05 --> [DEPRECATED] Creation of dynamic property App\Controllers\Buku::$ModelBuku is deprecated in APPPATH\Controllers\Buku.php on line 18.
 1 SYSTEMPATH\CodeIgniter.php(906): App\Controllers\Buku->__construct()
 2 SYSTEMPATH\CodeIgniter.php(490): CodeIgniter\CodeIgniter->createController()
 3 SYSTEMPATH\CodeIgniter.php(368): CodeIgniter\CodeIgniter->handleRequest(null, Object(Config\Cache), false)
 4 FCPATH\index.php(67): CodeIgniter\CodeIgniter->run()
 5 SYSTEMPATH\Commands\Server\rewrite.php(47): require_once('FCPATH\\index.php')
WARNING - 2023-04-29 23:40:05 --> [DEPRECATED] Creation of dynamic property App\Controllers\Buku::$ModelKategori is deprecated in APPPATH\Controllers\Buku.php on line 19.
 1 SYSTEMPATH\CodeIgniter.php(906): App\Controllers\Buku->__construct()
 2 SYSTEMPATH\CodeIgniter.php(490): CodeIgniter\CodeIgniter->createController()
 3 SYSTEMPATH\CodeIgniter.php(368): CodeIgniter\CodeIgniter->handleRequest(null, Object(Config\Cache), false)
 4 FCPATH\index.php(67): CodeIgniter\CodeIgniter->run()
 5 SYSTEMPATH\Commands\Server\rewrite.php(47): require_once('FCPATH\\index.php')
WARNING - 2023-04-29 23:40:05 --> [DEPRECATED] Creation of dynamic property App\Controllers\Buku::$ModelRak is deprecated in APPPATH\Controllers\Buku.php on line 20.
 1 SYSTEMPATH\CodeIgniter.php(906): App\Controllers\Buku->__construct()
 2 SYSTEMPATH\CodeIgniter.php(490): CodeIgniter\CodeIgniter->createController()
 3 SYSTEMPATH\CodeIgniter.php(368): CodeIgniter\CodeIgniter->handleRequest(null, Object(Config\Cache), false)
 4 FCPATH\index.php(67): CodeIgniter\CodeIgniter->run()
 5 SYSTEMPATH\Commands\Server\rewrite.php(47): require_once('FCPATH\\index.php')
WARNING - 2023-04-29 23:40:05 --> [DEPRECATED] Creation of dynamic property App\Controllers\Buku::$ModelPenerbit is deprecated in APPPATH\Controllers\Buku.php on line 21.
 1 SYSTEMPATH\CodeIgniter.php(906): App\Controllers\Buku->__construct()
 2 SYSTEMPATH\CodeIgniter.php(490): CodeIgniter\CodeIgniter->createController()
 3 SYSTEMPATH\CodeIgniter.php(368): CodeIgniter\CodeIgniter->handleRequest(null, Object(Config\Cache), false)
 4 FCPATH\index.php(67): CodeIgniter\CodeIgniter->run()
 5 SYSTEMPATH\Commands\Server\rewrite.php(47): require_once('FCPATH\\index.php')
WARNING - 2023-04-29 23:40:05 --> [DEPRECATED] Creation of dynamic property App\Controllers\Buku::$ModelPenulis is deprecated in APPPATH\Controllers\Buku.php on line 22.
 1 SYSTEMPATH\CodeIgniter.php(906): App\Controllers\Buku->__construct()
 2 SYSTEMPATH\CodeIgniter.php(490): CodeIgniter\CodeIgniter->createController()
 3 SYSTEMPATH\CodeIgniter.php(368): CodeIgniter\CodeIgniter->handleRequest(null, Object(Config\Cache), false)
 4 FCPATH\index.php(67): CodeIgniter\CodeIgniter->run()
 5 SYSTEMPATH\Commands\Server\rewrite.php(47): require_once('FCPATH\\index.php')
INFO - 2023-04-29 23:41:28 --> Session: Class initialized using 'CodeIgniter\Session\Handlers\FileHandler' driver.
WARNING - 2023-04-29 23:41:28 --> [DEPRECATED] Creation of dynamic property App\Controllers\Buku::$ModelBuku is deprecated in APPPATH\Controllers\Buku.php on line 18.
 1 SYSTEMPATH\CodeIgniter.php(906): App\Controllers\Buku->__construct()
 2 SYSTEMPATH\CodeIgniter.php(490): CodeIgniter\CodeIgniter->createController()
 3 SYSTEMPATH\CodeIgniter.php(368): CodeIgniter\CodeIgniter->handleRequest(null, Object(Config\Cache), false)
 4 FCPATH\index.php(67): CodeIgniter\CodeIgniter->run()
 5 SYSTEMPATH\Commands\Server\rewrite.php(47): require_once('FCPATH\\index.php')
WARNING - 2023-04-29 23:41:28 --> [DEPRECATED] Creation of dynamic property App\Controllers\Buku::$ModelKategori is deprecated in APPPATH\Controllers\Buku.php on line 19.
 1 SYSTEMPATH\CodeIgniter.php(906): App\Controllers\Buku->__construct()
 2 SYSTEMPATH\CodeIgniter.php(490): CodeIgniter\CodeIgniter->createController()
 3 SYSTEMPATH\CodeIgniter.php(368): CodeIgniter\CodeIgniter->handleRequest(null, Object(Config\Cache), false)
 4 FCPATH\index.php(67): CodeIgniter\CodeIgniter->run()
 5 SYSTEMPATH\Commands\Server\rewrite.php(47): require_once('FCPATH\\index.php')
WARNING - 2023-04-29 23:41:28 --> [DEPRECATED] Creation of dynamic property App\Controllers\Buku::$ModelRak is deprecated in APPPATH\Controllers\Buku.php on line 20.
 1 SYSTEMPATH\CodeIgniter.php(906): App\Controllers\Buku->__construct()
 2 SYSTEMPATH\CodeIgniter.php(490): CodeIgniter\CodeIgniter->createController()
 3 SYSTEMPATH\CodeIgniter.php(368): CodeIgniter\CodeIgniter->handleRequest(null, Object(Config\Cache), false)
 4 FCPATH\index.php(67): CodeIgniter\CodeIgniter->run()
 5 SYSTEMPATH\Commands\Server\rewrite.php(47): require_once('FCPATH\\index.php')
WARNING - 2023-04-29 23:41:28 --> [DEPRECATED] Creation of dynamic property App\Controllers\Buku::$ModelPenerbit is deprecated in APPPATH\Controllers\Buku.php on line 21.
 1 SYSTEMPATH\CodeIgniter.php(906): App\Controllers\Buku->__construct()
 2 SYSTEMPATH\CodeIgniter.php(490): CodeIgniter\CodeIgniter->createController()
 3 SYSTEMPATH\CodeIgniter.php(368): CodeIgniter\CodeIgniter->handleRequest(null, Object(Config\Cache), false)
 4 FCPATH\index.php(67): CodeIgniter\CodeIgniter->run()
 5 SYSTEMPATH\Commands\Server\rewrite.php(47): require_once('FCPATH\\index.php')
WARNING - 2023-04-29 23:41:28 --> [DEPRECATED] Creation of dynamic property App\Controllers\Buku::$ModelPenulis is deprecated in APPPATH\Controllers\Buku.php on line 22.
 1 SYSTEMPATH\CodeIgniter.php(906): App\Controllers\Buku->__construct()
 2 SYSTEMPATH\CodeIgniter.php(490): CodeIgniter\CodeIgniter->createController()
 3 SYSTEMPATH\CodeIgniter.php(368): CodeIgniter\CodeIgniter->handleRequest(null, Object(Config\Cache), false)
 4 FCPATH\index.php(67): CodeIgniter\CodeIgniter->run()
 5 SYSTEMPATH\Commands\Server\rewrite.php(47): require_once('FCPATH\\index.php')
INFO - 2023-04-29 23:41:28 --> Session: Class initialized using 'CodeIgniter\Session\Handlers\FileHandler' driver.
WARNING - 2023-04-29 23:41:28 --> [DEPRECATED] Creation of dynamic property App\Controllers\Buku::$ModelBuku is deprecated in APPPATH\Controllers\Buku.php on line 18.
 1 SYSTEMPATH\CodeIgniter.php(906): App\Controllers\Buku->__construct()
 2 SYSTEMPATH\CodeIgniter.php(490): CodeIgniter\CodeIgniter->createController()
 3 SYSTEMPATH\CodeIgniter.php(368): CodeIgniter\CodeIgniter->handleRequest(null, Object(Config\Cache), false)
 4 FCPATH\index.php(67): CodeIgniter\CodeIgniter->run()
 5 SYSTEMPATH\Commands\Server\rewrite.php(47): require_once('FCPATH\\index.php')
WARNING - 2023-04-29 23:41:28 --> [DEPRECATED] Creation of dynamic property App\Controllers\Buku::$ModelKategori is deprecated in APPPATH\Controllers\Buku.php on line 19.
 1 SYSTEMPATH\CodeIgniter.php(906): App\Controllers\Buku->__construct()
 2 SYSTEMPATH\CodeIgniter.php(490): CodeIgniter\CodeIgniter->createController()
 3 SYSTEMPATH\CodeIgniter.php(368): CodeIgniter\CodeIgniter->handleRequest(null, Object(Config\Cache), false)
 4 FCPATH\index.php(67): CodeIgniter\CodeIgniter->run()
 5 SYSTEMPATH\Commands\Server\rewrite.php(47): require_once('FCPATH\\index.php')
WARNING - 2023-04-29 23:41:28 --> [DEPRECATED] Creation of dynamic property App\Controllers\Buku::$ModelRak is deprecated in APPPATH\Controllers\Buku.php on line 20.
 1 SYSTEMPATH\CodeIgniter.php(906): App\Controllers\Buku->__construct()
 2 SYSTEMPATH\CodeIgniter.php(490): CodeIgniter\CodeIgniter->createController()
 3 SYSTEMPATH\CodeIgniter.php(368): CodeIgniter\CodeIgniter->handleRequest(null, Object(Config\Cache), false)
 4 FCPATH\index.php(67): CodeIgniter\CodeIgniter->run()
 5 SYSTEMPATH\Commands\Server\rewrite.php(47): require_once('FCPATH\\index.php')
WARNING - 2023-04-29 23:41:28 --> [DEPRECATED] Creation of dynamic property App\Controllers\Buku::$ModelPenerbit is deprecated in APPPATH\Controllers\Buku.php on line 21.
 1 SYSTEMPATH\CodeIgniter.php(906): App\Controllers\Buku->__construct()
 2 SYSTEMPATH\CodeIgniter.php(490): CodeIgniter\CodeIgniter->createController()
 3 SYSTEMPATH\CodeIgniter.php(368): CodeIgniter\CodeIgniter->handleRequest(null, Object(Config\Cache), false)
 4 FCPATH\index.php(67): CodeIgniter\CodeIgniter->run()
 5 SYSTEMPATH\Commands\Server\rewrite.php(47): require_once('FCPATH\\index.php')
WARNING - 2023-04-29 23:41:28 --> [DEPRECATED] Creation of dynamic property App\Controllers\Buku::$ModelPenulis is deprecated in APPPATH\Controllers\Buku.php on line 22.
 1 SYSTEMPATH\CodeIgniter.php(906): App\Controllers\Buku->__construct()
 2 SYSTEMPATH\CodeIgniter.php(490): CodeIgniter\CodeIgniter->createController()
 3 SYSTEMPATH\CodeIgniter.php(368): CodeIgniter\CodeIgniter->handleRequest(null, Object(Config\Cache), false)
 4 FCPATH\index.php(67): CodeIgniter\CodeIgniter->run()
 5 SYSTEMPATH\Commands\Server\rewrite.php(47): require_once('FCPATH\\index.php')
INFO - 2023-04-29 23:43:13 --> Session: Class initialized using 'CodeIgniter\Session\Handlers\FileHandler' driver.
WARNING - 2023-04-29 23:43:13 --> [DEPRECATED] Creation of dynamic property App\Controllers\Buku::$ModelBuku is deprecated in APPPATH\Controllers\Buku.php on line 18.
 1 SYSTEMPATH\CodeIgniter.php(906): App\Controllers\Buku->__construct()
 2 SYSTEMPATH\CodeIgniter.php(490): CodeIgniter\CodeIgniter->createController()
 3 SYSTEMPATH\CodeIgniter.php(368): CodeIgniter\CodeIgniter->handleRequest(null, Object(Config\Cache), false)
 4 FCPATH\index.php(67): CodeIgniter\CodeIgniter->run()
 5 SYSTEMPATH\Commands\Server\rewrite.php(47): require_once('FCPATH\\index.php')
WARNING - 2023-04-29 23:43:13 --> [DEPRECATED] Creation of dynamic property App\Controllers\Buku::$ModelKategori is deprecated in APPPATH\Controllers\Buku.php on line 19.
 1 SYSTEMPATH\CodeIgniter.php(906): App\Controllers\Buku->__construct()
 2 SYSTEMPATH\CodeIgniter.php(490): CodeIgniter\CodeIgniter->createController()
 3 SYSTEMPATH\CodeIgniter.php(368): CodeIgniter\CodeIgniter->handleRequest(null, Object(Config\Cache), false)
 4 FCPATH\index.php(67): CodeIgniter\CodeIgniter->run()
 5 SYSTEMPATH\Commands\Server\rewrite.php(47): require_once('FCPATH\\index.php')
WARNING - 2023-04-29 23:43:13 --> [DEPRECATED] Creation of dynamic property App\Controllers\Buku::$ModelRak is deprecated in APPPATH\Controllers\Buku.php on line 20.
 1 SYSTEMPATH\CodeIgniter.php(906): App\Controllers\Buku->__construct()
 2 SYSTEMPATH\CodeIgniter.php(490): CodeIgniter\CodeIgniter->createController()
 3 SYSTEMPATH\CodeIgniter.php(368): CodeIgniter\CodeIgniter->handleRequest(null, Object(Config\Cache), false)
 4 FCPATH\index.php(67): CodeIgniter\CodeIgniter->run()
 5 SYSTEMPATH\Commands\Server\rewrite.php(47): require_once('FCPATH\\index.php')
WARNING - 2023-04-29 23:43:13 --> [DEPRECATED] Creation of dynamic property App\Controllers\Buku::$ModelPenerbit is deprecated in APPPATH\Controllers\Buku.php on line 21.
 1 SYSTEMPATH\CodeIgniter.php(906): App\Controllers\Buku->__construct()
 2 SYSTEMPATH\CodeIgniter.php(490): CodeIgniter\CodeIgniter->createController()
 3 SYSTEMPATH\CodeIgniter.php(368): CodeIgniter\CodeIgniter->handleRequest(null, Object(Config\Cache), false)
 4 FCPATH\index.php(67): CodeIgniter\CodeIgniter->run()
 5 SYSTEMPATH\Commands\Server\rewrite.php(47): require_once('FCPATH\\index.php')
WARNING - 2023-04-29 23:43:13 --> [DEPRECATED] Creation of dynamic property App\Controllers\Buku::$ModelPenulis is deprecated in APPPATH\Controllers\Buku.php on line 22.
 1 SYSTEMPATH\CodeIgniter.php(906): App\Controllers\Buku->__construct()
 2 SYSTEMPATH\CodeIgniter.php(490): CodeIgniter\CodeIgniter->createController()
 3 SYSTEMPATH\CodeIgniter.php(368): CodeIgniter\CodeIgniter->handleRequest(null, Object(Config\Cache), false)
 4 FCPATH\index.php(67): CodeIgniter\CodeIgniter->run()
 5 SYSTEMPATH\Commands\Server\rewrite.php(47): require_once('FCPATH\\index.php')
INFO - 2023-04-29 23:44:01 --> Session: Class initialized using 'CodeIgniter\Session\Handlers\FileHandler' driver.
WARNING - 2023-04-29 23:44:01 --> [DEPRECATED] Creation of dynamic property App\Controllers\Penulis::$ModelPenulis is deprecated in APPPATH\Controllers\Penulis.php on line 15.
 1 SYSTEMPATH\CodeIgniter.php(906): App\Controllers\Penulis->__construct()
 2 SYSTEMPATH\CodeIgniter.php(490): CodeIgniter\CodeIgniter->createController()
 3 SYSTEMPATH\CodeIgniter.php(368): CodeIgniter\CodeIgniter->handleRequest(null, Object(Config\Cache), false)
 4 FCPATH\index.php(67): CodeIgniter\CodeIgniter->run()
 5 SYSTEMPATH\Commands\Server\rewrite.php(47): require_once('FCPATH\\index.php')
INFO - 2023-04-29 23:44:08 --> Session: Class initialized using 'CodeIgniter\Session\Handlers\FileHandler' driver.
WARNING - 2023-04-29 23:44:08 --> [DEPRECATED] Creation of dynamic property App\Controllers\Penulis::$ModelPenulis is deprecated in APPPATH\Controllers\Penulis.php on line 15.
 1 SYSTEMPATH\CodeIgniter.php(906): App\Controllers\Penulis->__construct()
 2 SYSTEMPATH\CodeIgniter.php(490): CodeIgniter\CodeIgniter->createController()
 3 SYSTEMPATH\CodeIgniter.php(368): CodeIgniter\CodeIgniter->handleRequest(null, Object(Config\Cache), false)
 4 FCPATH\index.php(67): CodeIgniter\CodeIgniter->run()
 5 SYSTEMPATH\Commands\Server\rewrite.php(47): require_once('FCPATH\\index.php')
INFO - 2023-04-29 23:44:08 --> Session: Class initialized using 'CodeIgniter\Session\Handlers\FileHandler' driver.
WARNING - 2023-04-29 23:44:08 --> [DEPRECATED] Creation of dynamic property App\Controllers\Penulis::$ModelPenulis is deprecated in APPPATH\Controllers\Penulis.php on line 15.
 1 SYSTEMPATH\CodeIgniter.php(906): App\Controllers\Penulis->__construct()
 2 SYSTEMPATH\CodeIgniter.php(490): CodeIgniter\CodeIgniter->createController()
 3 SYSTEMPATH\CodeIgniter.php(368): CodeIgniter\CodeIgniter->handleRequest(null, Object(Config\Cache), false)
 4 FCPATH\index.php(67): CodeIgniter\CodeIgniter->run()
 5 SYSTEMPATH\Commands\Server\rewrite.php(47): require_once('FCPATH\\index.php')
INFO - 2023-04-29 23:44:11 --> Session: Class initialized using 'CodeIgniter\Session\Handlers\FileHandler' driver.
WARNING - 2023-04-29 23:44:11 --> [DEPRECATED] Creation of dynamic property App\Controllers\Penulis::$ModelPenulis is deprecated in APPPATH\Controllers\Penulis.php on line 15.
 1 SYSTEMPATH\CodeIgniter.php(906): App\Controllers\Penulis->__construct()
 2 SYSTEMPATH\CodeIgniter.php(490): CodeIgniter\CodeIgniter->createController()
 3 SYSTEMPATH\CodeIgniter.php(368): CodeIgniter\CodeIgniter->handleRequest(null, Object(Config\Cache), false)
 4 FCPATH\index.php(67): CodeIgniter\CodeIgniter->run()
 5 SYSTEMPATH\Commands\Server\rewrite.php(47): require_once('FCPATH\\index.php')
INFO - 2023-04-29 23:44:14 --> Session: Class initialized using 'CodeIgniter\Session\Handlers\FileHandler' driver.
WARNING - 2023-04-29 23:44:15 --> [DEPRECATED] Creation of dynamic property App\Controllers\Buku::$ModelBuku is deprecated in APPPATH\Controllers\Buku.php on line 18.
 1 SYSTEMPATH\CodeIgniter.php(906): App\Controllers\Buku->__construct()
 2 SYSTEMPATH\CodeIgniter.php(490): CodeIgniter\CodeIgniter->createController()
 3 SYSTEMPATH\CodeIgniter.php(368): CodeIgniter\CodeIgniter->handleRequest(null, Object(Config\Cache), false)
 4 FCPATH\index.php(67): CodeIgniter\CodeIgniter->run()
 5 SYSTEMPATH\Commands\Server\rewrite.php(47): require_once('FCPATH\\index.php')
WARNING - 2023-04-29 23:44:15 --> [DEPRECATED] Creation of dynamic property App\Controllers\Buku::$ModelKategori is deprecated in APPPATH\Controllers\Buku.php on line 19.
 1 SYSTEMPATH\CodeIgniter.php(906): App\Controllers\Buku->__construct()
 2 SYSTEMPATH\CodeIgniter.php(490): CodeIgniter\CodeIgniter->createController()
 3 SYSTEMPATH\CodeIgniter.php(368): CodeIgniter\CodeIgniter->handleRequest(null, Object(Config\Cache), false)
 4 FCPATH\index.php(67): CodeIgniter\CodeIgniter->run()
 5 SYSTEMPATH\Commands\Server\rewrite.php(47): require_once('FCPATH\\index.php')
WARNING - 2023-04-29 23:44:15 --> [DEPRECATED] Creation of dynamic property App\Controllers\Buku::$ModelRak is deprecated in APPPATH\Controllers\Buku.php on line 20.
 1 SYSTEMPATH\CodeIgniter.php(906): App\Controllers\Buku->__construct()
 2 SYSTEMPATH\CodeIgniter.php(490): CodeIgniter\CodeIgniter->createController()
 3 SYSTEMPATH\CodeIgniter.php(368): CodeIgniter\CodeIgniter->handleRequest(null, Object(Config\Cache), false)
 4 FCPATH\index.php(67): CodeIgniter\CodeIgniter->run()
 5 SYSTEMPATH\Commands\Server\rewrite.php(47): require_once('FCPATH\\index.php')
WARNING - 2023-04-29 23:44:15 --> [DEPRECATED] Creation of dynamic property App\Controllers\Buku::$ModelPenerbit is deprecated in APPPATH\Controllers\Buku.php on line 21.
 1 SYSTEMPATH\CodeIgniter.php(906): App\Controllers\Buku->__construct()
 2 SYSTEMPATH\CodeIgniter.php(490): CodeIgniter\CodeIgniter->createController()
 3 SYSTEMPATH\CodeIgniter.php(368): CodeIgniter\CodeIgniter->handleRequest(null, Object(Config\Cache), false)
 4 FCPATH\index.php(67): CodeIgniter\CodeIgniter->run()
 5 SYSTEMPATH\Commands\Server\rewrite.php(47): require_once('FCPATH\\index.php')
WARNING - 2023-04-29 23:44:15 --> [DEPRECATED] Creation of dynamic property App\Controllers\Buku::$ModelPenulis is deprecated in APPPATH\Controllers\Buku.php on line 22.
 1 SYSTEMPATH\CodeIgniter.php(906): App\Controllers\Buku->__construct()
 2 SYSTEMPATH\CodeIgniter.php(490): CodeIgniter\CodeIgniter->createController()
 3 SYSTEMPATH\CodeIgniter.php(368): CodeIgniter\CodeIgniter->handleRequest(null, Object(Config\Cache), false)
 4 FCPATH\index.php(67): CodeIgniter\CodeIgniter->run()
 5 SYSTEMPATH\Commands\Server\rewrite.php(47): require_once('FCPATH\\index.php')
INFO - 2023-04-29 23:46:21 --> Session: Class initialized using 'CodeIgniter\Session\Handlers\FileHandler' driver.
WARNING - 2023-04-29 23:46:21 --> [DEPRECATED] Creation of dynamic property App\Controllers\Penerbit::$ModelPenerbit is deprecated in APPPATH\Controllers\Penerbit.php on line 15.
 1 SYSTEMPATH\CodeIgniter.php(906): App\Controllers\Penerbit->__construct()
 2 SYSTEMPATH\CodeIgniter.php(490): CodeIgniter\CodeIgniter->createController()
 3 SYSTEMPATH\CodeIgniter.php(368): CodeIgniter\CodeIgniter->handleRequest(null, Object(Config\Cache), false)
 4 FCPATH\index.php(67): CodeIgniter\CodeIgniter->run()
 5 SYSTEMPATH\Commands\Server\rewrite.php(47): require_once('FCPATH\\index.php')
INFO - 2023-04-29 23:46:33 --> Session: Class initialized using 'CodeIgniter\Session\Handlers\FileHandler' driver.
WARNING - 2023-04-29 23:46:33 --> [DEPRECATED] Creation of dynamic property App\Controllers\Penerbit::$ModelPenerbit is deprecated in APPPATH\Controllers\Penerbit.php on line 15.
 1 SYSTEMPATH\CodeIgniter.php(906): App\Controllers\Penerbit->__construct()
 2 SYSTEMPATH\CodeIgniter.php(490): CodeIgniter\CodeIgniter->createController()
 3 SYSTEMPATH\CodeIgniter.php(368): CodeIgniter\CodeIgniter->handleRequest(null, Object(Config\Cache), false)
 4 FCPATH\index.php(67): CodeIgniter\CodeIgniter->run()
 5 SYSTEMPATH\Commands\Server\rewrite.php(47): require_once('FCPATH\\index.php')
INFO - 2023-04-29 23:46:33 --> Session: Class initialized using 'CodeIgniter\Session\Handlers\FileHandler' driver.
WARNING - 2023-04-29 23:46:33 --> [DEPRECATED] Creation of dynamic property App\Controllers\Penerbit::$ModelPenerbit is deprecated in APPPATH\Controllers\Penerbit.php on line 15.
 1 SYSTEMPATH\CodeIgniter.php(906): App\Controllers\Penerbit->__construct()
 2 SYSTEMPATH\CodeIgniter.php(490): CodeIgniter\CodeIgniter->createController()
 3 SYSTEMPATH\CodeIgniter.php(368): CodeIgniter\CodeIgniter->handleRequest(null, Object(Config\Cache), false)
 4 FCPATH\index.php(67): CodeIgniter\CodeIgniter->run()
 5 SYSTEMPATH\Commands\Server\rewrite.php(47): require_once('FCPATH\\index.php')
INFO - 2023-04-29 23:46:42 --> Session: Class initialized using 'CodeIgniter\Session\Handlers\FileHandler' driver.
WARNING - 2023-04-29 23:46:42 --> [DEPRECATED] Creation of dynamic property App\Controllers\Penerbit::$ModelPenerbit is deprecated in APPPATH\Controllers\Penerbit.php on line 15.
 1 SYSTEMPATH\CodeIgniter.php(906): App\Controllers\Penerbit->__construct()
 2 SYSTEMPATH\CodeIgniter.php(490): CodeIgniter\CodeIgniter->createController()
 3 SYSTEMPATH\CodeIgniter.php(368): CodeIgniter\CodeIgniter->handleRequest(null, Object(Config\Cache), false)
 4 FCPATH\index.php(67): CodeIgniter\CodeIgniter->run()
 5 SYSTEMPATH\Commands\Server\rewrite.php(47): require_once('FCPATH\\index.php')
INFO - 2023-04-29 23:46:47 --> Session: Class initialized using 'CodeIgniter\Session\Handlers\FileHandler' driver.
WARNING - 2023-04-29 23:46:47 --> [DEPRECATED] Creation of dynamic property App\Controllers\Buku::$ModelBuku is deprecated in APPPATH\Controllers\Buku.php on line 18.
 1 SYSTEMPATH\CodeIgniter.php(906): App\Controllers\Buku->__construct()
 2 SYSTEMPATH\CodeIgniter.php(490): CodeIgniter\CodeIgniter->createController()
 3 SYSTEMPATH\CodeIgniter.php(368): CodeIgniter\CodeIgniter->handleRequest(null, Object(Config\Cache), false)
 4 FCPATH\index.php(67): CodeIgniter\CodeIgniter->run()
 5 SYSTEMPATH\Commands\Server\rewrite.php(47): require_once('FCPATH\\index.php')
WARNING - 2023-04-29 23:46:47 --> [DEPRECATED] Creation of dynamic property App\Controllers\Buku::$ModelKategori is deprecated in APPPATH\Controllers\Buku.php on line 19.
 1 SYSTEMPATH\CodeIgniter.php(906): App\Controllers\Buku->__construct()
 2 SYSTEMPATH\CodeIgniter.php(490): CodeIgniter\CodeIgniter->createController()
 3 SYSTEMPATH\CodeIgniter.php(368): CodeIgniter\CodeIgniter->handleRequest(null, Object(Config\Cache), false)
 4 FCPATH\index.php(67): CodeIgniter\CodeIgniter->run()
 5 SYSTEMPATH\Commands\Server\rewrite.php(47): require_once('FCPATH\\index.php')
WARNING - 2023-04-29 23:46:47 --> [DEPRECATED] Creation of dynamic property App\Controllers\Buku::$ModelRak is deprecated in APPPATH\Controllers\Buku.php on line 20.
 1 SYSTEMPATH\CodeIgniter.php(906): App\Controllers\Buku->__construct()
 2 SYSTEMPATH\CodeIgniter.php(490): CodeIgniter\CodeIgniter->createController()
 3 SYSTEMPATH\CodeIgniter.php(368): CodeIgniter\CodeIgniter->handleRequest(null, Object(Config\Cache), false)
 4 FCPATH\index.php(67): CodeIgniter\CodeIgniter->run()
 5 SYSTEMPATH\Commands\Server\rewrite.php(47): require_once('FCPATH\\index.php')
WARNING - 2023-04-29 23:46:47 --> [DEPRECATED] Creation of dynamic property App\Controllers\Buku::$ModelPenerbit is deprecated in APPPATH\Controllers\Buku.php on line 21.
 1 SYSTEMPATH\CodeIgniter.php(906): App\Controllers\Buku->__construct()
 2 SYSTEMPATH\CodeIgniter.php(490): CodeIgniter\CodeIgniter->createController()
 3 SYSTEMPATH\CodeIgniter.php(368): CodeIgniter\CodeIgniter->handleRequest(null, Object(Config\Cache), false)
 4 FCPATH\index.php(67): CodeIgniter\CodeIgniter->run()
 5 SYSTEMPATH\Commands\Server\rewrite.php(47): require_once('FCPATH\\index.php')
WARNING - 2023-04-29 23:46:47 --> [DEPRECATED] Creation of dynamic property App\Controllers\Buku::$ModelPenulis is deprecated in APPPATH\Controllers\Buku.php on line 22.
 1 SYSTEMPATH\CodeIgniter.php(906): App\Controllers\Buku->__construct()
 2 SYSTEMPATH\CodeIgniter.php(490): CodeIgniter\CodeIgniter->createController()
 3 SYSTEMPATH\CodeIgniter.php(368): CodeIgniter\CodeIgniter->handleRequest(null, Object(Config\Cache), false)
 4 FCPATH\index.php(67): CodeIgniter\CodeIgniter->run()
 5 SYSTEMPATH\Commands\Server\rewrite.php(47): require_once('FCPATH\\index.php')
INFO - 2023-04-29 23:47:22 --> Session: Class initialized using 'CodeIgniter\Session\Handlers\FileHandler' driver.
WARNING - 2023-04-29 23:47:22 --> [DEPRECATED] Creation of dynamic property App\Controllers\Buku::$ModelBuku is deprecated in APPPATH\Controllers\Buku.php on line 18.
 1 SYSTEMPATH\CodeIgniter.php(906): App\Controllers\Buku->__construct()
 2 SYSTEMPATH\CodeIgniter.php(490): CodeIgniter\CodeIgniter->createController()
 3 SYSTEMPATH\CodeIgniter.php(368): CodeIgniter\CodeIgniter->handleRequest(null, Object(Config\Cache), false)
 4 FCPATH\index.php(67): CodeIgniter\CodeIgniter->run()
 5 SYSTEMPATH\Commands\Server\rewrite.php(47): require_once('FCPATH\\index.php')
WARNING - 2023-04-29 23:47:22 --> [DEPRECATED] Creation of dynamic property App\Controllers\Buku::$ModelKategori is deprecated in APPPATH\Controllers\Buku.php on line 19.
 1 SYSTEMPATH\CodeIgniter.php(906): App\Controllers\Buku->__construct()
 2 SYSTEMPATH\CodeIgniter.php(490): CodeIgniter\CodeIgniter->createController()
 3 SYSTEMPATH\CodeIgniter.php(368): CodeIgniter\CodeIgniter->handleRequest(null, Object(Config\Cache), false)
 4 FCPATH\index.php(67): CodeIgniter\CodeIgniter->run()
 5 SYSTEMPATH\Commands\Server\rewrite.php(47): require_once('FCPATH\\index.php')
WARNING - 2023-04-29 23:47:22 --> [DEPRECATED] Creation of dynamic property App\Controllers\Buku::$ModelRak is deprecated in APPPATH\Controllers\Buku.php on line 20.
 1 SYSTEMPATH\CodeIgniter.php(906): App\Controllers\Buku->__construct()
 2 SYSTEMPATH\CodeIgniter.php(490): CodeIgniter\CodeIgniter->createController()
 3 SYSTEMPATH\CodeIgniter.php(368): CodeIgniter\CodeIgniter->handleRequest(null, Object(Config\Cache), false)
 4 FCPATH\index.php(67): CodeIgniter\CodeIgniter->run()
 5 SYSTEMPATH\Commands\Server\rewrite.php(47): require_once('FCPATH\\index.php')
WARNING - 2023-04-29 23:47:22 --> [DEPRECATED] Creation of dynamic property App\Controllers\Buku::$ModelPenerbit is deprecated in APPPATH\Controllers\Buku.php on line 21.
 1 SYSTEMPATH\CodeIgniter.php(906): App\Controllers\Buku->__construct()
 2 SYSTEMPATH\CodeIgniter.php(490): CodeIgniter\CodeIgniter->createController()
 3 SYSTEMPATH\CodeIgniter.php(368): CodeIgniter\CodeIgniter->handleRequest(null, Object(Config\Cache), false)
 4 FCPATH\index.php(67): CodeIgniter\CodeIgniter->run()
 5 SYSTEMPATH\Commands\Server\rewrite.php(47): require_once('FCPATH\\index.php')
WARNING - 2023-04-29 23:47:22 --> [DEPRECATED] Creation of dynamic property App\Controllers\Buku::$ModelPenulis is deprecated in APPPATH\Controllers\Buku.php on line 22.
 1 SYSTEMPATH\CodeIgniter.php(906): App\Controllers\Buku->__construct()
 2 SYSTEMPATH\CodeIgniter.php(490): CodeIgniter\CodeIgniter->createController()
 3 SYSTEMPATH\CodeIgniter.php(368): CodeIgniter\CodeIgniter->handleRequest(null, Object(Config\Cache), false)
 4 FCPATH\index.php(67): CodeIgniter\CodeIgniter->run()
 5 SYSTEMPATH\Commands\Server\rewrite.php(47): require_once('FCPATH\\index.php')
INFO - 2023-04-29 23:47:23 --> Session: Class initialized using 'CodeIgniter\Session\Handlers\FileHandler' driver.
WARNING - 2023-04-29 23:47:23 --> [DEPRECATED] Creation of dynamic property App\Controllers\Buku::$ModelBuku is deprecated in APPPATH\Controllers\Buku.php on line 18.
 1 SYSTEMPATH\CodeIgniter.php(906): App\Controllers\Buku->__construct()
 2 SYSTEMPATH\CodeIgniter.php(490): CodeIgniter\CodeIgniter->createController()
 3 SYSTEMPATH\CodeIgniter.php(368): CodeIgniter\CodeIgniter->handleRequest(null, Object(Config\Cache), false)
 4 FCPATH\index.php(67): CodeIgniter\CodeIgniter->run()
 5 SYSTEMPATH\Commands\Server\rewrite.php(47): require_once('FCPATH\\index.php')
WARNING - 2023-04-29 23:47:23 --> [DEPRECATED] Creation of dynamic property App\Controllers\Buku::$ModelKategori is deprecated in APPPATH\Controllers\Buku.php on line 19.
 1 SYSTEMPATH\CodeIgniter.php(906): App\Controllers\Buku->__construct()
 2 SYSTEMPATH\CodeIgniter.php(490): CodeIgniter\CodeIgniter->createController()
 3 SYSTEMPATH\CodeIgniter.php(368): CodeIgniter\CodeIgniter->handleRequest(null, Object(Config\Cache), false)
 4 FCPATH\index.php(67): CodeIgniter\CodeIgniter->run()
 5 SYSTEMPATH\Commands\Server\rewrite.php(47): require_once('FCPATH\\index.php')
WARNING - 2023-04-29 23:47:23 --> [DEPRECATED] Creation of dynamic property App\Controllers\Buku::$ModelRak is deprecated in APPPATH\Controllers\Buku.php on line 20.
 1 SYSTEMPATH\CodeIgniter.php(906): App\Controllers\Buku->__construct()
 2 SYSTEMPATH\CodeIgniter.php(490): CodeIgniter\CodeIgniter->createController()
 3 SYSTEMPATH\CodeIgniter.php(368): CodeIgniter\CodeIgniter->handleRequest(null, Object(Config\Cache), false)
 4 FCPATH\index.php(67): CodeIgniter\CodeIgniter->run()
 5 SYSTEMPATH\Commands\Server\rewrite.php(47): require_once('FCPATH\\index.php')
WARNING - 2023-04-29 23:47:23 --> [DEPRECATED] Creation of dynamic property App\Controllers\Buku::$ModelPenerbit is deprecated in APPPATH\Controllers\Buku.php on line 21.
 1 SYSTEMPATH\CodeIgniter.php(906): App\Controllers\Buku->__construct()
 2 SYSTEMPATH\CodeIgniter.php(490): CodeIgniter\CodeIgniter->createController()
 3 SYSTEMPATH\CodeIgniter.php(368): CodeIgniter\CodeIgniter->handleRequest(null, Object(Config\Cache), false)
 4 FCPATH\index.php(67): CodeIgniter\CodeIgniter->run()
 5 SYSTEMPATH\Commands\Server\rewrite.php(47): require_once('FCPATH\\index.php')
WARNING - 2023-04-29 23:47:23 --> [DEPRECATED] Creation of dynamic property App\Controllers\Buku::$ModelPenulis is deprecated in APPPATH\Controllers\Buku.php on line 22.
 1 SYSTEMPATH\CodeIgniter.php(906): App\Controllers\Buku->__construct()
 2 SYSTEMPATH\CodeIgniter.php(490): CodeIgniter\CodeIgniter->createController()
 3 SYSTEMPATH\CodeIgniter.php(368): CodeIgniter\CodeIgniter->handleRequest(null, Object(Config\Cache), false)
 4 FCPATH\index.php(67): CodeIgniter\CodeIgniter->run()
 5 SYSTEMPATH\Commands\Server\rewrite.php(47): require_once('FCPATH\\index.php')
