WARNING - 2023-03-05 22:21:14 --> [DEPRECATED] Creation of dynamic property App\Controllers\Auth::$ModelAuth is deprecated in APPPATH\Controllers\Auth.php on line 12.
 1 SYSTEMPATH\CodeIgniter.php(906): App\Controllers\Auth->__construct()
 2 SYSTEMPATH\CodeIgniter.php(490): CodeIgniter\CodeIgniter->createController()
 3 SYSTEMPATH\CodeIgniter.php(368): CodeIgniter\CodeIgniter->handleRequest(null, Object(Config\Cache), false)
 4 FCPATH\index.php(67): CodeIgniter\CodeIgniter->run()
 5 SYSTEMPATH\Commands\Server\rewrite.php(47): require_once('FCPATH\\index.php')
WARNING - 2023-03-05 22:21:19 --> [DEPRECATED] Creation of dynamic property App\Controllers\Auth::$ModelAuth is deprecated in APPPATH\Controllers\Auth.php on line 12.
 1 SYSTEMPATH\CodeIgniter.php(906): App\Controllers\Auth->__construct()
 2 SYSTEMPATH\CodeIgniter.php(490): CodeIgniter\CodeIgniter->createController()
 3 SYSTEMPATH\CodeIgniter.php(368): CodeIgniter\CodeIgniter->handleRequest(null, Object(Config\Cache), false)
 4 FCPATH\index.php(67): CodeIgniter\CodeIgniter->run()
 5 SYSTEMPATH\Commands\Server\rewrite.php(47): require_once('FCPATH\\index.php')
INFO - 2023-03-05 22:21:19 --> Session: Class initialized using 'CodeIgniter\Session\Handlers\FileHandler' driver.
WARNING - 2023-03-05 22:21:39 --> [DEPRECATED] Creation of dynamic property App\Controllers\Auth::$ModelAuth is deprecated in APPPATH\Controllers\Auth.php on line 12.
 1 SYSTEMPATH\CodeIgniter.php(906): App\Controllers\Auth->__construct()
 2 SYSTEMPATH\CodeIgniter.php(490): CodeIgniter\CodeIgniter->createController()
 3 SYSTEMPATH\CodeIgniter.php(368): CodeIgniter\CodeIgniter->handleRequest(null, Object(Config\Cache), false)
 4 FCPATH\index.php(67): CodeIgniter\CodeIgniter->run()
 5 SYSTEMPATH\Commands\Server\rewrite.php(47): require_once('FCPATH\\index.php')
INFO - 2023-03-05 22:21:39 --> Session: Class initialized using 'CodeIgniter\Session\Handlers\FileHandler' driver.
WARNING - 2023-03-05 22:21:39 --> [DEPRECATED] Creation of dynamic property App\Controllers\Auth::$ModelAuth is deprecated in APPPATH\Controllers\Auth.php on line 12.
 1 SYSTEMPATH\CodeIgniter.php(906): App\Controllers\Auth->__construct()
 2 SYSTEMPATH\CodeIgniter.php(490): CodeIgniter\CodeIgniter->createController()
 3 SYSTEMPATH\CodeIgniter.php(368): CodeIgniter\CodeIgniter->handleRequest(null, Object(Config\Cache), false)
 4 FCPATH\index.php(67): CodeIgniter\CodeIgniter->run()
 5 SYSTEMPATH\Commands\Server\rewrite.php(47): require_once('FCPATH\\index.php')
INFO - 2023-03-05 22:21:39 --> Session: Class initialized using 'CodeIgniter\Session\Handlers\FileHandler' driver.
WARNING - 2023-03-05 22:37:52 --> [DEPRECATED] Creation of dynamic property App\Controllers\Auth::$ModelAuth is deprecated in APPPATH\Controllers\Auth.php on line 12.
 1 SYSTEMPATH\CodeIgniter.php(906): App\Controllers\Auth->__construct()
 2 SYSTEMPATH\CodeIgniter.php(490): CodeIgniter\CodeIgniter->createController()
 3 SYSTEMPATH\CodeIgniter.php(368): CodeIgniter\CodeIgniter->handleRequest(null, Object(Config\Cache), false)
 4 FCPATH\index.php(67): CodeIgniter\CodeIgniter->run()
 5 SYSTEMPATH\Commands\Server\rewrite.php(47): require_once('FCPATH\\index.php')
INFO - 2023-03-05 22:37:52 --> Session: Class initialized using 'CodeIgniter\Session\Handlers\FileHandler' driver.
WARNING - 2023-03-05 22:38:11 --> [DEPRECATED] Creation of dynamic property App\Controllers\Auth::$ModelAuth is deprecated in APPPATH\Controllers\Auth.php on line 12.
 1 SYSTEMPATH\CodeIgniter.php(906): App\Controllers\Auth->__construct()
 2 SYSTEMPATH\CodeIgniter.php(490): CodeIgniter\CodeIgniter->createController()
 3 SYSTEMPATH\CodeIgniter.php(368): CodeIgniter\CodeIgniter->handleRequest(null, Object(Config\Cache), false)
 4 FCPATH\index.php(67): CodeIgniter\CodeIgniter->run()
 5 SYSTEMPATH\Commands\Server\rewrite.php(47): require_once('FCPATH\\index.php')
INFO - 2023-03-05 22:38:12 --> Session: Class initialized using 'CodeIgniter\Session\Handlers\FileHandler' driver.
WARNING - 2023-03-05 22:38:12 --> [DEPRECATED] Creation of dynamic property App\Controllers\Auth::$ModelAuth is deprecated in APPPATH\Controllers\Auth.php on line 12.
 1 SYSTEMPATH\CodeIgniter.php(906): App\Controllers\Auth->__construct()
 2 SYSTEMPATH\CodeIgniter.php(490): CodeIgniter\CodeIgniter->createController()
 3 SYSTEMPATH\CodeIgniter.php(368): CodeIgniter\CodeIgniter->handleRequest(null, Object(Config\Cache), false)
 4 FCPATH\index.php(67): CodeIgniter\CodeIgniter->run()
 5 SYSTEMPATH\Commands\Server\rewrite.php(47): require_once('FCPATH\\index.php')
INFO - 2023-03-05 22:38:12 --> Session: Class initialized using 'CodeIgniter\Session\Handlers\FileHandler' driver.
WARNING - 2023-03-05 22:54:19 --> [DEPRECATED] Creation of dynamic property App\Controllers\Auth::$ModelAuth is deprecated in APPPATH\Controllers\Auth.php on line 12.
 1 SYSTEMPATH\CodeIgniter.php(906): App\Controllers\Auth->__construct()
 2 SYSTEMPATH\CodeIgniter.php(490): CodeIgniter\CodeIgniter->createController()
 3 SYSTEMPATH\CodeIgniter.php(368): CodeIgniter\CodeIgniter->handleRequest(null, Object(Config\Cache), false)
 4 FCPATH\index.php(67): CodeIgniter\CodeIgniter->run()
 5 SYSTEMPATH\Commands\Server\rewrite.php(47): require_once('FCPATH\\index.php')
INFO - 2023-03-05 22:54:20 --> Session: Class initialized using 'CodeIgniter\Session\Handlers\FileHandler' driver.
WARNING - 2023-03-05 22:54:40 --> [DEPRECATED] Creation of dynamic property App\Controllers\Auth::$ModelAuth is deprecated in APPPATH\Controllers\Auth.php on line 12.
 1 SYSTEMPATH\CodeIgniter.php(906): App\Controllers\Auth->__construct()
 2 SYSTEMPATH\CodeIgniter.php(490): CodeIgniter\CodeIgniter->createController()
 3 SYSTEMPATH\CodeIgniter.php(368): CodeIgniter\CodeIgniter->handleRequest(null, Object(Config\Cache), false)
 4 FCPATH\index.php(67): CodeIgniter\CodeIgniter->run()
 5 SYSTEMPATH\Commands\Server\rewrite.php(47): require_once('FCPATH\\index.php')
INFO - 2023-03-05 22:54:40 --> Session: Class initialized using 'CodeIgniter\Session\Handlers\FileHandler' driver.
WARNING - 2023-03-05 22:54:41 --> [DEPRECATED] Creation of dynamic property App\Controllers\Auth::$ModelAuth is deprecated in APPPATH\Controllers\Auth.php on line 12.
 1 SYSTEMPATH\CodeIgniter.php(906): App\Controllers\Auth->__construct()
 2 SYSTEMPATH\CodeIgniter.php(490): CodeIgniter\CodeIgniter->createController()
 3 SYSTEMPATH\CodeIgniter.php(368): CodeIgniter\CodeIgniter->handleRequest(null, Object(Config\Cache), false)
 4 FCPATH\index.php(67): CodeIgniter\CodeIgniter->run()
 5 SYSTEMPATH\Commands\Server\rewrite.php(47): require_once('FCPATH\\index.php')
INFO - 2023-03-05 22:54:41 --> Session: Class initialized using 'CodeIgniter\Session\Handlers\FileHandler' driver.
CRITICAL - 2023-03-05 22:54:41 --> Undefined variable $erors
in APPPATH\Views\v_login_user.php on line 15.
 1 APPPATH\Views\v_login_user.php(15): CodeIgniter\Debug\Exceptions->errorHandler(2, 'Undefined variable $erors', 'APPPATH\\Views\\v_login_user.php', 15)
 2 SYSTEMPATH\View\View.php(213): include('APPPATH\\Views\\v_login_user.php')
 3 SYSTEMPATH\View\View.php(216): CodeIgniter\View\View->CodeIgniter\View\{closure}()
 4 SYSTEMPATH\Common.php(1177): CodeIgniter\View\View->render('v_login_user', [], true)
 5 APPPATH\Views\v_template_login.php(21): view('v_login_user')
 6 SYSTEMPATH\View\View.php(213): include('APPPATH\\Views\\v_template_login.php')
 7 SYSTEMPATH\View\View.php(216): CodeIgniter\View\View->CodeIgniter\View\{closure}()
 8 SYSTEMPATH\Common.php(1177): CodeIgniter\View\View->render('v_template_login', [], true)
 9 APPPATH\Controllers\Auth.php(28): view('v_template_login', [...])
10 SYSTEMPATH\CodeIgniter.php(934): App\Controllers\Auth->LoginUser()
11 SYSTEMPATH\CodeIgniter.php(499): CodeIgniter\CodeIgniter->runController(Object(App\Controllers\Auth))
12 SYSTEMPATH\CodeIgniter.php(368): CodeIgniter\CodeIgniter->handleRequest(null, Object(Config\Cache), false)
13 FCPATH\index.php(67): CodeIgniter\CodeIgniter->run()
14 SYSTEMPATH\Commands\Server\rewrite.php(47): require_once('FCPATH\\index.php')
WARNING - 2023-03-05 22:56:22 --> [DEPRECATED] Creation of dynamic property App\Controllers\Auth::$ModelAuth is deprecated in APPPATH\Controllers\Auth.php on line 12.
 1 SYSTEMPATH\CodeIgniter.php(906): App\Controllers\Auth->__construct()
 2 SYSTEMPATH\CodeIgniter.php(490): CodeIgniter\CodeIgniter->createController()
 3 SYSTEMPATH\CodeIgniter.php(368): CodeIgniter\CodeIgniter->handleRequest(null, Object(Config\Cache), false)
 4 FCPATH\index.php(67): CodeIgniter\CodeIgniter->run()
 5 SYSTEMPATH\Commands\Server\rewrite.php(47): require_once('FCPATH\\index.php')
INFO - 2023-03-05 22:56:22 --> Session: Class initialized using 'CodeIgniter\Session\Handlers\FileHandler' driver.
WARNING - 2023-03-05 22:56:29 --> [DEPRECATED] Creation of dynamic property App\Controllers\Auth::$ModelAuth is deprecated in APPPATH\Controllers\Auth.php on line 12.
 1 SYSTEMPATH\CodeIgniter.php(906): App\Controllers\Auth->__construct()
 2 SYSTEMPATH\CodeIgniter.php(490): CodeIgniter\CodeIgniter->createController()
 3 SYSTEMPATH\CodeIgniter.php(368): CodeIgniter\CodeIgniter->handleRequest(null, Object(Config\Cache), false)
 4 FCPATH\index.php(67): CodeIgniter\CodeIgniter->run()
 5 SYSTEMPATH\Commands\Server\rewrite.php(47): require_once('FCPATH\\index.php')
INFO - 2023-03-05 22:56:29 --> Session: Class initialized using 'CodeIgniter\Session\Handlers\FileHandler' driver.
WARNING - 2023-03-05 22:56:29 --> [DEPRECATED] Creation of dynamic property App\Controllers\Auth::$ModelAuth is deprecated in APPPATH\Controllers\Auth.php on line 12.
 1 SYSTEMPATH\CodeIgniter.php(906): App\Controllers\Auth->__construct()
 2 SYSTEMPATH\CodeIgniter.php(490): CodeIgniter\CodeIgniter->createController()
 3 SYSTEMPATH\CodeIgniter.php(368): CodeIgniter\CodeIgniter->handleRequest(null, Object(Config\Cache), false)
 4 FCPATH\index.php(67): CodeIgniter\CodeIgniter->run()
 5 SYSTEMPATH\Commands\Server\rewrite.php(47): require_once('FCPATH\\index.php')
INFO - 2023-03-05 22:56:29 --> Session: Class initialized using 'CodeIgniter\Session\Handlers\FileHandler' driver.
CRITICAL - 2023-03-05 22:56:29 --> Undefined variable $erors
in APPPATH\Views\v_login_user.php on line 15.
 1 APPPATH\Views\v_login_user.php(15): CodeIgniter\Debug\Exceptions->errorHandler(2, 'Undefined variable $erors', 'APPPATH\\Views\\v_login_user.php', 15)
 2 SYSTEMPATH\View\View.php(213): include('APPPATH\\Views\\v_login_user.php')
 3 SYSTEMPATH\View\View.php(216): CodeIgniter\View\View->CodeIgniter\View\{closure}()
 4 SYSTEMPATH\Common.php(1177): CodeIgniter\View\View->render('v_login_user', [], true)
 5 APPPATH\Views\v_template_login.php(21): view('v_login_user')
 6 SYSTEMPATH\View\View.php(213): include('APPPATH\\Views\\v_template_login.php')
 7 SYSTEMPATH\View\View.php(216): CodeIgniter\View\View->CodeIgniter\View\{closure}()
 8 SYSTEMPATH\Common.php(1177): CodeIgniter\View\View->render('v_template_login', [], true)
 9 APPPATH\Controllers\Auth.php(28): view('v_template_login', [...])
10 SYSTEMPATH\CodeIgniter.php(934): App\Controllers\Auth->LoginUser()
11 SYSTEMPATH\CodeIgniter.php(499): CodeIgniter\CodeIgniter->runController(Object(App\Controllers\Auth))
12 SYSTEMPATH\CodeIgniter.php(368): CodeIgniter\CodeIgniter->handleRequest(null, Object(Config\Cache), false)
13 FCPATH\index.php(67): CodeIgniter\CodeIgniter->run()
14 SYSTEMPATH\Commands\Server\rewrite.php(47): require_once('FCPATH\\index.php')
WARNING - 2023-03-05 22:57:33 --> [DEPRECATED] Creation of dynamic property App\Controllers\Auth::$ModelAuth is deprecated in APPPATH\Controllers\Auth.php on line 12.
 1 SYSTEMPATH\CodeIgniter.php(906): App\Controllers\Auth->__construct()
 2 SYSTEMPATH\CodeIgniter.php(490): CodeIgniter\CodeIgniter->createController()
 3 SYSTEMPATH\CodeIgniter.php(368): CodeIgniter\CodeIgniter->handleRequest(null, Object(Config\Cache), false)
 4 FCPATH\index.php(67): CodeIgniter\CodeIgniter->run()
 5 SYSTEMPATH\Commands\Server\rewrite.php(47): require_once('FCPATH\\index.php')
INFO - 2023-03-05 22:57:33 --> Session: Class initialized using 'CodeIgniter\Session\Handlers\FileHandler' driver.
WARNING - 2023-03-05 22:59:11 --> [DEPRECATED] Creation of dynamic property App\Controllers\Auth::$ModelAuth is deprecated in APPPATH\Controllers\Auth.php on line 12.
 1 SYSTEMPATH\CodeIgniter.php(906): App\Controllers\Auth->__construct()
 2 SYSTEMPATH\CodeIgniter.php(490): CodeIgniter\CodeIgniter->createController()
 3 SYSTEMPATH\CodeIgniter.php(368): CodeIgniter\CodeIgniter->handleRequest(null, Object(Config\Cache), false)
 4 FCPATH\index.php(67): CodeIgniter\CodeIgniter->run()
 5 SYSTEMPATH\Commands\Server\rewrite.php(47): require_once('FCPATH\\index.php')
INFO - 2023-03-05 22:59:11 --> Session: Class initialized using 'CodeIgniter\Session\Handlers\FileHandler' driver.
WARNING - 2023-03-05 22:59:23 --> [DEPRECATED] Creation of dynamic property App\Controllers\Auth::$ModelAuth is deprecated in APPPATH\Controllers\Auth.php on line 12.
 1 SYSTEMPATH\CodeIgniter.php(906): App\Controllers\Auth->__construct()
 2 SYSTEMPATH\CodeIgniter.php(490): CodeIgniter\CodeIgniter->createController()
 3 SYSTEMPATH\CodeIgniter.php(368): CodeIgniter\CodeIgniter->handleRequest(null, Object(Config\Cache), false)
 4 FCPATH\index.php(67): CodeIgniter\CodeIgniter->run()
 5 SYSTEMPATH\Commands\Server\rewrite.php(47): require_once('FCPATH\\index.php')
INFO - 2023-03-05 22:59:24 --> Session: Class initialized using 'CodeIgniter\Session\Handlers\FileHandler' driver.
WARNING - 2023-03-05 22:59:24 --> [DEPRECATED] Creation of dynamic property App\Controllers\Auth::$ModelAuth is deprecated in APPPATH\Controllers\Auth.php on line 12.
 1 SYSTEMPATH\CodeIgniter.php(906): App\Controllers\Auth->__construct()
 2 SYSTEMPATH\CodeIgniter.php(490): CodeIgniter\CodeIgniter->createController()
 3 SYSTEMPATH\CodeIgniter.php(368): CodeIgniter\CodeIgniter->handleRequest(null, Object(Config\Cache), false)
 4 FCPATH\index.php(67): CodeIgniter\CodeIgniter->run()
 5 SYSTEMPATH\Commands\Server\rewrite.php(47): require_once('FCPATH\\index.php')
INFO - 2023-03-05 22:59:24 --> Session: Class initialized using 'CodeIgniter\Session\Handlers\FileHandler' driver.
CRITICAL - 2023-03-05 22:59:24 --> Undefined variable $erors
in APPPATH\Views\v_login_user.php on line 15.
 1 APPPATH\Views\v_login_user.php(15): CodeIgniter\Debug\Exceptions->errorHandler(2, 'Undefined variable $erors', 'APPPATH\\Views\\v_login_user.php', 15)
 2 SYSTEMPATH\View\View.php(213): include('APPPATH\\Views\\v_login_user.php')
 3 SYSTEMPATH\View\View.php(216): CodeIgniter\View\View->CodeIgniter\View\{closure}()
 4 SYSTEMPATH\Common.php(1177): CodeIgniter\View\View->render('v_login_user', [], true)
 5 APPPATH\Views\v_template_login.php(21): view('v_login_user')
 6 SYSTEMPATH\View\View.php(213): include('APPPATH\\Views\\v_template_login.php')
 7 SYSTEMPATH\View\View.php(216): CodeIgniter\View\View->CodeIgniter\View\{closure}()
 8 SYSTEMPATH\Common.php(1177): CodeIgniter\View\View->render('v_template_login', [], true)
 9 APPPATH\Controllers\Auth.php(28): view('v_template_login', [...])
10 SYSTEMPATH\CodeIgniter.php(934): App\Controllers\Auth->LoginUser()
11 SYSTEMPATH\CodeIgniter.php(499): CodeIgniter\CodeIgniter->runController(Object(App\Controllers\Auth))
12 SYSTEMPATH\CodeIgniter.php(368): CodeIgniter\CodeIgniter->handleRequest(null, Object(Config\Cache), false)
13 FCPATH\index.php(67): CodeIgniter\CodeIgniter->run()
14 SYSTEMPATH\Commands\Server\rewrite.php(47): require_once('FCPATH\\index.php')
WARNING - 2023-03-05 22:59:30 --> [DEPRECATED] Creation of dynamic property App\Controllers\Auth::$ModelAuth is deprecated in APPPATH\Controllers\Auth.php on line 12.
 1 SYSTEMPATH\CodeIgniter.php(906): App\Controllers\Auth->__construct()
 2 SYSTEMPATH\CodeIgniter.php(490): CodeIgniter\CodeIgniter->createController()
 3 SYSTEMPATH\CodeIgniter.php(368): CodeIgniter\CodeIgniter->handleRequest(null, Object(Config\Cache), false)
 4 FCPATH\index.php(67): CodeIgniter\CodeIgniter->run()
 5 SYSTEMPATH\Commands\Server\rewrite.php(47): require_once('FCPATH\\index.php')
INFO - 2023-03-05 22:59:30 --> Session: Class initialized using 'CodeIgniter\Session\Handlers\FileHandler' driver.
WARNING - 2023-03-05 23:15:37 --> [DEPRECATED] Creation of dynamic property App\Controllers\Auth::$ModelAuth is deprecated in APPPATH\Controllers\Auth.php on line 12.
 1 SYSTEMPATH\CodeIgniter.php(906): App\Controllers\Auth->__construct()
 2 SYSTEMPATH\CodeIgniter.php(490): CodeIgniter\CodeIgniter->createController()
 3 SYSTEMPATH\CodeIgniter.php(368): CodeIgniter\CodeIgniter->handleRequest(null, Object(Config\Cache), false)
 4 FCPATH\index.php(67): CodeIgniter\CodeIgniter->run()
 5 SYSTEMPATH\Commands\Server\rewrite.php(47): require_once('FCPATH\\index.php')
INFO - 2023-03-05 23:15:37 --> Session: Class initialized using 'CodeIgniter\Session\Handlers\FileHandler' driver.
WARNING - 2023-03-05 23:15:38 --> [DEPRECATED] Creation of dynamic property App\Controllers\Auth::$ModelAuth is deprecated in APPPATH\Controllers\Auth.php on line 12.
 1 SYSTEMPATH\CodeIgniter.php(906): App\Controllers\Auth->__construct()
 2 SYSTEMPATH\CodeIgniter.php(490): CodeIgniter\CodeIgniter->createController()
 3 SYSTEMPATH\CodeIgniter.php(368): CodeIgniter\CodeIgniter->handleRequest(null, Object(Config\Cache), false)
 4 FCPATH\index.php(67): CodeIgniter\CodeIgniter->run()
 5 SYSTEMPATH\Commands\Server\rewrite.php(47): require_once('FCPATH\\index.php')
INFO - 2023-03-05 23:15:38 --> Session: Class initialized using 'CodeIgniter\Session\Handlers\FileHandler' driver.
CRITICAL - 2023-03-05 23:15:38 --> Undefined variable $erors
in APPPATH\Views\v_login_user.php on line 15.
 1 APPPATH\Views\v_login_user.php(15): CodeIgniter\Debug\Exceptions->errorHandler(2, 'Undefined variable $erors', 'APPPATH\\Views\\v_login_user.php', 15)
 2 SYSTEMPATH\View\View.php(213): include('APPPATH\\Views\\v_login_user.php')
 3 SYSTEMPATH\View\View.php(216): CodeIgniter\View\View->CodeIgniter\View\{closure}()
 4 SYSTEMPATH\Common.php(1177): CodeIgniter\View\View->render('v_login_user', [], true)
 5 APPPATH\Views\v_template_login.php(21): view('v_login_user')
 6 SYSTEMPATH\View\View.php(213): include('APPPATH\\Views\\v_template_login.php')
 7 SYSTEMPATH\View\View.php(216): CodeIgniter\View\View->CodeIgniter\View\{closure}()
 8 SYSTEMPATH\Common.php(1177): CodeIgniter\View\View->render('v_template_login', [], true)
 9 APPPATH\Controllers\Auth.php(28): view('v_template_login', [...])
10 SYSTEMPATH\CodeIgniter.php(934): App\Controllers\Auth->LoginUser()
11 SYSTEMPATH\CodeIgniter.php(499): CodeIgniter\CodeIgniter->runController(Object(App\Controllers\Auth))
12 SYSTEMPATH\CodeIgniter.php(368): CodeIgniter\CodeIgniter->handleRequest(null, Object(Config\Cache), false)
13 FCPATH\index.php(67): CodeIgniter\CodeIgniter->run()
14 SYSTEMPATH\Commands\Server\rewrite.php(47): require_once('FCPATH\\index.php')
